

******** <class 'pyscf.scf.hf.RHF'> ********
method = RHF
initial guess = minao
damping factor = 0
level_shift factor = 0
DIIS = <class 'pyscf.scf.diis.CDIIS'>
diis_start_cycle = 1
diis_space = 8
SCF conv_tol = 1e-09
SCF conv_tol_grad = None
SCF max_cycles = 1
direct_scf = True
direct_scf_tol = 1e-13
chkfile to save SCF result = /share/home/srwang/automr_inputlibrary/suhf_vs_gvb/tmpake3xt0i
max_memory 10000 MB (current use 69 MB)
Set gradient conv threshold to 3.16228e-05
init E= -2085.21894527795
  HOMO = -0.249543567129139  LUMO = -0.203939769809158
cycle= 1 E= -2085.57201153054  delta_E= -0.353  |g|= 0.709  |ddm|= 2.54
SCF not converged.
SCF energy = -2085.57201153054

Orthonormality check: j=  50 i=  12 maxv= 1.21579408E-06

******** <class 'pyscf.mcscf.mc1step.CASSCF'> ********
CAS (6e+6e, 12o), ncore = 18, nvir = 36
max_cycle_macro = 200
max_cycle_micro = 4
conv_tol = 1e-07
conv_tol_grad = None
orbital rotation max_stepsize = 0.02
augmented hessian ah_max_cycle = 30
augmented hessian ah_conv_tol = 1e-12
augmented hessian ah_linear dependence = 1e-14
augmented hessian ah_level shift = 0
augmented hessian ah_start_tol = 2.5
augmented hessian ah_start_cycle = 3
augmented hessian ah_grad_trust_region = 3
kf_trust_region = 3
kf_interval = 4
ci_response_space = 4
ci_grad_trust_region = 3
with_dep4 0
natorb = True
canonicalization = True
sorting_mo_energy = False
ao2mo_level = 2
chkfile = /share/home/srwang/automr_inputlibrary/suhf_vs_gvb/tmpake3xt0i
max_memory 5000 MB (current use 114 MB)
internal_rotation = False
******** <class 'pyscf.fci.direct_spin1.FCISolver'> ********
max. cycles = 300
conv_tol = 1e-08
davidson only = True
linear dependence = 1e-10
level shift = 0.2
max iter space = 100
max_memory 5000 MB
nroots = 1
pspace_size = 1200
spin = 0
Start 1-step CASSCF
Start CASCI
    CPU time for integral transformation to CAS space      0.00 sec, wall time      0.00 sec
core energy = -2056.94604734821
    CPU time for effective h1e in CAS space      0.00 sec, wall time      0.00 sec
davidson 0 1  |r|= 0.797  e= [-28.4043336]  max|de|= -28.4  lindep=    1
davidson 1 2  |r|= 0.603  e= [-28.70629726]  max|de|= -0.302  lindep= 0.995
davidson 2 3  |r|= 0.581  e= [-28.74273516]  max|de|= -0.0364  lindep= 0.883
davidson 3 4  |r|= 0.565  e= [-28.76971754]  max|de|= -0.027  lindep= 0.467
davidson 4 5  |r|= 0.545  e= [-28.8208555]  max|de|= -0.0511  lindep= 0.877
davidson 5 6  |r|= 0.484  e= [-28.89360998]  max|de|= -0.0728  lindep= 0.975
davidson 6 7  |r|= 0.478  e= [-28.92162906]  max|de|= -0.028  lindep= 0.916
davidson 7 8  |r|= 0.479  e= [-28.92242622]  max|de|= -0.000797  lindep= 0.395
davidson 8 9  |r|= 0.478  e= [-28.92323623]  max|de|= -0.00081  lindep= 0.274
davidson 9 10  |r|= 0.428  e= [-28.97390249]  max|de|= -0.0507  lindep= 0.937
davidson 10 11  |r|= 0.423  e= [-28.97893733]  max|de|= -0.00503  lindep= 0.998
davidson 11 12  |r|= 0.423  e= [-28.97893777]  max|de|= -4.38e-07  lindep= 0.00805
davidson 12 13  |r|= 0.403  e= [-28.98727191]  max|de|= -0.00833  lindep= 0.944
davidson 13 14  |r|= 0.407  e= [-28.98746366]  max|de|= -0.000192  lindep= 0.11
davidson 14 15  |r|= 0.419  e= [-28.99730476]  max|de|= -0.00984  lindep= 0.259
davidson 15 16  |r|= 0.42  e= [-28.99735398]  max|de|= -4.92e-05  lindep= 0.0421
davidson 16 17  |r|= 0.407  e= [-29.00242841]  max|de|= -0.00507  lindep= 0.285
davidson 17 18  |r|= 0.413  e= [-29.05624576]  max|de|= -0.0538  lindep= 0.805
davidson 18 19  |r|= 0.41  e= [-29.15921325]  max|de|= -0.103  lindep= 0.951
davidson 19 20  |r|= 0.352  e= [-29.24444181]  max|de|= -0.0852  lindep= 0.988
davidson 20 21  |r|= 0.302  e= [-29.29474869]  max|de|= -0.0503  lindep= 0.977
davidson 21 22  |r|= 0.297  e= [-29.33640884]  max|de|= -0.0417  lindep= 0.995
davidson 22 23  |r|= 0.321  e= [-29.38140051]  max|de|= -0.045  lindep= 0.995
davidson 23 24  |r|= 0.33  e= [-29.43773383]  max|de|= -0.0563  lindep= 0.987
davidson 24 25  |r|= 0.307  e= [-29.50191492]  max|de|= -0.0642  lindep= 0.997
davidson 25 26  |r|= 0.247  e= [-29.54406257]  max|de|= -0.0421  lindep= 0.993
davidson 26 27  |r|= 0.218  e= [-29.57856939]  max|de|= -0.0345  lindep= 0.996
davidson 27 28  |r|= 0.217  e= [-29.6060094]  max|de|= -0.0274  lindep= 0.995
davidson 28 29  |r|= 0.184  e= [-29.62924109]  max|de|= -0.0232  lindep= 0.996
davidson 29 30  |r|= 0.147  e= [-29.64712304]  max|de|= -0.0179  lindep= 0.996
davidson 30 31  |r|= 0.121  e= [-29.657211]  max|de|= -0.0101  lindep= 0.997
davidson 31 32  |r|= 0.0876  e= [-29.66381716]  max|de|= -0.00661  lindep= 0.996
davidson 32 33  |r|= 0.065  e= [-29.66753746]  max|de|= -0.00372  lindep= 0.997
davidson 33 34  |r|= 0.0506  e= [-29.66937824]  max|de|= -0.00184  lindep= 0.997
davidson 34 35  |r|= 0.0426  e= [-29.67052935]  max|de|= -0.00115  lindep= 0.998
davidson 35 36  |r|= 0.0326  e= [-29.67125677]  max|de|= -0.000727  lindep= 0.998
davidson 36 37  |r|= 0.0281  e= [-29.67159273]  max|de|= -0.000336  lindep= 0.987
davidson 37 38  |r|= 0.0195  e= [-29.67179782]  max|de|= -0.000205  lindep= 0.985
davidson 38 39  |r|= 0.0132  e= [-29.67195756]  max|de|= -0.00016  lindep= 0.995
davidson 39 40  |r|= 0.00946  e= [-29.67203293]  max|de|= -7.54e-05  lindep= 0.996
davidson 40 41  |r|= 0.00729  e= [-29.67206911]  max|de|= -3.62e-05  lindep= 0.996
davidson 41 42  |r|= 0.00529  e= [-29.67209104]  max|de|= -2.19e-05  lindep= 0.997
davidson 42 43  |r|= 0.00378  e= [-29.6721044]  max|de|= -1.34e-05  lindep= 0.996
davidson 43 44  |r|= 0.00334  e= [-29.67211165]  max|de|= -7.26e-06  lindep= 0.997
davidson 44 45  |r|= 0.0029  e= [-29.67211661]  max|de|= -4.95e-06  lindep= 0.997
davidson 45 46  |r|= 0.00251  e= [-29.67212082]  max|de|= -4.21e-06  lindep= 0.996
davidson 46 47  |r|= 0.0022  e= [-29.67212391]  max|de|= -3.09e-06  lindep= 0.996
davidson 47 48  |r|= 0.00188  e= [-29.67212646]  max|de|= -2.55e-06  lindep= 0.997
davidson 48 49  |r|= 0.00149  e= [-29.67212807]  max|de|= -1.61e-06  lindep= 0.997
davidson 49 50  |r|= 0.00121  e= [-29.67212902]  max|de|= -9.45e-07  lindep= 0.997
davidson 50 51  |r|= 0.000994  e= [-29.67212956]  max|de|= -5.47e-07  lindep= 0.996
davidson 51 52  |r|= 0.000824  e= [-29.67212986]  max|de|= -3.01e-07  lindep= 0.987
davidson 52 53  |r|= 0.000625  e= [-29.67213008]  max|de|= -2.19e-07  lindep= 0.99
davidson 53 54  |r|= 0.000569  e= [-29.67213024]  max|de|= -1.56e-07  lindep= 0.997
davidson 54 55  |r|= 0.000473  e= [-29.67213034]  max|de|= -9.91e-08  lindep= 0.988
davidson 55 56  |r|= 0.00037  e= [-29.67213042]  max|de|= -8.5e-08  lindep= 0.991
davidson 56 57  |r|= 0.000308  e= [-29.67213048]  max|de|= -5.93e-08  lindep= 0.991
davidson 57 58  |r|= 0.000264  e= [-29.67213052]  max|de|= -3.67e-08  lindep= 0.992
davidson 58 59  |r|= 0.000185  e= [-29.67213054]  max|de|= -2.46e-08  lindep= 0.995
davidson 59 60  |r|= 0.000148  e= [-29.67213056]  max|de|= -1.5e-08  lindep= 0.997
davidson 60 61  |r|= 0.000114  e= [-29.67213057]  max|de|= -8.51e-09  lindep= 0.993
root 0 converged  |r|= 8.61e-05  e= -29.672130573010385  max|de|= -5.3e-09
converged 61 62  |r|= 8.61e-05  e= [-29.67213057]  max|de|= -5.3e-09
    CPU time for FCI solver    180.17 sec, wall time     29.65 sec
CAS space CI energy = -29.6721305730102
CASCI E = -2086.61817792122  S^2 = 0.0000000
Set conv_tol_grad to 0.000316228
    CPU time for Initializing 1-step CASSCF    181.11 sec, wall time     29.79 sec
    CPU time for CAS DM      0.96 sec, wall time      0.12 sec
    |g|=0.0688
    CPU time for gen h_op      0.24 sec, wall time      0.03 sec
    imic 1(3)  |g[o]|=0.0483  |dxi|=0.0301  max(|x|)=0.0668  |dr|=0.0301  eig=-0.00382  seig=0.00351
    imic 2(4)  |g[o]|=0.0312  |dxi|=0.0274  max(|x|)=0.0561  |dr|=0.0573  eig=-0.00195  seig=0.00346
    imic 3(5)  |g[o]|=0.0156  |dxi|=0.0267  max(|x|)=0.0399  |dr|=0.0837  eig=-0.000831  seig=0.00341
    CPU time for aug_hess in 3 inner iters      0.27 sec, wall time      0.03 sec
    CPU time for orbital rotation      0.51 sec, wall time      0.06 sec
    CPU time for update CAS DM      6.99 sec, wall time      0.87 sec
micro 1  |u-1|=0.118  |g[o]|=0.0688  |g[c]|=0.00822  |ddm|=0.0232
    CPU time for micro iter 1      0.00 sec, wall time      0.00 sec
    |g|=0.0185 (keyframe), |g-correction|=0.00409
    CPU time for gen h_op      1.13 sec, wall time      0.14 sec
    imic 4(6)  |g[o]|=0.00457  |dxi|=0.0264  max(|x|)=0.0243  |dr|=0.0264  eig=-0.000297  seig=0.00337
    CPU time for aug_hess in 4 inner iters      0.06 sec, wall time      0.01 sec
    CPU time for orbital rotation      1.19 sec, wall time      0.15 sec
    CPU time for update CAS DM      7.00 sec, wall time      0.87 sec
micro 2  |u-1|=0.155  |g[o]|=0.0185  |g[c]|=0.00654  |ddm|=0.0304
    CPU time for micro iter 2      0.00 sec, wall time      0.00 sec
    |g|=0.00581 (keyframe), |g-correction|=0.00145
    CPU time for gen h_op      1.13 sec, wall time      0.14 sec
    imic 5(7)  |g[o]|=0.00188  |dxi|=0.0104  max(|x|)=0.0073  |dr|=0.0104  eig=-3.14e-05  seig=0.00337
    CPU time for aug_hess in 5 inner iters      0.06 sec, wall time      0.01 sec
    CPU time for orbital rotation      1.19 sec, wall time      0.15 sec
    CPU time for update CAS DM      6.95 sec, wall time      0.87 sec
micro 3  |u-1|=0.168  |g[o]|=0.00581  |g[c]|=0.00727  |ddm|=0.0367
    CPU time for micro iter 3      0.00 sec, wall time      0.00 sec
    |g|=0.00219 (keyframe), |g-correction|=0.00108
    CPU time for gen h_op      1.13 sec, wall time      0.14 sec
    imic 6(8)  |g[o]|=0.00063  |dxi|=0.00353  max(|x|)=0.00129  |dr|=0.00353  eig=-3.62e-06  seig=0.00329
    CPU time for aug_hess in 6 inner iters      0.06 sec, wall time      0.01 sec
    CPU time for orbital rotation      1.19 sec, wall time      0.15 sec
micro 4  |u-1|=0.171  |g[o]|=0.00219
Active space overlap to initial guess, SVD = [0.99999281 0.99999281 0.99998006 0.99998006 0.99996939 0.99996937
 0.99996766 0.99981994 0.99953494 0.99937754 0.99937727 0.99477718]
Active space overlap to last step, SVD = [0.9999928  0.9999928  0.99998007 0.99998007 0.99996936 0.99996935
 0.99996765 0.99981994 0.99953497 0.99937756 0.99937729 0.99477705]
    CPU time for update eri      0.49 sec, wall time      0.06 sec
Start CASCI
    CPU time for integral transformation to CAS space      0.00 sec, wall time      0.00 sec
core energy = -2056.89939018757
    CPU time for effective h1e in CAS space      0.00 sec, wall time      0.00 sec
davidson 0 1  |r|= 0.00455  e= [-29.72293539]  max|de|= -29.7  lindep=    1
davidson 1 2  |r|= 0.00332  e= [-29.72293903]  max|de|= -3.65e-06  lindep= 0.991
davidson 2 3  |r|= 0.00244  e= [-29.72294268]  max|de|= -3.65e-06  lindep= 0.997
davidson 3 4  |r|= 0.00367  e= [-29.72294604]  max|de|= -3.35e-06  lindep= 0.999
davidson 4 5  |r|= 0.00297  e= [-29.72294936]  max|de|= -3.32e-06  lindep= 0.997
davidson 5 6  |r|= 0.00197  e= [-29.72295168]  max|de|= -2.32e-06  lindep= 0.998
davidson 6 7  |r|= 0.00102  e= [-29.72295292]  max|de|= -1.24e-06  lindep= 0.996
davidson 7 8  |r|= 0.000628  e= [-29.72295318]  max|de|= -2.56e-07  lindep= 0.991
davidson 8 9  |r|= 0.000491  e= [-29.7229533]  max|de|= -1.2e-07  lindep= 0.994
davidson 9 10  |r|= 0.000468  e= [-29.72295338]  max|de|= -8.7e-08  lindep= 0.996
davidson 10 11  |r|= 0.000379  e= [-29.72295345]  max|de|= -6.51e-08  lindep= 0.993
davidson 11 12  |r|= 0.000291  e= [-29.72295349]  max|de|= -4.62e-08  lindep= 0.988
davidson 12 13  |r|= 0.000209  e= [-29.72295352]  max|de|= -2.28e-08  lindep= 0.986
davidson 13 14  |r|= 0.000148  e= [-29.72295353]  max|de|= -1.38e-08  lindep= 0.992
davidson 14 15  |r|= 0.000131  e= [-29.72295354]  max|de|= -8.12e-09  lindep= 0.986
davidson 15 16  |r|= 0.000104  e= [-29.72295355]  max|de|= -6.21e-09  lindep= 0.99
root 0 converged  |r|= 8.95e-05  e= -29.72295354958039  max|de|= -3.94e-09
converged 16 17  |r|= 8.95e-05  e= [-29.72295355]  max|de|= -3.94e-09
    CPU time for FCI solver     46.19 sec, wall time      6.24 sec
CAS space CI energy = -29.7229535495803
macro iter 1 (11 JK  4 micro), CASSCF E = -2086.62234373715  dE = -0.0041658159  S^2 = 0.0000000
               |grad[o]|=0.0688  |grad[c]|= 0.007269870636987734  |ddm|=0.0367
    CPU time for CASCI solver     47.72 sec, wall time      6.44 sec
    CPU time for macro iter 1     74.22 sec, wall time      9.75 sec
    |g|=0.0021
    CPU time for gen h_op      0.23 sec, wall time      0.03 sec
    imic 1(3)  |g[o]|=0.000517  |dxi|=0.0037  max(|x|)=0.00193  |dr|=0.0037  eig=-4.55e-06  seig=1.2e-05
    CPU time for aug_hess in 1 inner iters      0.17 sec, wall time      0.02 sec
    CPU time for orbital rotation      0.44 sec, wall time      0.06 sec
    CPU time for update CAS DM      6.96 sec, wall time      0.87 sec
micro 1  |u-1|=0.00524  |g[o]|=0.0021  |g[c]|=0.0004  |ddm|=0.00143
    CPU time for micro iter 1      0.00 sec, wall time      0.00 sec
    |g|=0.000587 (keyframe), |g-correction|=0.000239
    CPU time for gen h_op      1.13 sec, wall time      0.14 sec
    imic 2(4)  |g[o]|=0.000302  |dxi|=0.000518  max(|x|)=0.00025  |dr|=0.000518  eig=-1.55e-07  seig=9.79e-06
    imic 3(5)  |g[o]|=8.68e-05  |dxi|=0.000242  max(|x|)=7.61e-05  |dr|=0.000563  eig=-4.91e-08  seig=9.7e-06
    CPU time for aug_hess in 3 inner iters      0.11 sec, wall time      0.01 sec
    CPU time for orbital rotation      1.24 sec, wall time      0.15 sec
    CPU time for update CAS DM      6.94 sec, wall time      0.87 sec
micro 2  |u-1|=0.0056  |g[o]|=0.000587  |g[c]|=0.000353  |ddm|=0.00166
    CPU time for micro iter 2      0.00 sec, wall time      0.00 sec
    |g|=0.000105 (keyframe), |g-correction|=4.01e-05
    CPU time for gen h_op      1.16 sec, wall time      0.14 sec
    imic 4(6)  |g[o]|=7.11e-05  |dxi|=0.000186  max(|x|)=0.000116  |dr|=0.000186  eig=-1.11e-08  seig=9.53e-06
    imic 5(7)  |g[o]|=2.09e-05  |dxi|=7.49e-05  max(|x|)=5.05e-05  |dr|=0.00021  eig=-2.39e-09  seig=9.48e-06
    CPU time for orbital rotation      1.31 sec, wall time      0.16 sec
    CPU time for update CAS DM      6.97 sec, wall time      0.87 sec
micro 3  |u-1|=0.00563  |g[o]|=0.000105  |g[c]|=0.000359  |ddm|=0.00189
    CPU time for micro iter 3      0.00 sec, wall time      0.00 sec
Active space overlap to initial guess, SVD = [0.99999385 0.99999385 0.99998183 0.99998182 0.9999767  0.99997669
 0.99996691 0.99984436 0.99956383 0.99935809 0.99935808 0.99456702]
Active space overlap to last step, SVD = [0.99999995 0.99999995 0.99999994 0.99999992 0.99999992 0.99999991
 0.99999983 0.99999983 0.99999895 0.99999895 0.99999772 0.99999721]
    CPU time for update eri      0.48 sec, wall time      0.06 sec
Start CASCI
    CPU time for integral transformation to CAS space      0.00 sec, wall time      0.00 sec
core energy = -2056.90064997099
    CPU time for effective h1e in CAS space      0.00 sec, wall time      0.00 sec
davidson 0 1  |r|= 0.000212  e= [-29.72169895]  max|de|= -29.7  lindep=    1
davidson 1 2  |r|= 0.00012  e= [-29.72169896]  max|de|= -6.66e-09  lindep= 0.998
davidson 2 3  |r|= 0.000143  e= [-29.72169896]  max|de|= -5.69e-09  lindep= 0.996
davidson 3 4  |r|= 0.000192  e= [-29.72169897]  max|de|= -9.37e-09  lindep= 0.997
davidson 4 5  |r|= 0.000141  e= [-29.72169899]  max|de|= -1.33e-08  lindep= 0.989
root 0 converged  |r|= 9.11e-05  e= -29.721698992766484  max|de|= -5.77e-09
converged 5 6  |r|= 9.11e-05  e= [-29.72169899]  max|de|= -5.77e-09
    CPU time for FCI solver     15.92 sec, wall time      2.35 sec
CAS space CI energy = -29.7216989927665
macro iter 2 (9 JK  3 micro), CASSCF E = -2086.62234896376  dE = -5.2266109e-06  S^2 = 0.0000000
               |grad[o]|=0.0021  |grad[c]|= 0.00035934926494518294  |ddm|=0.00189
    CPU time for CASCI solver     17.45 sec, wall time      2.54 sec
    CPU time for macro iter 2     41.80 sec, wall time      5.59 sec
    |g|=9.74e-05
    CPU time for gen h_op      0.24 sec, wall time      0.03 sec
    imic 1(3)  |g[o]|=2.74e-05  |dxi|=0.000291  max(|x|)=0.000243  |dr|=0.000291  eig=-1.25e-08  seig=3.75e-09
    CPU time for orbital rotation      0.46 sec, wall time      0.06 sec
    CPU time for update CAS DM      7.00 sec, wall time      0.87 sec
micro 1  |u-1|=0.000412  |g[o]|=9.74e-05  |g[c]|=9.67e-05  |ddm|=5.83e-05
    CPU time for micro iter 1      0.00 sec, wall time      0.00 sec
Active space overlap to initial guess, SVD = [0.99999386 0.99999386 0.99998179 0.99998179 0.99997691 0.99997691
 0.99996689 0.99984437 0.99956443 0.99935651 0.99935649 0.99453949]
Active space overlap to last step, SVD = [1.         1.         1.         1.         1.         1.
 1.         1.         1.         1.         1.         0.99999996]
    CPU time for update eri      0.51 sec, wall time      0.06 sec
Start CASCI
    CPU time for integral transformation to CAS space      0.00 sec, wall time      0.00 sec
core energy = -2056.90058584013
    CPU time for effective h1e in CAS space      0.00 sec, wall time      0.00 sec
davidson 0 1  |r|= 5.53e-05  e= [-29.72176314]  max|de|= -29.7  lindep=    1
root 0 converged  |r|= 4.07e-05  e= -29.721763141172396  max|de|= -5.2e-10
converged 1 2  |r|= 4.07e-05  e= [-29.72176314]  max|de|= -5.2e-10
    CPU time for FCI solver      5.92 sec, wall time      1.11 sec
CAS space CI energy = -29.7217631411722
macro iter 3 (3 JK  1 micro), CASSCF E = -2086.6223489813  dE = -1.7544608e-08  S^2 = 0.0000000
               |grad[o]|=9.74e-05  |grad[c]|= 9.672297477799193e-05  |ddm|=5.83e-05
    CPU time for CASCI solver      7.46 sec, wall time      1.30 sec
    CPU time for macro iter 3     15.43 sec, wall time      2.30 sec
1-step CASSCF converged in 3 macro (23 JK 8 micro) steps
CASSCF canonicalization
where_natorb [0, 1, 2, 3, 5, 4, 7, 6, 8, 9, 10, 11]
Natural occ [1.83012709 1.49041136 1.49041134 1.45421813 1.16516496 1.16516492
 0.83476908 0.83476905 0.54511985 0.50970241 0.50970239 0.17043944]
Natural orbital (expansion on AOs) in CAS space
               #1        #2        #3        #4        #5       
0 Cr1 1s      -0.02033  -0.00000  -0.00000  -0.00348   0.00000
0 Cr1 2s       0.07100   0.00000  -0.00000   0.00924   0.00000
0 Cr1 3s      -0.15567  -0.00000  -0.00000  -0.03161   0.00000
0 Cr1 4s      -0.21386   0.00000   0.00000  -0.00610  -0.00000
0 Cr1 5s       0.33398  -0.00000  -0.00000  -0.01441   0.00000
0 Cr1 6s       0.29984  -0.00000  -0.00000  -0.05183  -0.00000
0 Cr1 2px      0.00000  -0.00320  -0.02153   0.00000  -0.00000
0 Cr1 2py      0.00000  -0.02153   0.00320   0.00000   0.00000
0 Cr1 2pz      0.01271   0.00000   0.00000   0.02013   0.00000
0 Cr1 3px     -0.00000   0.00905   0.06096  -0.00000   0.00000
0 Cr1 3py     -0.00000   0.06096  -0.00905  -0.00000  -0.00000
0 Cr1 3pz     -0.03483  -0.00000   0.00000  -0.05735  -0.00000
0 Cr1 4px      0.00000   0.00147   0.00989  -0.00000  -0.00000
0 Cr1 4py      0.00000   0.00989  -0.00147  -0.00000  -0.00000
0 Cr1 4pz     -0.01449  -0.00000  -0.00000  -0.00070   0.00000
0 Cr1 5px      0.00000  -0.00697  -0.04697  -0.00000  -0.00000
0 Cr1 5py      0.00000  -0.04697   0.00697  -0.00000   0.00000
0 Cr1 5pz     -0.00209   0.00000   0.00000  -0.03034  -0.00000
0 Cr1 3dxy     0.00000  -0.00000   0.00000  -0.00000  -0.13486
0 Cr1 3dyz     0.00000  -0.39106   0.05806   0.00000  -0.00000
0 Cr1 3dz^2    0.05060   0.00000   0.00000   0.41819   0.00000
0 Cr1 3dxz    -0.00000  -0.05806  -0.39106   0.00000   0.00000
0 Cr1 3dx2-y2  -0.00000  -0.00000  -0.00000   0.00000   0.40638
0 Cr1 4dxy     0.00000  -0.00000   0.00000  -0.00000  -0.08945
0 Cr1 4dyz     0.00000  -0.27705   0.04113   0.00000  -0.00000
0 Cr1 4dz^2    0.03231   0.00000   0.00000   0.29252  -0.00000
0 Cr1 4dxz    -0.00000  -0.04113  -0.27705   0.00000   0.00000
0 Cr1 4dx2-y2  -0.00000  -0.00000  -0.00000   0.00000   0.26956
0 Cr1 5dxy     0.00000   0.00000   0.00000  -0.00000  -0.05254
0 Cr1 5dyz    -0.00000  -0.16076   0.02387   0.00000  -0.00000
0 Cr1 5dz^2    0.01997   0.00000   0.00000   0.14500   0.00000
0 Cr1 5dxz    -0.00000  -0.02387  -0.16076   0.00000   0.00000
0 Cr1 5dx2-y2   0.00000  -0.00000   0.00000  -0.00000   0.15832
1 Cr2 1s      -0.02033  -0.00000  -0.00000  -0.00348   0.00000
1 Cr2 2s       0.07100  -0.00000  -0.00000   0.00924   0.00000
1 Cr2 3s      -0.15567  -0.00000  -0.00000  -0.03161   0.00000
1 Cr2 4s      -0.21386   0.00000   0.00000  -0.00610  -0.00000
1 Cr2 5s       0.33398  -0.00000  -0.00000  -0.01441   0.00000
1 Cr2 6s       0.29984   0.00000   0.00000  -0.05183  -0.00000
1 Cr2 2px      0.00000  -0.00320  -0.02153   0.00000  -0.00000
1 Cr2 2py      0.00000  -0.02153   0.00320   0.00000   0.00000
1 Cr2 2pz     -0.01271   0.00000   0.00000  -0.02013  -0.00000
1 Cr2 3px     -0.00000   0.00905   0.06096  -0.00000   0.00000
1 Cr2 3py     -0.00000   0.06096  -0.00905  -0.00000  -0.00000
1 Cr2 3pz      0.03483  -0.00000  -0.00000   0.05735   0.00000
1 Cr2 4px      0.00000   0.00147   0.00989  -0.00000  -0.00000
1 Cr2 4py     -0.00000   0.00989  -0.00147  -0.00000   0.00000
1 Cr2 4pz      0.01449   0.00000   0.00000   0.00070  -0.00000
1 Cr2 5px      0.00000  -0.00697  -0.04697  -0.00000   0.00000
1 Cr2 5py      0.00000  -0.04697   0.00697  -0.00000  -0.00000
1 Cr2 5pz      0.00209  -0.00000  -0.00000   0.03034   0.00000
1 Cr2 3dxy     0.00000  -0.00000  -0.00000  -0.00000  -0.13486
1 Cr2 3dyz     0.00000   0.39106  -0.05806  -0.00000  -0.00000
1 Cr2 3dz^2    0.05060   0.00000   0.00000   0.41819   0.00000
1 Cr2 3dxz     0.00000   0.05806   0.39106  -0.00000   0.00000
1 Cr2 3dx2-y2  -0.00000   0.00000  -0.00000   0.00000   0.40638
1 Cr2 4dxy     0.00000  -0.00000  -0.00000  -0.00000  -0.08945
1 Cr2 4dyz     0.00000   0.27705  -0.04113  -0.00000  -0.00000
1 Cr2 4dz^2    0.03231   0.00000   0.00000   0.29252  -0.00000
1 Cr2 4dxz     0.00000   0.04113   0.27705  -0.00000  -0.00000
1 Cr2 4dx2-y2  -0.00000   0.00000  -0.00000   0.00000   0.26956
1 Cr2 5dxy     0.00000   0.00000   0.00000  -0.00000  -0.05254
1 Cr2 5dyz     0.00000   0.16076  -0.02387  -0.00000   0.00000
1 Cr2 5dz^2    0.01997   0.00000   0.00000   0.14500   0.00000
1 Cr2 5dxz     0.00000   0.02387   0.16076  -0.00000  -0.00000
1 Cr2 5dx2-y2  -0.00000  -0.00000   0.00000  -0.00000   0.15832
               #6        #7        #8        #9        #10      
0 Cr1 1s       0.00000  -0.00000  -0.00000   0.00466  -0.00000
0 Cr1 2s      -0.00000   0.00000  -0.00000  -0.01896   0.00000
0 Cr1 3s       0.00000   0.00000  -0.00000   0.02983  -0.00000
0 Cr1 4s      -0.00000  -0.00000   0.00000   0.05942   0.00000
0 Cr1 5s       0.00000  -0.00000   0.00000   0.09177  -0.00000
0 Cr1 6s      -0.00000   0.00000   0.00000  -0.07415   0.00000
0 Cr1 2px     -0.00000   0.00000  -0.00000   0.00000  -0.00528
0 Cr1 2py     -0.00000   0.00000   0.00000   0.00000   0.00078
0 Cr1 2pz      0.00000  -0.00000  -0.00000  -0.01736  -0.00000
0 Cr1 3px      0.00000  -0.00000   0.00000  -0.00000   0.01081
0 Cr1 3py      0.00000  -0.00000  -0.00000   0.00000  -0.00159
0 Cr1 3pz     -0.00000   0.00000   0.00000   0.04621   0.00000
0 Cr1 4px      0.00000   0.00000  -0.00000  -0.00000   0.01911
0 Cr1 4py     -0.00000   0.00000   0.00000  -0.00000  -0.00282
0 Cr1 4pz      0.00000   0.00000  -0.00000   0.02246  -0.00000
0 Cr1 5px     -0.00000   0.00000  -0.00000   0.00000   0.04742
0 Cr1 5py     -0.00000   0.00000   0.00000   0.00000  -0.00700
0 Cr1 5pz      0.00000  -0.00000   0.00000   0.08481   0.00000
0 Cr1 3dxy     0.40638  -0.43142  -0.14451  -0.00000   0.00000
0 Cr1 3dyz     0.00000  -0.00000  -0.00000   0.00000  -0.06970
0 Cr1 3dz^2    0.00000  -0.00000  -0.00000   0.47607  -0.00000
0 Cr1 3dxz     0.00000  -0.00000  -0.00000   0.00000   0.47242
0 Cr1 3dx2-y2   0.13486  -0.14451   0.43142  -0.00000   0.00000
0 Cr1 4dxy     0.26956  -0.28212  -0.09450  -0.00000  -0.00000
0 Cr1 4dyz     0.00000  -0.00000  -0.00000   0.00000  -0.04530
0 Cr1 4dz^2    0.00000  -0.00000   0.00000   0.30386  -0.00000
0 Cr1 4dxz     0.00000  -0.00000   0.00000   0.00000   0.30704
0 Cr1 4dx2-y2   0.08945  -0.09450   0.28212  -0.00000   0.00000
0 Cr1 5dxy     0.15832  -0.15024  -0.05032  -0.00000  -0.00000
0 Cr1 5dyz     0.00000   0.00000   0.00000   0.00000  -0.02536
0 Cr1 5dz^2    0.00000  -0.00000   0.00000   0.17053  -0.00000
0 Cr1 5dxz     0.00000   0.00000  -0.00000   0.00000   0.17192
0 Cr1 5dx2-y2   0.05254  -0.05032   0.15024  -0.00000   0.00000
1 Cr2 1s       0.00000   0.00000   0.00000  -0.00466   0.00000
1 Cr2 2s      -0.00000  -0.00000   0.00000   0.01896  -0.00000
1 Cr2 3s       0.00000  -0.00000   0.00000  -0.02983   0.00000
1 Cr2 4s      -0.00000   0.00000  -0.00000  -0.05942  -0.00000
1 Cr2 5s       0.00000   0.00000  -0.00000  -0.09177   0.00000
1 Cr2 6s      -0.00000  -0.00000  -0.00000   0.07415  -0.00000
1 Cr2 2px     -0.00000  -0.00000   0.00000  -0.00000   0.00528
1 Cr2 2py     -0.00000  -0.00000  -0.00000  -0.00000  -0.00078
1 Cr2 2pz     -0.00000  -0.00000  -0.00000  -0.01736  -0.00000
1 Cr2 3px      0.00000   0.00000  -0.00000   0.00000  -0.01081
1 Cr2 3py      0.00000   0.00000   0.00000   0.00000   0.00159
1 Cr2 3pz      0.00000   0.00000   0.00000   0.04621   0.00000
1 Cr2 4px     -0.00000  -0.00000   0.00000   0.00000  -0.01911
1 Cr2 4py     -0.00000  -0.00000  -0.00000   0.00000   0.00282
1 Cr2 4pz     -0.00000   0.00000  -0.00000   0.02246  -0.00000
1 Cr2 5px      0.00000   0.00000  -0.00000  -0.00000  -0.04742
1 Cr2 5py      0.00000   0.00000   0.00000  -0.00000   0.00700
1 Cr2 5pz     -0.00000  -0.00000   0.00000   0.08481   0.00000
1 Cr2 3dxy     0.40638   0.43142   0.14451   0.00000  -0.00000
1 Cr2 3dyz     0.00000   0.00000   0.00000   0.00000  -0.06970
1 Cr2 3dz^2    0.00000   0.00000   0.00000  -0.47607   0.00000
1 Cr2 3dxz     0.00000   0.00000  -0.00000   0.00000   0.47242
1 Cr2 3dx2-y2   0.13486   0.14451  -0.43142  -0.00000  -0.00000
1 Cr2 4dxy     0.26956   0.28212   0.09450   0.00000  -0.00000
1 Cr2 4dyz    -0.00000   0.00000   0.00000   0.00000  -0.04530
1 Cr2 4dz^2    0.00000   0.00000  -0.00000  -0.30386   0.00000
1 Cr2 4dxz     0.00000   0.00000  -0.00000   0.00000   0.30704
1 Cr2 4dx2-y2   0.08945   0.09450  -0.28212   0.00000  -0.00000
1 Cr2 5dxy     0.15832   0.15024   0.05032   0.00000  -0.00000
1 Cr2 5dyz    -0.00000   0.00000   0.00000   0.00000  -0.02536
1 Cr2 5dz^2    0.00000   0.00000  -0.00000  -0.17053   0.00000
1 Cr2 5dxz     0.00000   0.00000  -0.00000   0.00000   0.17192
1 Cr2 5dx2-y2   0.05254   0.05032  -0.15024   0.00000  -0.00000
               #11       #12      
0 Cr1 1s      -0.00000   0.02035
0 Cr1 2s       0.00000  -0.06066
0 Cr1 3s      -0.00000   0.17725
0 Cr1 4s       0.00000   0.18802
0 Cr1 5s      -0.00000  -1.19164
0 Cr1 6s       0.00000  -0.36429
0 Cr1 2px     -0.00078   0.00000
0 Cr1 2py     -0.00528   0.00000
0 Cr1 2pz     -0.00000   0.03074
0 Cr1 3px      0.00159  -0.00000
0 Cr1 3py      0.01081  -0.00000
0 Cr1 3pz      0.00000  -0.08279
0 Cr1 4px      0.00282  -0.00000
0 Cr1 4py      0.01911  -0.00000
0 Cr1 4pz     -0.00000  -0.04197
0 Cr1 5px      0.00700   0.00000
0 Cr1 5py      0.04742   0.00000
0 Cr1 5pz      0.00000  -0.18447
0 Cr1 3dxy     0.00000  -0.00000
0 Cr1 3dyz     0.47242  -0.00000
0 Cr1 3dz^2   -0.00000  -0.08525
0 Cr1 3dxz     0.06970  -0.00000
0 Cr1 3dx2-y2  -0.00000   0.00000
0 Cr1 4dxy     0.00000  -0.00000
0 Cr1 4dyz     0.30704  -0.00000
0 Cr1 4dz^2   -0.00000  -0.04500
0 Cr1 4dxz     0.04530   0.00000
0 Cr1 4dx2-y2  -0.00000   0.00000
0 Cr1 5dxy     0.00000  -0.00000
0 Cr1 5dyz     0.17192  -0.00000
0 Cr1 5dz^2   -0.00000  -0.06222
0 Cr1 5dxz     0.02536  -0.00000
0 Cr1 5dx2-y2   0.00000  -0.00000
1 Cr2 1s       0.00000  -0.02035
1 Cr2 2s      -0.00000   0.06066
1 Cr2 3s       0.00000  -0.17725
1 Cr2 4s      -0.00000  -0.18802
1 Cr2 5s       0.00000   1.19164
1 Cr2 6s      -0.00000   0.36429
1 Cr2 2px      0.00078   0.00000
1 Cr2 2py      0.00528   0.00000
1 Cr2 2pz     -0.00000   0.03074
1 Cr2 3px     -0.00159  -0.00000
1 Cr2 3py     -0.01081  -0.00000
1 Cr2 3pz      0.00000  -0.08279
1 Cr2 4px     -0.00282   0.00000
1 Cr2 4py     -0.01911   0.00000
1 Cr2 4pz     -0.00000  -0.04198
1 Cr2 5px     -0.00700  -0.00000
1 Cr2 5py     -0.04742   0.00000
1 Cr2 5pz      0.00000  -0.18447
1 Cr2 3dxy    -0.00000   0.00000
1 Cr2 3dyz     0.47242   0.00000
1 Cr2 3dz^2    0.00000   0.08525
1 Cr2 3dxz     0.06970   0.00000
1 Cr2 3dx2-y2   0.00000  -0.00000
1 Cr2 4dxy    -0.00000   0.00000
1 Cr2 4dyz     0.30704   0.00000
1 Cr2 4dz^2    0.00000   0.04500
1 Cr2 4dxz     0.04530   0.00000
1 Cr2 4dx2-y2   0.00000  -0.00000
1 Cr2 5dxy    -0.00000   0.00000
1 Cr2 5dyz     0.17192  -0.00000
1 Cr2 5dz^2    0.00000   0.06222
1 Cr2 5dxz     0.02536  -0.00000
1 Cr2 5dx2-y2   0.00000   0.00000
<CAS-nat-orb|mo-hf>  19  19    0.99501106
<CAS-nat-orb|mo-hf>  20  20    0.99932087
<CAS-nat-orb|mo-hf>  21  21    0.99932088
<CAS-nat-orb|mo-hf>  22  22    0.99492374
<CAS-nat-orb|mo-hf>  23  24    0.99402824
<CAS-nat-orb|mo-hf>  24  23    0.99402824
<CAS-nat-orb|mo-hf>  25  26    0.99434056
<CAS-nat-orb|mo-hf>  26  25    0.99434056
<CAS-nat-orb|mo-hf>  27  27    0.99276588
<CAS-nat-orb|mo-hf>  28  28    0.99993318
<CAS-nat-orb|mo-hf>  29  29    0.99993318
<CAS-nat-orb|mo-hf>  30  30    0.98745861
i = 1  <i|F|i> = -220.42236906
i = 2  <i|F|i> = -220.42236812
i = 3  <i|F|i> = -26.25051713
i = 4  <i|F|i> = -26.25049673
i = 5  <i|F|i> = -22.18200794
i = 6  <i|F|i> = -22.18192977
i = 7  <i|F|i> = -22.17878614
i = 8  <i|F|i> = -22.17878597
i = 9  <i|F|i> = -22.17872960
i = 10  <i|F|i> = -22.17872959
i = 11  <i|F|i> =  -3.33269161
i = 12  <i|F|i> =  -3.31334025
i = 13  <i|F|i> =  -2.13846380
i = 14  <i|F|i> =  -2.09035578
i = 15  <i|F|i> =  -2.09035571
i = 16  <i|F|i> =  -2.07576006
i = 17  <i|F|i> =  -2.07575983
i = 18  <i|F|i> =  -2.05212162
i = 19  <i|F|i> =  -0.18912390
i = 20  <i|F|i> =  -0.12973563
i = 21  <i|F|i> =  -0.12973569
i = 22  <i|F|i> =  -0.12322559
i = 23  <i|F|i> =  -0.02147447
i = 24  <i|F|i> =  -0.02147452
i = 25  <i|F|i> =   0.06947729
i = 26  <i|F|i> =   0.06947740
i = 27  <i|F|i> =   0.16099597
i = 28  <i|F|i> =   0.17455353
i = 29  <i|F|i> =   0.17455348
i = 30  <i|F|i> =   0.06923278
i = 31  <i|F|i> =   0.15040122
i = 32  <i|F|i> =   0.15232474
i = 33  <i|F|i> =   0.15232476
i = 34  <i|F|i> =   0.18465176
i = 35  <i|F|i> =   0.25555083
i = 36  <i|F|i> =   0.29521506
i = 37  <i|F|i> =   0.29521509
i = 38  <i|F|i> =   0.49828777
i = 39  <i|F|i> =   0.54931115
i = 40  <i|F|i> =   0.54931121
i = 41  <i|F|i> =   0.64873502
i = 42  <i|F|i> =   0.64873504
i = 43  <i|F|i> =   0.65465531
i = 44  <i|F|i> =   0.65465533
i = 45  <i|F|i> =   0.73661681
i = 46  <i|F|i> =   0.76970980
i = 47  <i|F|i> =   0.76970982
i = 48  <i|F|i> =   0.88561630
i = 49  <i|F|i> =   1.61012089
i = 50  <i|F|i> =   1.63655860
i = 51  <i|F|i> =   1.63655861
i = 52  <i|F|i> =   1.74324941
i = 53  <i|F|i> =   1.74324973
i = 54  <i|F|i> =   1.97758279
i = 55  <i|F|i> =   2.34055833
i = 56  <i|F|i> =   2.34298880
i = 57  <i|F|i> =   2.37120137
i = 58  <i|F|i> =   2.37120139
i = 59  <i|F|i> =   2.45474779
i = 60  <i|F|i> =   2.45474782
i = 61  <i|F|i> =   2.51916816
i = 62  <i|F|i> =   2.51916819
i = 63  <i|F|i> =   2.52200874
i = 64  <i|F|i> =   2.69558176
i = 65  <i|F|i> =   2.69558178
i = 66  <i|F|i> =   3.22671668
    CPU time for 1-step CASSCF    314.85 sec, wall time     48.11 sec
CASSCF energy = -2086.6223489813
CASCI E = -2086.6223489813  E(CI) = -29.7217631411722  S^2 = 0.0000000
Overwritten attributes  contract_2e  of <class 'pyscf.fci.direct_spin1.FCISolver'>
