

******** <class 'pyscf.scf.hf.RHF'> ********
method = RHF
initial guess = minao
damping factor = 0
level_shift factor = 0
DIIS = <class 'pyscf.scf.diis.CDIIS'>
diis_start_cycle = 1
diis_space = 8
SCF conv_tol = 1e-09
SCF conv_tol_grad = None
SCF max_cycles = 1
direct_scf = True
direct_scf_tol = 1e-13
chkfile to save SCF result = /share/home/srwang/automr_inputlibrary/suhf_vs_gvb/Cr2_30/tmpgmmmi7kb
max_memory 10000 MB (current use 70 MB)
Set gradient conv threshold to 3.16228e-05
init E= -2084.59600093099

WARN: HOMO -0.1926562559334 == LUMO -0.191969032684628

cycle= 1 E= -2085.12027446395  delta_E= -0.524  |g|= 0.78  |ddm|= 2.55
SCF not converged.
SCF energy = -2085.12027446395

Orthonormality check: j=  45 i=  45 maxv= 1.95335426E-08

******** <class 'pyscf.mcscf.mc1step.CASSCF'> ********
CAS (6e+6e, 12o), ncore = 18, nvir = 60
max_cycle_macro = 200
max_cycle_micro = 4
conv_tol = 1e-07
conv_tol_grad = None
orbital rotation max_stepsize = 0.02
augmented hessian ah_max_cycle = 30
augmented hessian ah_conv_tol = 1e-12
augmented hessian ah_linear dependence = 1e-14
augmented hessian ah_level shift = 0
augmented hessian ah_start_tol = 2.5
augmented hessian ah_start_cycle = 3
augmented hessian ah_grad_trust_region = 3
kf_trust_region = 3
kf_interval = 4
ci_response_space = 4
ci_grad_trust_region = 3
with_dep4 0
natorb = True
canonicalization = True
sorting_mo_energy = False
ao2mo_level = 2
chkfile = /share/home/srwang/automr_inputlibrary/suhf_vs_gvb/Cr2_30/tmpgmmmi7kb
max_memory 5000 MB (current use 181 MB)
internal_rotation = False
******** <class 'pyscf.fci.direct_spin1.FCISolver'> ********
max. cycles = 300
conv_tol = 1e-08
davidson only = True
linear dependence = 1e-10
level shift = 0.2
max iter space = 100
max_memory 5000 MB
nroots = 1
pspace_size = 1200
spin = 0
Start 1-step CASSCF
Start CASCI
    CPU time for integral transformation to CAS space      0.00 sec, wall time      0.00 sec
core energy = -2060.03472922873
    CPU time for effective h1e in CAS space      0.00 sec, wall time      0.00 sec
davidson 0 1  |r|= 1.15  e= [-25.07132084]  max|de|= -25.1  lindep=    1
davidson 1 2  |r|= 0.816  e= [-25.60513227]  max|de|= -0.534  lindep= 0.839
davidson 2 3  |r|= 0.781  e= [-25.63308101]  max|de|= -0.0279  lindep=    1
davidson 3 4  |r|= 0.78  e= [-25.63368061]  max|de|= -0.0006  lindep= 0.261
davidson 4 5  |r|= 0.78  e= [-25.63368114]  max|de|= -5.28e-07  lindep= 0.0247
davidson 5 6  |r|= 0.777  e= [-25.63496967]  max|de|= -0.00129  lindep= 0.884
davidson 6 7  |r|= 0.775  e= [-25.63607593]  max|de|= -0.00111  lindep= 0.996
davidson 7 8  |r|= 0.775  e= [-25.6360765]  max|de|= -5.69e-07  lindep= 0.0232
davidson 8 9  |r|= 0.775  e= [-25.63608872]  max|de|= -1.22e-05  lindep= 0.094
davidson 9 10  |r|= 0.774  e= [-25.63619978]  max|de|= -0.000111  lindep= 0.273
davidson 10 11  |r|= 0.774  e= [-25.63657879]  max|de|= -0.000379  lindep= 0.824
davidson 11 12  |r|= 0.772  e= [-25.63709205]  max|de|= -0.000513  lindep= 0.868
davidson 12 13  |r|= 0.772  e= [-25.63718652]  max|de|= -9.45e-05  lindep= 0.703
davidson 13 14  |r|= 0.771  e= [-25.63722052]  max|de|= -3.4e-05  lindep= 0.617
davidson 14 15  |r|= 0.771  e= [-25.63724438]  max|de|= -2.39e-05  lindep= 0.666
davidson 15 16  |r|= 0.771  e= [-25.63726527]  max|de|= -2.09e-05  lindep= 0.432
davidson 16 17  |r|= 0.767  e= [-25.63741482]  max|de|= -0.00015  lindep= 0.442
davidson 17 18  |r|= 0.761  e= [-25.63790071]  max|de|= -0.000486  lindep= 0.646
davidson 18 19  |r|= 0.759  e= [-25.63797407]  max|de|= -7.34e-05  lindep= 0.575
davidson 19 20  |r|= 0.751  e= [-25.63819836]  max|de|= -0.000224  lindep= 0.907
davidson 20 21  |r|= 0.747  e= [-25.63838575]  max|de|= -0.000187  lindep= 0.114
davidson 21 22  |r|= 0.599  e= [-25.64380162]  max|de|= -0.00542  lindep= 0.846
davidson 22 23  |r|= 0.483  e= [-25.74667176]  max|de|= -0.103  lindep=    1
davidson 23 24  |r|= 0.423  e= [-25.87364845]  max|de|= -0.127  lindep= 0.996
davidson 24 25  |r|= 0.408  e= [-25.88859364]  max|de|= -0.0149  lindep= 0.866
davidson 25 26  |r|= 0.359  e= [-25.93130068]  max|de|= -0.0427  lindep= 0.96
davidson 26 27  |r|= 0.315  e= [-25.98306311]  max|de|= -0.0518  lindep= 0.888
davidson 27 28  |r|= 0.28  e= [-26.03089392]  max|de|= -0.0478  lindep= 0.923
davidson 28 29  |r|= 0.252  e= [-26.05764447]  max|de|= -0.0268  lindep= 0.878
davidson 29 30  |r|= 0.233  e= [-26.07226714]  max|de|= -0.0146  lindep= 0.959
davidson 30 31  |r|= 0.229  e= [-26.0743503]  max|de|= -0.00208  lindep= 0.475
davidson 31 32  |r|= 0.213  e= [-26.08519197]  max|de|= -0.0108  lindep= 0.634
davidson 32 33  |r|= 0.177  e= [-26.10359202]  max|de|= -0.0184  lindep= 0.909
davidson 33 34  |r|= 0.164  e= [-26.11917857]  max|de|= -0.0156  lindep= 0.918
davidson 34 35  |r|= 0.15  e= [-26.13402431]  max|de|= -0.0148  lindep= 0.941
davidson 35 36  |r|= 0.141  e= [-26.14543541]  max|de|= -0.0114  lindep= 0.846
davidson 36 37  |r|= 0.136  e= [-26.15551246]  max|de|= -0.0101  lindep= 0.872
davidson 37 38  |r|= 0.122  e= [-26.16698765]  max|de|= -0.0115  lindep= 0.971
davidson 38 39  |r|= 0.113  e= [-26.17615938]  max|de|= -0.00917  lindep= 0.965
davidson 39 40  |r|= 0.108  e= [-26.1828503]  max|de|= -0.00669  lindep= 0.959
davidson 40 41  |r|= 0.108  e= [-26.18918586]  max|de|= -0.00634  lindep= 0.953
davidson 41 42  |r|= 0.11  e= [-26.19702436]  max|de|= -0.00784  lindep= 0.966
davidson 42 43  |r|= 0.107  e= [-26.20509484]  max|de|= -0.00807  lindep= 0.97
davidson 43 44  |r|= 0.124  e= [-26.21396931]  max|de|= -0.00887  lindep= 0.975
davidson 44 45  |r|= 0.136  e= [-26.22384153]  max|de|= -0.00987  lindep= 0.968
davidson 45 46  |r|= 0.151  e= [-26.23523683]  max|de|= -0.0114  lindep= 0.958
davidson 46 47  |r|= 0.181  e= [-26.2544261]  max|de|= -0.0192  lindep= 0.97
davidson 47 48  |r|= 0.216  e= [-26.2786505]  max|de|= -0.0242  lindep= 0.984
davidson 48 49  |r|= 0.223  e= [-26.30914805]  max|de|= -0.0305  lindep= 0.981
davidson 49 50  |r|= 0.227  e= [-26.34131848]  max|de|= -0.0322  lindep= 0.986
davidson 50 51  |r|= 0.233  e= [-26.37541075]  max|de|= -0.0341  lindep= 0.987
davidson 51 52  |r|= 0.25  e= [-26.41595465]  max|de|= -0.0405  lindep= 0.991
davidson 52 53  |r|= 0.278  e= [-26.46313464]  max|de|= -0.0472  lindep= 0.993
davidson 53 54  |r|= 0.285  e= [-26.50307991]  max|de|= -0.0399  lindep= 0.994
davidson 54 55  |r|= 0.299  e= [-26.54123924]  max|de|= -0.0382  lindep= 0.989
davidson 55 56  |r|= 0.271  e= [-26.56823812]  max|de|= -0.027  lindep= 0.971
davidson 56 57  |r|= 0.191  e= [-26.59535435]  max|de|= -0.0271  lindep= 0.989
davidson 57 58  |r|= 0.152  e= [-26.61104921]  max|de|= -0.0157  lindep= 0.995
davidson 58 59  |r|= 0.15  e= [-26.61926875]  max|de|= -0.00822  lindep= 0.985
davidson 59 60  |r|= 0.0979  e= [-26.62448752]  max|de|= -0.00522  lindep= 0.978
davidson 60 61  |r|= 0.0833  e= [-26.6286864]  max|de|= -0.0042  lindep= 0.994
davidson 61 62  |r|= 0.0844  e= [-26.63075287]  max|de|= -0.00207  lindep= 0.984
davidson 62 63  |r|= 0.0574  e= [-26.63234359]  max|de|= -0.00159  lindep= 0.978
davidson 63 64  |r|= 0.0486  e= [-26.63370803]  max|de|= -0.00136  lindep= 0.992
davidson 64 65  |r|= 0.042  e= [-26.63480204]  max|de|= -0.00109  lindep= 0.993
davidson 65 66  |r|= 0.0381  e= [-26.63568385]  max|de|= -0.000882  lindep= 0.995
davidson 66 67  |r|= 0.0359  e= [-26.63634969]  max|de|= -0.000666  lindep= 0.993
davidson 67 68  |r|= 0.033  e= [-26.63681215]  max|de|= -0.000462  lindep= 0.984
davidson 68 69  |r|= 0.0273  e= [-26.63716604]  max|de|= -0.000354  lindep= 0.986
davidson 69 70  |r|= 0.0228  e= [-26.63741998]  max|de|= -0.000254  lindep= 0.986
davidson 70 71  |r|= 0.0176  e= [-26.63758818]  max|de|= -0.000168  lindep= 0.987
davidson 71 72  |r|= 0.0146  e= [-26.63770673]  max|de|= -0.000119  lindep= 0.99
davidson 72 73  |r|= 0.0117  e= [-26.63778022]  max|de|= -7.35e-05  lindep= 0.986
davidson 73 74  |r|= 0.00931  e= [-26.63783156]  max|de|= -5.13e-05  lindep= 0.992
davidson 74 75  |r|= 0.00794  e= [-26.63786274]  max|de|= -3.12e-05  lindep= 0.985
davidson 75 76  |r|= 0.00587  e= [-26.63788347]  max|de|= -2.07e-05  lindep= 0.989
davidson 76 77  |r|= 0.00446  e= [-26.63789706]  max|de|= -1.36e-05  lindep= 0.992
davidson 77 78  |r|= 0.00356  e= [-26.63790443]  max|de|= -7.37e-06  lindep= 0.991
davidson 78 79  |r|= 0.00262  e= [-26.63790904]  max|de|= -4.61e-06  lindep= 0.99
davidson 79 80  |r|= 0.00203  e= [-26.63791148]  max|de|= -2.44e-06  lindep= 0.992
davidson 80 81  |r|= 0.0015  e= [-26.63791298]  max|de|= -1.5e-06  lindep= 0.993
davidson 81 82  |r|= 0.00115  e= [-26.63791378]  max|de|= -7.94e-07  lindep= 0.991
davidson 82 83  |r|= 0.000842  e= [-26.63791424]  max|de|= -4.64e-07  lindep= 0.991
davidson 83 84  |r|= 0.000635  e= [-26.63791451]  max|de|= -2.7e-07  lindep= 0.993
davidson 84 85  |r|= 0.000604  e= [-26.63791464]  max|de|= -1.3e-07  lindep= 0.989
davidson 85 86  |r|= 0.000421  e= [-26.63791472]  max|de|= -7.4e-08  lindep= 0.981
davidson 86 87  |r|= 0.000313  e= [-26.63791477]  max|de|= -5.57e-08  lindep= 0.991
davidson 87 88  |r|= 0.000249  e= [-26.63791481]  max|de|= -3.45e-08  lindep= 0.989
davidson 88 89  |r|= 0.000192  e= [-26.63791483]  max|de|= -2.06e-08  lindep= 0.984
davidson 89 90  |r|= 0.000138  e= [-26.63791484]  max|de|= -1.31e-08  lindep= 0.99
davidson 90 91  |r|= 0.00011  e= [-26.63791485]  max|de|= -8.29e-09  lindep= 0.993
root 0 converged  |r|= 8.85e-05  e= -26.637914852036502  max|de|= -4.79e-09
converged 91 92  |r|= 8.85e-05  e= [-26.63791485]  max|de|= -4.79e-09
    CPU time for FCI solver    276.34 sec, wall time     51.44 sec
CAS space CI energy = -26.6379148520364
CASCI E = -2086.67264408077  S^2 = 0.0000000
Set conv_tol_grad to 0.000316228
    CPU time for Initializing 1-step CASSCF    277.86 sec, wall time     51.65 sec
    CPU time for CAS DM      0.97 sec, wall time      0.12 sec
    |g|=0.00451
    CPU time for gen h_op      0.31 sec, wall time      0.04 sec
    imic 1(3)  |g[o]|=0.00425  |dxi|=0.0116  max(|x|)=0.00835  |dr|=0.0116  eig=-2.86e-05  seig=1.58e-05
    imic 2(4)  |g[o]|=0.00181  |dxi|=0.00195  max(|x|)=0.00116  |dr|=0.013  eig=-2.17e-06  seig=1.58e-05
    imic 3(5)  |g[o]|=0.00156  |dxi|=0.00144  max(|x|)=0.000576  |dr|=0.0137  eig=-9.32e-07  seig=1.58e-05
    imic 4(6)  |g[o]|=0.00114  |dxi|=0.00114  max(|x|)=0.000384  |dr|=0.0141  eig=-4.8e-07  seig=1.58e-05
    CPU time for aug_hess in 4 inner iters      0.77 sec, wall time      0.10 sec
    CPU time for orbital rotation      1.09 sec, wall time      0.14 sec
    CPU time for update CAS DM      7.09 sec, wall time      0.89 sec
micro 1  |u-1|=0.0199  |g[o]|=0.00451  |g[c]|=0.000729  |ddm|=0.00522
    CPU time for micro iter 1      0.00 sec, wall time      0.00 sec
    |g|=0.00124 (keyframe), |g-correction|=0.000544
    CPU time for gen h_op      1.26 sec, wall time      0.16 sec
    imic 5(7)  |g[o]|=0.000796  |dxi|=0.00154  max(|x|)=0.000793  |dr|=0.00154  eig=-4.19e-07  seig=1.58e-05
    imic 6(8)  |g[o]|=0.000577  |dxi|=0.000476  max(|x|)=0.000217  |dr|=0.00178  eig=-2e-07  seig=1.57e-05
    imic 7(9)  |g[o]|=0.000317  |dxi|=0.000301  max(|x|)=0.000108  |dr|=0.00193  eig=-7.11e-08  seig=1.54e-05
    CPU time for aug_hess in 7 inner iters      0.39 sec, wall time      0.05 sec
    CPU time for orbital rotation      1.65 sec, wall time      0.21 sec
    CPU time for update CAS DM      7.12 sec, wall time      0.89 sec
micro 2  |u-1|=0.0221  |g[o]|=0.00124  |g[c]|=0.000809  |ddm|=0.00595
    CPU time for micro iter 2      0.00 sec, wall time      0.00 sec
    |g|=0.000385 (keyframe), |g-correction|=0.000178
    CPU time for gen h_op      1.25 sec, wall time      0.16 sec
    imic 8(10)  |g[o]|=0.00045  |dxi|=0.000367  max(|x|)=0.000166  |dr|=0.000367  eig=-6.7e-08  seig=1.53e-05
    imic 9(11)  |g[o]|=0.000266  |dxi|=0.000276  max(|x|)=9.31e-05  |dr|=0.000574  eig=-5.03e-08  seig=1.53e-05
    imic 10(12)  |g[o]|=0.000165  |dxi|=0.000161  max(|x|)=5.79e-05  |dr|=0.000686  eig=-1.8e-08  seig=1.49e-05
    imic 11(13)  |g[o]|=9.38e-05  |dxi|=0.000104  max(|x|)=3.57e-05  |dr|=0.000725  eig=-6.81e-09  seig=1.49e-05
    CPU time for aug_hess in 11 inner iters      0.51 sec, wall time      0.06 sec
    CPU time for orbital rotation      1.76 sec, wall time      0.22 sec
    CPU time for update CAS DM      7.14 sec, wall time      0.89 sec
micro 3  |u-1|=0.0225  |g[o]|=0.000385  |g[c]|=0.000718  |ddm|=0.0065
    CPU time for micro iter 3      0.00 sec, wall time      0.00 sec
    |g|=0.000108 (keyframe), |g-correction|=4.82e-05
    CPU time for gen h_op      1.30 sec, wall time      0.16 sec
    imic 12(14)  |g[o]|=6.75e-05  |dxi|=0.000165  max(|x|)=9.64e-05  |dr|=0.000165  eig=-6.37e-09  seig=1.48e-05
    imic 13(15)  |g[o]|=5.16e-05  |dxi|=4.49e-05  max(|x|)=1.31e-05  |dr|=0.000172  eig=-1.63e-09  seig=1.47e-05
    imic 14(16)  |g[o]|=2.63e-05  |dxi|=2.97e-05  max(|x|)=9.35e-06  |dr|=0.000178  eig=-7.4e-10  seig=1.47e-05
    CPU time for orbital rotation      1.71 sec, wall time      0.22 sec
micro 4  |u-1|=0.0227  |g[o]|=0.000108
Active space overlap to initial guess, SVD = [0.99999994 0.99999994 0.99999987 0.99999987 0.99999985 0.99999982
 0.99999982 0.99999982 0.99999982 0.99999934 0.99999654 0.99987663]
Active space overlap to last step, SVD = [0.99999994 0.99999994 0.99999987 0.99999987 0.99999985 0.99999982
 0.99999982 0.99999982 0.99999982 0.99999934 0.99999654 0.99987663]
    CPU time for update eri      1.08 sec, wall time      0.14 sec
Start CASCI
    CPU time for integral transformation to CAS space      0.00 sec, wall time      0.00 sec
core energy = -2060.03503510096
    CPU time for effective h1e in CAS space      0.00 sec, wall time      0.00 sec
davidson 0 1  |r|= 0.000554  e= [-26.63764517]  max|de|= -26.6  lindep=    1
davidson 1 2  |r|= 0.000402  e= [-26.63764523]  max|de|= -5.46e-08  lindep= 0.992
davidson 2 3  |r|= 0.000436  e= [-26.63764529]  max|de|= -5.85e-08  lindep= 0.992
davidson 3 4  |r|= 0.00057  e= [-26.63764536]  max|de|= -7.4e-08  lindep= 0.988
davidson 4 5  |r|= 0.000625  e= [-26.6376455]  max|de|= -1.41e-07  lindep= 0.992
davidson 5 6  |r|= 0.000594  e= [-26.63764562]  max|de|= -1.16e-07  lindep= 0.986
davidson 6 7  |r|= 0.000384  e= [-26.6376457]  max|de|= -8.2e-08  lindep= 0.982
davidson 7 8  |r|= 0.000208  e= [-26.63764574]  max|de|= -3.78e-08  lindep= 0.99
davidson 8 9  |r|= 0.000141  e= [-26.63764575]  max|de|= -1.13e-08  lindep= 0.993
davidson 9 10  |r|= 0.0001  e= [-26.63764575]  max|de|= -4.74e-09  lindep= 0.989
root 0 converged  |r|= 9.45e-05  e= -26.637645757118396  max|de|= -3.71e-09
converged 10 11  |r|= 9.45e-05  e= [-26.63764576]  max|de|= -3.71e-09
    CPU time for FCI solver     29.63 sec, wall time      4.06 sec
CAS space CI energy = -26.6376457571182
macro iter 1 (19 JK  4 micro), CASSCF E = -2086.67268085808  dE = -3.6777316e-05  S^2 = 0.0000000
               |grad[o]|=0.00451  |grad[c]|= 0.0007177486159372466  |ddm|=0.0065
    CPU time for CASCI solver     31.17 sec, wall time      4.25 sec
    CPU time for macro iter 1     60.80 sec, wall time      7.96 sec
    |g|=0.000242
    CPU time for gen h_op      0.31 sec, wall time      0.04 sec
    imic 1(3)  |g[o]|=0.000196  |dxi|=0.00051  max(|x|)=0.000247  |dr|=0.00051  eig=-8.28e-08  seig=8.65e-10
    imic 2(4)  |g[o]|=9.98e-05  |dxi|=0.000154  max(|x|)=9.87e-05  |dr|=0.000615  eig=-1.19e-08  seig=8.57e-10
    imic 3(5)  |g[o]|=6.45e-05  |dxi|=8.33e-05  max(|x|)=3.74e-05  |dr|=0.000655  eig=-3.94e-09  seig=8.54e-10
    CPU time for aug_hess in 3 inner iters      0.63 sec, wall time      0.08 sec
    CPU time for orbital rotation      0.99 sec, wall time      0.12 sec
    CPU time for update CAS DM      7.11 sec, wall time      0.89 sec
micro 1  |u-1|=0.000927  |g[o]|=0.000242  |g[c]|=0.000103  |ddm|=0.000143
    CPU time for micro iter 1      0.00 sec, wall time      0.00 sec
    |g|=6.43e-05 (keyframe), |g-correction|=1.33e-05
    CPU time for gen h_op      1.27 sec, wall time      0.16 sec
    imic 4(6)  |g[o]|=4.71e-05  |dxi|=7.91e-05  max(|x|)=3.21e-05  |dr|=7.91e-05  eig=-2.14e-09  seig=8.53e-10
    imic 5(7)  |g[o]|=3.76e-05  |dxi|=4.5e-05  max(|x|)=1.56e-05  |dr|=0.000111  eig=-1e-09  seig=8.52e-10
    imic 6(8)  |g[o]|=2.14e-05  |dxi|=2.89e-05  max(|x|)=7.81e-06  |dr|=0.000129  eig=-4.54e-10  seig=8.48e-10
    CPU time for orbital rotation      1.66 sec, wall time      0.21 sec
    CPU time for update CAS DM      7.07 sec, wall time      0.88 sec
micro 2  |u-1|=0.00104  |g[o]|=6.43e-05  |g[c]|=0.000122  |ddm|=0.00021
    CPU time for micro iter 2      0.00 sec, wall time      0.00 sec
Active space overlap to initial guess, SVD = [0.99999994 0.99999994 0.99999986 0.99999986 0.99999983 0.99999982
 0.99999982 0.9999998  0.9999998  0.99999923 0.999996   0.9998668 ]
Active space overlap to last step, SVD = [1.         1.         1.         1.         1.         1.
 1.         1.         1.         1.         0.99999993 0.99999981]
    CPU time for update eri      1.08 sec, wall time      0.14 sec
Start CASCI
    CPU time for integral transformation to CAS space      0.00 sec, wall time      0.00 sec
core energy = -2060.03496650235
    CPU time for effective h1e in CAS space      0.00 sec, wall time      0.00 sec
davidson 0 1  |r|= 7.13e-05  e= [-26.63771447]  max|de|= -26.6  lindep=    1
root 0 converged  |r|= 6.11e-05  e= -26.637714473791487  max|de|= -1.07e-09
converged 1 2  |r|= 6.11e-05  e= [-26.63771447]  max|de|= -1.07e-09
    CPU time for FCI solver      6.00 sec, wall time      1.15 sec
CAS space CI energy = -26.6377144737917
macro iter 2 (9 JK  2 micro), CASSCF E = -2086.67268097614  dE = -1.1805514e-07  S^2 = 0.0000000
               |grad[o]|=0.000242  |grad[c]|= 0.00012189375098509267  |ddm|=0.00021
    CPU time for CASCI solver      7.55 sec, wall time      1.34 sec
    CPU time for macro iter 2     25.47 sec, wall time      3.58 sec
    |g|=2.18e-05
    CPU time for gen h_op      0.31 sec, wall time      0.04 sec
    CPU time for orbital rotation      0.38 sec, wall time      0.05 sec
    CPU time for update CAS DM      7.14 sec, wall time      0.89 sec
micro 1  |u-1|=    0  |g[o]|=2.18e-05  |g[c]|=6.11e-05  |ddm|=0.000199
    CPU time for micro iter 1      0.00 sec, wall time      0.00 sec
Active space overlap to initial guess, SVD = [0.99999994 0.99999994 0.99999986 0.99999986 0.99999983 0.99999982
 0.99999982 0.9999998  0.9999998  0.99999923 0.999996   0.9998668 ]
Active space overlap to last step, SVD = [1. 1. 1. 1. 1. 1. 1. 1. 1. 1. 1. 1.]
    CPU time for update eri      1.09 sec, wall time      0.14 sec
Start CASCI
    CPU time for integral transformation to CAS space      0.00 sec, wall time      0.00 sec
core energy = -2060.03496650235
    CPU time for effective h1e in CAS space      0.00 sec, wall time      0.00 sec
davidson 0 1  |r|= 8.92e-05  e= [-26.63771448]  max|de|= -26.6  lindep=    1
root 0 converged  |r|= 6.69e-05  e= -26.637714480698882  max|de|= -1.56e-09
converged 1 2  |r|= 6.69e-05  e= [-26.63771448]  max|de|= -1.56e-09
    CPU time for FCI solver      6.07 sec, wall time      1.16 sec
CAS space CI energy = -26.6377144806988
macro iter 3 (1 JK  1 micro), CASSCF E = -2086.67268098304  dE = -6.9071575e-09  S^2 = 0.0000000
               |grad[o]|=2.18e-05  |grad[c]|= 6.106675809445588e-05  |ddm|=0.000199
    CPU time for CASCI solver      7.62 sec, wall time      1.35 sec
    CPU time for macro iter 3     16.24 sec, wall time      2.43 sec
1-step CASSCF converged in 3 macro (29 JK 7 micro) steps
CASSCF canonicalization
where_natorb [0, 1, 3, 2, 5, 4, 7, 6, 9, 8, 10, 11]
Natural occ [1.65273724 1.07176105 1.06817096 1.06816974 1.01507359 1.01507329
 0.98492697 0.98492666 0.93183463 0.93183341 0.92844339 0.34704907]
Natural orbital (expansion on AOs) in CAS space
               #1        #2        #3        #4        #5       
0 Cr1 1s       0.01698  -0.00254  -0.00000  -0.00000   0.00000
0 Cr1 2s      -0.05908   0.00841   0.00000   0.00000  -0.00000
0 Cr1 3s       0.13044  -0.02045  -0.00000  -0.00000   0.00000
0 Cr1 4s       0.17832  -0.02776  -0.00000  -0.00000   0.00000
0 Cr1 5s      -0.34484   0.06697   0.00000   0.00000  -0.00000
0 Cr1 6s      -0.30799   0.07721   0.00001   0.00000  -0.00000
0 Cr1 2px     -0.00000   0.00000  -0.00124   0.00016   0.00000
0 Cr1 2py     -0.00000  -0.00000   0.00016   0.00124  -0.00000
0 Cr1 2pz     -0.01248  -0.00358  -0.00000  -0.00000  -0.00000
0 Cr1 3px      0.00000  -0.00000   0.00302  -0.00038  -0.00000
0 Cr1 3py      0.00000   0.00000  -0.00038  -0.00302   0.00000
0 Cr1 3pz      0.03399   0.00956   0.00000   0.00000   0.00000
0 Cr1 4px      0.00000  -0.00000   0.00291  -0.00036   0.00000
0 Cr1 4py      0.00000  -0.00000  -0.00036  -0.00291  -0.00000
0 Cr1 4pz      0.01215   0.00488   0.00000  -0.00000  -0.00000
0 Cr1 5px     -0.00000   0.00000  -0.00186   0.00023   0.00000
0 Cr1 5py     -0.00000   0.00000   0.00023   0.00186  -0.00000
0 Cr1 5pz     -0.03280  -0.00663  -0.00000   0.00000   0.00000
0 Cr1 3dxy    -0.00000   0.00000   0.00000  -0.00000   0.43015
0 Cr1 3dyz     0.00000  -0.00001   0.05286   0.42310   0.00000
0 Cr1 3dz^2   -0.06763  -0.41896  -0.00003  -0.00000   0.00000
0 Cr1 3dxz     0.00000   0.00003  -0.42310   0.05286   0.00000
0 Cr1 3dx2-y2  -0.00000   0.00000   0.00000  -0.00000   0.05816
0 Cr1 4dxy    -0.00000   0.00000   0.00000  -0.00000   0.28766
0 Cr1 4dyz    -0.00000  -0.00000   0.03542   0.28352   0.00000
0 Cr1 4dz^2   -0.04632  -0.28013  -0.00002  -0.00000   0.00000
0 Cr1 4dxz    -0.00000   0.00002  -0.28352   0.03542   0.00000
0 Cr1 4dx2-y2   0.00000   0.00000   0.00000  -0.00000   0.03889
0 Cr1 5dxy    -0.00000   0.00000   0.00000  -0.00000   0.16286
0 Cr1 5dyz    -0.00000  -0.00000   0.02042   0.16345   0.00000
0 Cr1 5dz^2   -0.03231  -0.16382  -0.00001  -0.00000   0.00000
0 Cr1 5dxz     0.00000   0.00001  -0.16345   0.02042   0.00000
0 Cr1 5dx2-y2  -0.00000   0.00000   0.00000  -0.00000   0.02202
0 Cr1 6dxy     0.00000  -0.00000  -0.00000  -0.00000   0.01555
0 Cr1 6dyz    -0.00000   0.00000   0.00199   0.01590   0.00000
0 Cr1 6dz^2    0.00407  -0.01436  -0.00000  -0.00000   0.00000
0 Cr1 6dxz    -0.00000   0.00000  -0.01590   0.00199   0.00000
0 Cr1 6dx2-y2   0.00000   0.00000  -0.00000  -0.00000   0.00210
0 Cr1 4f-3    -0.00000   0.00000   0.00000  -0.00000  -0.00000
0 Cr1 4f-2     0.00000   0.00000  -0.00000   0.00000  -0.00055
0 Cr1 4f-1    -0.00000   0.00000  -0.00005  -0.00039  -0.00000
0 Cr1 4f 0    -0.00050   0.00043  -0.00000   0.00000  -0.00000
0 Cr1 4f 1     0.00000   0.00000   0.00039  -0.00005  -0.00000
0 Cr1 4f 2     0.00000   0.00000  -0.00000   0.00000  -0.00007
0 Cr1 4f 3     0.00000  -0.00000   0.00000  -0.00000   0.00000
1 Cr2 1s       0.01698  -0.00254  -0.00000  -0.00000   0.00000
1 Cr2 2s      -0.05908   0.00841   0.00000   0.00000  -0.00000
1 Cr2 3s       0.13044  -0.02045  -0.00000  -0.00000   0.00000
1 Cr2 4s       0.17832  -0.02776  -0.00000  -0.00000   0.00000
1 Cr2 5s      -0.34485   0.06698   0.00000   0.00000  -0.00000
1 Cr2 6s      -0.30799   0.07721   0.00001   0.00000  -0.00000
1 Cr2 2px      0.00000   0.00000  -0.00124   0.00016   0.00000
1 Cr2 2py      0.00000  -0.00000   0.00016   0.00124  -0.00000
1 Cr2 2pz      0.01248   0.00358   0.00000   0.00000   0.00000
1 Cr2 3px     -0.00000   0.00000   0.00302  -0.00038   0.00000
1 Cr2 3py     -0.00000   0.00000  -0.00038  -0.00302   0.00000
1 Cr2 3pz     -0.03399  -0.00956  -0.00000  -0.00000  -0.00000
1 Cr2 4px      0.00000  -0.00000   0.00291  -0.00036   0.00000
1 Cr2 4py     -0.00000   0.00000  -0.00036  -0.00291  -0.00000
1 Cr2 4pz     -0.01215  -0.00488  -0.00000  -0.00000   0.00000
1 Cr2 5px     -0.00000   0.00000  -0.00186   0.00023  -0.00000
1 Cr2 5py      0.00000  -0.00000   0.00023   0.00186  -0.00000
1 Cr2 5pz      0.03280   0.00663   0.00000   0.00000  -0.00000
1 Cr2 3dxy     0.00000   0.00000   0.00000  -0.00000   0.43015
1 Cr2 3dyz    -0.00000   0.00001  -0.05286  -0.42310  -0.00000
1 Cr2 3dz^2   -0.06763  -0.41896  -0.00003  -0.00001   0.00000
1 Cr2 3dxz     0.00000  -0.00003   0.42310  -0.05286  -0.00000
1 Cr2 3dx2-y2  -0.00000   0.00000   0.00000  -0.00000   0.05816
1 Cr2 4dxy    -0.00000   0.00000   0.00000  -0.00000   0.28766
1 Cr2 4dyz     0.00000   0.00001  -0.03542  -0.28352  -0.00000
1 Cr2 4dz^2   -0.04632  -0.28013  -0.00002  -0.00000   0.00000
1 Cr2 4dxz     0.00000  -0.00002   0.28352  -0.03542  -0.00000
1 Cr2 4dx2-y2  -0.00000   0.00000   0.00000  -0.00000   0.03889
1 Cr2 5dxy     0.00000   0.00000   0.00000  -0.00000   0.16286
1 Cr2 5dyz     0.00000   0.00000  -0.02042  -0.16345  -0.00000
1 Cr2 5dz^2   -0.03231  -0.16382  -0.00001  -0.00000   0.00000
1 Cr2 5dxz     0.00000  -0.00001   0.16345  -0.02042  -0.00000
1 Cr2 5dx2-y2  -0.00000   0.00000  -0.00000  -0.00000   0.02202
1 Cr2 6dxy    -0.00000   0.00000  -0.00000  -0.00000   0.01555
1 Cr2 6dyz    -0.00000   0.00000  -0.00199  -0.01590   0.00000
1 Cr2 6dz^2    0.00407  -0.01436  -0.00000   0.00000   0.00000
1 Cr2 6dxz    -0.00000  -0.00000   0.01590  -0.00199   0.00000
1 Cr2 6dx2-y2   0.00000  -0.00000   0.00000   0.00000   0.00210
1 Cr2 4f-3     0.00000   0.00000  -0.00000   0.00000  -0.00000
1 Cr2 4f-2     0.00000  -0.00000   0.00000   0.00000   0.00055
1 Cr2 4f-1    -0.00000  -0.00000  -0.00005  -0.00039   0.00000
1 Cr2 4f 0     0.00050  -0.00043   0.00000  -0.00000  -0.00000
1 Cr2 4f 1     0.00000   0.00000   0.00039  -0.00005  -0.00000
1 Cr2 4f 2    -0.00000   0.00000  -0.00000   0.00000   0.00007
1 Cr2 4f 3    -0.00000   0.00000  -0.00000   0.00000   0.00000
               #6        #7        #8        #9        #10      
0 Cr1 1s       0.00000  -0.00000  -0.00000  -0.00000  -0.00000
0 Cr1 2s      -0.00000   0.00000   0.00000   0.00000   0.00000
0 Cr1 3s       0.00000   0.00000  -0.00000  -0.00000  -0.00000
0 Cr1 4s      -0.00000  -0.00000   0.00000  -0.00000  -0.00000
0 Cr1 5s       0.00000   0.00000  -0.00000   0.00000   0.00001
0 Cr1 6s      -0.00000   0.00000   0.00000   0.00000   0.00000
0 Cr1 2px     -0.00000   0.00000  -0.00000  -0.00036   0.00289
0 Cr1 2py      0.00000   0.00000   0.00000  -0.00289  -0.00036
0 Cr1 2pz     -0.00000  -0.00000   0.00000   0.00000   0.00000
0 Cr1 3px      0.00000  -0.00000   0.00000   0.00100  -0.00801
0 Cr1 3py     -0.00000  -0.00000  -0.00000   0.00801   0.00100
0 Cr1 3pz      0.00000   0.00000  -0.00000  -0.00000  -0.00000
0 Cr1 4px      0.00000   0.00000  -0.00000   0.00008  -0.00064
0 Cr1 4py      0.00000  -0.00000   0.00000   0.00064   0.00008
0 Cr1 4pz     -0.00000  -0.00000  -0.00000   0.00000  -0.00000
0 Cr1 5px     -0.00000   0.00000   0.00000  -0.00042   0.00334
0 Cr1 5py     -0.00000   0.00000  -0.00000  -0.00334  -0.00042
0 Cr1 5pz      0.00000  -0.00000   0.00000  -0.00000  -0.00000
0 Cr1 3dxy    -0.05816   0.05872  -0.43439  -0.00000   0.00000
0 Cr1 3dyz     0.00000  -0.00000  -0.00000   0.44088   0.05509
0 Cr1 3dz^2    0.00000  -0.00000  -0.00000  -0.00000  -0.00003
0 Cr1 3dxz     0.00000  -0.00000  -0.00000   0.05509  -0.44088
0 Cr1 3dx2-y2   0.43015  -0.43439  -0.05872  -0.00000   0.00000
0 Cr1 4dxy    -0.03889   0.03922  -0.29016  -0.00000   0.00000
0 Cr1 4dyz     0.00000  -0.00000  -0.00000   0.29379   0.03671
0 Cr1 4dz^2    0.00000  -0.00000  -0.00000  -0.00000  -0.00002
0 Cr1 4dxz     0.00000  -0.00000  -0.00000   0.03671  -0.29379
0 Cr1 4dx2-y2   0.28766  -0.29016  -0.03922  -0.00000   0.00000
0 Cr1 5dxy    -0.02202   0.02212  -0.16362  -0.00000  -0.00000
0 Cr1 5dyz     0.00000  -0.00000  -0.00000   0.16800   0.02099
0 Cr1 5dz^2    0.00000  -0.00000  -0.00000  -0.00000  -0.00001
0 Cr1 5dxz     0.00000  -0.00000  -0.00000   0.02099  -0.16800
0 Cr1 5dx2-y2   0.16286  -0.16362  -0.02212  -0.00000   0.00000
0 Cr1 6dxy    -0.00210   0.00199  -0.01471   0.00000   0.00000
0 Cr1 6dyz     0.00000   0.00000  -0.00000   0.01473   0.00184
0 Cr1 6dz^2    0.00000  -0.00000  -0.00000   0.00000  -0.00000
0 Cr1 6dxz     0.00000  -0.00000   0.00000   0.00184  -0.01473
0 Cr1 6dx2-y2   0.01555  -0.01470  -0.00199   0.00000   0.00000
0 Cr1 4f-3    -0.00000  -0.00000  -0.00000   0.00000   0.00000
0 Cr1 4f-2     0.00007  -0.00010   0.00072  -0.00000   0.00000
0 Cr1 4f-1     0.00000  -0.00000  -0.00000  -0.00094  -0.00012
0 Cr1 4f 0     0.00000  -0.00000  -0.00000  -0.00000   0.00000
0 Cr1 4f 1     0.00000   0.00000  -0.00000  -0.00012   0.00094
0 Cr1 4f 2    -0.00055   0.00072   0.00010   0.00000   0.00000
0 Cr1 4f 3     0.00000   0.00000   0.00000   0.00000   0.00000
1 Cr2 1s       0.00000   0.00000   0.00000   0.00000   0.00000
1 Cr2 2s      -0.00000  -0.00000  -0.00000  -0.00000  -0.00000
1 Cr2 3s       0.00000   0.00000   0.00000   0.00000   0.00000
1 Cr2 4s       0.00000   0.00000   0.00000   0.00000   0.00000
1 Cr2 5s      -0.00000   0.00000  -0.00000  -0.00000  -0.00001
1 Cr2 6s      -0.00000  -0.00000  -0.00000  -0.00000  -0.00001
1 Cr2 2px     -0.00000  -0.00000  -0.00000   0.00036  -0.00289
1 Cr2 2py     -0.00000  -0.00000  -0.00000   0.00289   0.00036
1 Cr2 2pz      0.00000   0.00000  -0.00000   0.00000   0.00000
1 Cr2 3px      0.00000   0.00000   0.00000  -0.00100   0.00801
1 Cr2 3py      0.00000   0.00000   0.00000  -0.00801  -0.00100
1 Cr2 3pz     -0.00000  -0.00000   0.00000  -0.00000  -0.00000
1 Cr2 4px      0.00000   0.00000   0.00000  -0.00008   0.00064
1 Cr2 4py     -0.00000  -0.00000  -0.00000  -0.00064  -0.00008
1 Cr2 4pz      0.00000  -0.00000  -0.00000   0.00000  -0.00000
1 Cr2 5px     -0.00000  -0.00000  -0.00000   0.00042  -0.00334
1 Cr2 5py     -0.00000  -0.00000  -0.00000   0.00334   0.00042
1 Cr2 5pz      0.00000   0.00000   0.00000  -0.00000  -0.00000
1 Cr2 3dxy    -0.05816  -0.05872   0.43439   0.00000  -0.00000
1 Cr2 3dyz    -0.00000  -0.00000  -0.00000   0.44088   0.05509
1 Cr2 3dz^2    0.00000   0.00000   0.00000   0.00001   0.00003
1 Cr2 3dxz    -0.00000  -0.00000  -0.00000   0.05509  -0.44088
1 Cr2 3dx2-y2   0.43015   0.43439   0.05872   0.00000  -0.00000
1 Cr2 4dxy    -0.03889  -0.03922   0.29016   0.00000  -0.00000
1 Cr2 4dyz    -0.00000  -0.00000  -0.00000   0.29379   0.03671
1 Cr2 4dz^2    0.00000   0.00000   0.00000   0.00000   0.00002
1 Cr2 4dxz    -0.00000  -0.00000  -0.00000   0.03671  -0.29379
1 Cr2 4dx2-y2   0.28766   0.29016   0.03922   0.00000  -0.00000
1 Cr2 5dxy    -0.02202  -0.02212   0.16362   0.00000   0.00000
1 Cr2 5dyz    -0.00000  -0.00000  -0.00000   0.16800   0.02099
1 Cr2 5dz^2    0.00000  -0.00000   0.00000   0.00000   0.00001
1 Cr2 5dxz    -0.00000  -0.00000  -0.00000   0.02099  -0.16800
1 Cr2 5dx2-y2   0.16286   0.16362   0.02212   0.00000   0.00000
1 Cr2 6dxy    -0.00210  -0.00199   0.01471   0.00000  -0.00000
1 Cr2 6dyz     0.00000   0.00000  -0.00000   0.01473   0.00184
1 Cr2 6dz^2   -0.00000   0.00000   0.00000   0.00000   0.00000
1 Cr2 6dxz     0.00000   0.00000   0.00000   0.00184  -0.01473
1 Cr2 6dx2-y2   0.01555   0.01470   0.00199   0.00000  -0.00000
1 Cr2 4f-3     0.00000   0.00000  -0.00000   0.00000   0.00000
1 Cr2 4f-2    -0.00007  -0.00010   0.00072   0.00000   0.00000
1 Cr2 4f-1    -0.00000  -0.00000   0.00000   0.00094   0.00012
1 Cr2 4f 0     0.00000  -0.00000  -0.00000  -0.00000   0.00000
1 Cr2 4f 1     0.00000   0.00000   0.00000   0.00012  -0.00094
1 Cr2 4f 2     0.00055   0.00072   0.00010   0.00000   0.00000
1 Cr2 4f 3    -0.00000  -0.00000  -0.00000  -0.00000  -0.00000
               #11       #12      
0 Cr1 1s       0.00389   0.01973
0 Cr1 2s      -0.01304  -0.06545
0 Cr1 3s       0.03065   0.15819
0 Cr1 4s       0.03564   0.20785
0 Cr1 5s      -0.07545  -0.61530
0 Cr1 6s      -0.06841  -0.44807
0 Cr1 2px      0.00000  -0.00000
0 Cr1 2py     -0.00000  -0.00000
0 Cr1 2pz     -0.00329   0.01087
0 Cr1 3px     -0.00000   0.00000
0 Cr1 3py      0.00000   0.00000
0 Cr1 3pz      0.00871  -0.02815
0 Cr1 4px      0.00000   0.00000
0 Cr1 4py      0.00000   0.00000
0 Cr1 4pz      0.00174  -0.01339
0 Cr1 5px     -0.00000  -0.00000
0 Cr1 5py     -0.00000  -0.00000
0 Cr1 5pz      0.01303  -0.02329
0 Cr1 3dxy    -0.00000  -0.00000
0 Cr1 3dyz     0.00001  -0.00000
0 Cr1 3dz^2    0.43529  -0.10757
0 Cr1 3dxz    -0.00003  -0.00000
0 Cr1 3dx2-y2  -0.00000  -0.00000
0 Cr1 4dxy    -0.00000   0.00000
0 Cr1 4dyz     0.00001   0.00000
0 Cr1 4dz^2    0.29036  -0.06895
0 Cr1 4dxz    -0.00002   0.00000
0 Cr1 4dx2-y2  -0.00000   0.00000
0 Cr1 5dxy    -0.00000  -0.00000
0 Cr1 5dyz     0.00000  -0.00000
0 Cr1 5dz^2    0.17209  -0.03783
0 Cr1 5dxz    -0.00001   0.00000
0 Cr1 5dx2-y2  -0.00000  -0.00000
0 Cr1 6dxy    -0.00000   0.00000
0 Cr1 6dyz     0.00000  -0.00000
0 Cr1 6dz^2    0.01581   0.00560
0 Cr1 6dxz    -0.00000  -0.00000
0 Cr1 6dx2-y2   0.00000   0.00000
0 Cr1 4f-3     0.00000  -0.00000
0 Cr1 4f-2    -0.00000  -0.00000
0 Cr1 4f-1     0.00000  -0.00000
0 Cr1 4f 0    -0.00095   0.00032
0 Cr1 4f 1    -0.00000  -0.00000
0 Cr1 4f 2     0.00000  -0.00000
0 Cr1 4f 3    -0.00000   0.00000
1 Cr2 1s      -0.00389  -0.01973
1 Cr2 2s       0.01304   0.06545
1 Cr2 3s      -0.03065  -0.15819
1 Cr2 4s      -0.03564  -0.20785
1 Cr2 5s       0.07545   0.61531
1 Cr2 6s       0.06841   0.44807
1 Cr2 2px     -0.00000  -0.00000
1 Cr2 2py      0.00000  -0.00000
1 Cr2 2pz     -0.00329   0.01087
1 Cr2 3px      0.00000   0.00000
1 Cr2 3py     -0.00000   0.00000
1 Cr2 3pz      0.00871  -0.02815
1 Cr2 4px      0.00000  -0.00000
1 Cr2 4py      0.00000   0.00000
1 Cr2 4pz      0.00174  -0.01339
1 Cr2 5px     -0.00000  -0.00000
1 Cr2 5py     -0.00000  -0.00000
1 Cr2 5pz      0.01303  -0.02329
1 Cr2 3dxy     0.00000   0.00000
1 Cr2 3dyz     0.00001   0.00000
1 Cr2 3dz^2   -0.43529   0.10757
1 Cr2 3dxz    -0.00003  -0.00000
1 Cr2 3dx2-y2   0.00000   0.00000
1 Cr2 4dxy     0.00000  -0.00000
1 Cr2 4dyz     0.00001   0.00000
1 Cr2 4dz^2   -0.29036   0.06895
1 Cr2 4dxz    -0.00002  -0.00000
1 Cr2 4dx2-y2   0.00000   0.00000
1 Cr2 5dxy     0.00000  -0.00000
1 Cr2 5dyz     0.00000  -0.00000
1 Cr2 5dz^2   -0.17209   0.03783
1 Cr2 5dxz    -0.00001   0.00000
1 Cr2 5dx2-y2   0.00000  -0.00000
1 Cr2 6dxy     0.00000   0.00000
1 Cr2 6dyz    -0.00000  -0.00000
1 Cr2 6dz^2   -0.01582  -0.00560
1 Cr2 6dxz    -0.00000  -0.00000
1 Cr2 6dx2-y2  -0.00000  -0.00000
1 Cr2 4f-3     0.00000   0.00000
1 Cr2 4f-2     0.00000  -0.00000
1 Cr2 4f-1     0.00000  -0.00000
1 Cr2 4f 0    -0.00095   0.00032
1 Cr2 4f 1    -0.00000   0.00000
1 Cr2 4f 2     0.00000  -0.00000
1 Cr2 4f 3     0.00000   0.00000
<CAS-nat-orb|mo-hf>  19  19    0.99985808
<CAS-nat-orb|mo-hf>  20  20    0.99986077
<CAS-nat-orb|mo-hf>  21  22    0.96685706
<CAS-nat-orb|mo-hf>  22  21    0.96685706
<CAS-nat-orb|mo-hf>  23  23   -0.59313289
<CAS-nat-orb|mo-hf>  23  24    0.80510449
<CAS-nat-orb|mo-hf>  24  23    0.80510449
<CAS-nat-orb|mo-hf>  24  24    0.59313289
<CAS-nat-orb|mo-hf>  25  25    0.67072256
<CAS-nat-orb|mo-hf>  25  26    0.74170814
<CAS-nat-orb|mo-hf>  26  25    0.74170814
<CAS-nat-orb|mo-hf>  26  26   -0.67072256
<CAS-nat-orb|mo-hf>  27  28    0.99967554
<CAS-nat-orb|mo-hf>  28  27    0.99967554
<CAS-nat-orb|mo-hf>  29  29    0.99993205
<CAS-nat-orb|mo-hf>  30  30    0.99980212
i = 1  <i|F|i> = -220.38363276
i = 2  <i|F|i> = -220.38363032
i = 3  <i|F|i> = -26.20819649
i = 4  <i|F|i> = -26.20818591
i = 5  <i|F|i> = -22.13830669
i = 6  <i|F|i> = -22.13830654
i = 7  <i|F|i> = -22.13811984
i = 8  <i|F|i> = -22.13811980
i = 9  <i|F|i> = -22.13811855
i = 10  <i|F|i> = -22.13811853
i = 11  <i|F|i> =  -3.28355287
i = 12  <i|F|i> =  -3.28329986
i = 13  <i|F|i> =  -2.05103301
i = 14  <i|F|i> =  -2.04890411
i = 15  <i|F|i> =  -2.04890406
i = 16  <i|F|i> =  -2.04848748
i = 17  <i|F|i> =  -2.04848746
i = 18  <i|F|i> =  -2.04776870
i = 19  <i|F|i> =  -0.16523819
i = 20  <i|F|i> =   0.01875200
i = 21  <i|F|i> =   0.02384278
i = 22  <i|F|i> =   0.02384296
i = 23  <i|F|i> =   0.04383976
i = 24  <i|F|i> =   0.04383983
i = 25  <i|F|i> =   0.05445576
i = 26  <i|F|i> =   0.05445581
i = 27  <i|F|i> =   0.07177551
i = 28  <i|F|i> =   0.07177549
i = 29  <i|F|i> =   0.06778825
i = 30  <i|F|i> =   0.03440773
i = 31  <i|F|i> =   0.10446127
i = 32  <i|F|i> =   0.11732128
i = 33  <i|F|i> =   0.11732134
i = 34  <i|F|i> =   0.15056581
i = 35  <i|F|i> =   0.15056586
i = 36  <i|F|i> =   0.15289451
i = 37  <i|F|i> =   0.16058129
i = 38  <i|F|i> =   0.16058136
i = 39  <i|F|i> =   0.16230032
i = 40  <i|F|i> =   0.20060141
i = 41  <i|F|i> =   0.20060147
i = 42  <i|F|i> =   0.21673717
i = 43  <i|F|i> =   0.22373736
i = 44  <i|F|i> =   0.22373741
i = 45  <i|F|i> =   0.27347155
i = 46  <i|F|i> =   0.33573762
i = 47  <i|F|i> =   0.33573766
i = 48  <i|F|i> =   0.47718455
i = 49  <i|F|i> =   0.66212720
i = 50  <i|F|i> =   0.66212753
i = 51  <i|F|i> =   0.68670215
i = 52  <i|F|i> =   0.68670219
i = 53  <i|F|i> =   0.73293859
i = 54  <i|F|i> =   0.73293861
i = 55  <i|F|i> =   0.73630678
i = 56  <i|F|i> =   0.77802998
i = 57  <i|F|i> =   0.77803022
i = 58  <i|F|i> =   0.90481304
i = 59  <i|F|i> =   1.69698798
i = 60  <i|F|i> =   1.69698799
i = 61  <i|F|i> =   1.80234246
i = 62  <i|F|i> =   1.80234248
i = 63  <i|F|i> =   1.82953420
i = 64  <i|F|i> =   1.86122520
i = 65  <i|F|i> =   2.37303811
i = 66  <i|F|i> =   2.52974302
i = 67  <i|F|i> =   2.56662211
i = 68  <i|F|i> =   2.56662216
i = 69  <i|F|i> =   2.58570253
i = 70  <i|F|i> =   2.58570265
i = 71  <i|F|i> =   2.58742232
i = 72  <i|F|i> =   2.58742245
i = 73  <i|F|i> =   2.59209871
i = 74  <i|F|i> =   2.59209873
i = 75  <i|F|i> =   2.64483810
i = 76  <i|F|i> =   2.71200719
i = 77  <i|F|i> =   3.45352872
i = 78  <i|F|i> =   3.45352874
i = 79  <i|F|i> =   3.45372054
i = 80  <i|F|i> =   3.45372056
i = 81  <i|F|i> =   3.45375154
i = 82  <i|F|i> =   3.45375158
i = 83  <i|F|i> =   3.45377173
i = 84  <i|F|i> =   3.45377176
i = 85  <i|F|i> =   3.45647605
i = 86  <i|F|i> =   3.45647609
i = 87  <i|F|i> =   3.45721958
i = 88  <i|F|i> =   3.46035416
i = 89  <i|F|i> =   3.46035420
i = 90  <i|F|i> =   3.52216022
    CPU time for 1-step CASSCF    382.69 sec, wall time     66.31 sec
CASSCF energy = -2086.67268098304
CASCI E = -2086.67268098304  E(CI) = -26.6377144806988  S^2 = 0.0000000
Overwritten attributes  contract_2e  of <class 'pyscf.fci.direct_spin1.FCISolver'>
