

******** <class 'pyscf.scf.hf.RHF'> ********
method = RHF
initial guess = minao
damping factor = 0
level_shift factor = 0
DIIS = <class 'pyscf.scf.diis.CDIIS'>
diis_start_cycle = 1
diis_space = 8
SCF conv_tol = 1e-09
SCF conv_tol_grad = None
SCF max_cycles = 1
direct_scf = True
direct_scf_tol = 1e-13
chkfile to save SCF result = /share/home/srwang/automr_inputlibrary/suhf_vs_gvb/Cr2_40/tmpk7cuh7ha
max_memory 10000 MB (current use 70 MB)
Set gradient conv threshold to 3.16228e-05
init E= -2084.44644422146

WARN: HOMO -0.185954168135558 == LUMO -0.18595416813555

cycle= 1 E= -2085.19780958592  delta_E= -0.751  |g|= 0.183  |ddm|= 1.99
SCF not converged.
SCF energy = -2085.19780958592

Orthonormality check: j=  30 i=  47 maxv= 6.48346260E-09

******** <class 'pyscf.mcscf.mc1step.CASSCF'> ********
CAS (6e+6e, 12o), ncore = 18, nvir = 60
max_cycle_macro = 200
max_cycle_micro = 4
conv_tol = 1e-07
conv_tol_grad = None
orbital rotation max_stepsize = 0.02
augmented hessian ah_max_cycle = 30
augmented hessian ah_conv_tol = 1e-12
augmented hessian ah_linear dependence = 1e-14
augmented hessian ah_level shift = 0
augmented hessian ah_start_tol = 2.5
augmented hessian ah_start_cycle = 3
augmented hessian ah_grad_trust_region = 3
kf_trust_region = 3
kf_interval = 4
ci_response_space = 4
ci_grad_trust_region = 3
with_dep4 0
natorb = True
canonicalization = True
sorting_mo_energy = False
ao2mo_level = 2
chkfile = /share/home/srwang/automr_inputlibrary/suhf_vs_gvb/Cr2_40/tmpk7cuh7ha
max_memory 5000 MB (current use 182 MB)
internal_rotation = False
******** <class 'pyscf.fci.direct_spin1.FCISolver'> ********
max. cycles = 300
conv_tol = 1e-08
davidson only = True
linear dependence = 1e-10
level shift = 0.2
max iter space = 100
max_memory 5000 MB
nroots = 1
pspace_size = 1200
spin = 0
Start 1-step CASSCF
Start CASCI
    CPU time for integral transformation to CAS space      0.00 sec, wall time      0.00 sec
core energy = -2061.62328435383
    CPU time for effective h1e in CAS space      0.00 sec, wall time      0.00 sec
davidson 0 1  |r|= 1.15  e= [-23.50649413]  max|de|= -23.5  lindep=    1
davidson 1 2  |r|= 0.817  e= [-24.03873037]  max|de|= -0.532  lindep= 0.948
davidson 2 3  |r|= 0.733  e= [-24.0855987]  max|de|= -0.0469  lindep= 0.892
davidson 3 4  |r|= 0.68  e= [-24.11194091]  max|de|= -0.0263  lindep= 0.991
davidson 4 5  |r|= 0.677  e= [-24.11343671]  max|de|= -0.0015  lindep= 0.59
davidson 5 6  |r|= 0.668  e= [-24.12217976]  max|de|= -0.00874  lindep= 0.974
davidson 6 7  |r|= 0.658  e= [-24.12807431]  max|de|= -0.00589  lindep= 0.991
davidson 7 8  |r|= 0.657  e= [-24.12858017]  max|de|= -0.000506  lindep= 0.192
davidson 8 9  |r|= 0.656  e= [-24.13099145]  max|de|= -0.00241  lindep= 0.497
davidson 9 10  |r|= 0.647  e= [-24.1373156]  max|de|= -0.00632  lindep= 0.953
davidson 10 11  |r|= 0.642  e= [-24.13977982]  max|de|= -0.00246  lindep= 0.946
davidson 11 12  |r|= 0.634  e= [-24.14472296]  max|de|= -0.00494  lindep= 0.637
davidson 12 13  |r|= 0.557  e= [-24.24084059]  max|de|= -0.0961  lindep= 0.89
davidson 13 14  |r|= 0.466  e= [-24.31747846]  max|de|= -0.0766  lindep= 0.984
davidson 14 15  |r|= 0.465  e= [-24.32102362]  max|de|= -0.00355  lindep= 0.712
davidson 15 16  |r|= 0.458  e= [-24.32962531]  max|de|= -0.0086  lindep= 0.493
davidson 16 17  |r|= 0.437  e= [-24.40507968]  max|de|= -0.0755  lindep= 0.975
davidson 17 18  |r|= 0.434  e= [-24.40644422]  max|de|= -0.00136  lindep= 0.24
davidson 18 19  |r|= 0.433  e= [-24.40778708]  max|de|= -0.00134  lindep= 0.724
davidson 19 20  |r|= 0.433  e= [-24.40810191]  max|de|= -0.000315  lindep= 0.942
davidson 20 21  |r|= 0.433  e= [-24.40815335]  max|de|= -5.14e-05  lindep= 0.279
davidson 21 22  |r|= 0.435  e= [-24.40834123]  max|de|= -0.000188  lindep= 0.151
davidson 22 23  |r|= 0.437  e= [-24.40998561]  max|de|= -0.00164  lindep= 0.805
davidson 23 24  |r|= 0.436  e= [-24.41018166]  max|de|= -0.000196  lindep= 0.228
davidson 24 25  |r|= 0.434  e= [-24.41217265]  max|de|= -0.00199  lindep= 0.263
davidson 25 26  |r|= 0.44  e= [-24.41704166]  max|de|= -0.00487  lindep= 0.119
davidson 26 27  |r|= 0.405  e= [-24.46035158]  max|de|= -0.0433  lindep= 0.846
davidson 27 28  |r|= 0.395  e= [-24.4645975]  max|de|= -0.00425  lindep= 0.805
davidson 28 29  |r|= 0.392  e= [-24.46947724]  max|de|= -0.00488  lindep= 0.845
davidson 29 30  |r|= 0.39  e= [-24.46992741]  max|de|= -0.00045  lindep= 0.888
davidson 30 31  |r|= 0.389  e= [-24.46993649]  max|de|= -9.09e-06  lindep= 0.028
davidson 31 32  |r|= 0.372  e= [-24.47921114]  max|de|= -0.00927  lindep= 0.343
davidson 32 33  |r|= 0.394  e= [-24.48838139]  max|de|= -0.00917  lindep= 0.454
davidson 33 34  |r|= 0.411  e= [-24.49207283]  max|de|= -0.00369  lindep= 0.358
davidson 34 35  |r|= 0.413  e= [-24.52064116]  max|de|= -0.0286  lindep= 0.607
davidson 35 36  |r|= 0.372  e= [-24.58153956]  max|de|= -0.0609  lindep=  0.8
davidson 36 37  |r|= 0.288  e= [-24.64254912]  max|de|= -0.061  lindep= 0.969
davidson 37 38  |r|= 0.187  e= [-24.67393989]  max|de|= -0.0314  lindep= 0.953
davidson 38 39  |r|= 0.149  e= [-24.68783132]  max|de|= -0.0139  lindep= 0.887
davidson 39 40  |r|= 0.164  e= [-24.70141181]  max|de|= -0.0136  lindep= 0.904
davidson 40 41  |r|= 0.233  e= [-24.7334573]  max|de|= -0.032  lindep= 0.971
davidson 41 42  |r|= 0.237  e= [-24.77193108]  max|de|= -0.0385  lindep= 0.977
davidson 42 43  |r|= 0.224  e= [-24.80268223]  max|de|= -0.0308  lindep= 0.991
davidson 43 44  |r|= 0.205  e= [-24.82995339]  max|de|= -0.0273  lindep= 0.981
davidson 44 45  |r|= 0.221  e= [-24.85545262]  max|de|= -0.0255  lindep= 0.99
davidson 45 46  |r|= 0.195  e= [-24.88332236]  max|de|= -0.0279  lindep= 0.99
davidson 46 47  |r|= 0.216  e= [-24.90598219]  max|de|= -0.0227  lindep= 0.984
davidson 47 48  |r|= 0.233  e= [-24.9364407]  max|de|= -0.0305  lindep= 0.987
davidson 48 49  |r|= 0.208  e= [-24.96381482]  max|de|= -0.0274  lindep= 0.992
davidson 49 50  |r|= 0.21  e= [-24.98690123]  max|de|= -0.0231  lindep= 0.995
davidson 50 51  |r|= 0.24  e= [-24.99998773]  max|de|= -0.0131  lindep= 0.977
davidson 51 52  |r|= 0.16  e= [-25.01213929]  max|de|= -0.0122  lindep= 0.978
davidson 52 53  |r|= 0.134  e= [-25.02381601]  max|de|= -0.0117  lindep= 0.986
davidson 53 54  |r|= 0.119  e= [-25.03177424]  max|de|= -0.00796  lindep= 0.991
davidson 54 55  |r|= 0.119  e= [-25.03602706]  max|de|= -0.00425  lindep= 0.973
davidson 55 56  |r|= 0.0818  e= [-25.03963034]  max|de|= -0.0036  lindep= 0.976
davidson 56 57  |r|= 0.054  e= [-25.04239243]  max|de|= -0.00276  lindep= 0.993
davidson 57 58  |r|= 0.0461  e= [-25.0438672]  max|de|= -0.00147  lindep= 0.993
davidson 58 59  |r|= 0.0455  e= [-25.04494555]  max|de|= -0.00108  lindep= 0.993
davidson 59 60  |r|= 0.0409  e= [-25.04558313]  max|de|= -0.000638  lindep= 0.982
davidson 60 61  |r|= 0.0326  e= [-25.04609494]  max|de|= -0.000512  lindep= 0.982
davidson 61 62  |r|= 0.0304  e= [-25.04652873]  max|de|= -0.000434  lindep= 0.99
davidson 62 63  |r|= 0.03  e= [-25.04681663]  max|de|= -0.000288  lindep= 0.98
davidson 63 64  |r|= 0.0251  e= [-25.04708442]  max|de|= -0.000268  lindep= 0.976
davidson 64 65  |r|= 0.0232  e= [-25.04734922]  max|de|= -0.000265  lindep= 0.991
davidson 65 66  |r|= 0.0203  e= [-25.04751804]  max|de|= -0.000169  lindep= 0.982
davidson 66 67  |r|= 0.0153  e= [-25.04764369]  max|de|= -0.000126  lindep= 0.981
davidson 67 68  |r|= 0.0125  e= [-25.04773729]  max|de|= -9.36e-05  lindep= 0.991
davidson 68 69  |r|= 0.0107  e= [-25.04779186]  max|de|= -5.46e-05  lindep= 0.989
davidson 69 70  |r|= 0.00819  e= [-25.04782599]  max|de|= -3.41e-05  lindep= 0.982
davidson 70 71  |r|= 0.00662  e= [-25.04785164]  max|de|= -2.57e-05  lindep= 0.992
davidson 71 72  |r|= 0.00593  e= [-25.04786722]  max|de|= -1.56e-05  lindep= 0.989
davidson 72 73  |r|= 0.00394  e= [-25.04787567]  max|de|= -8.45e-06  lindep= 0.98
davidson 73 74  |r|= 0.00263  e= [-25.04788037]  max|de|= -4.71e-06  lindep= 0.99
davidson 74 75  |r|= 0.00224  e= [-25.0478829]  max|de|= -2.52e-06  lindep= 0.989
davidson 75 76  |r|= 0.00164  e= [-25.04788421]  max|de|= -1.31e-06  lindep= 0.982
davidson 76 77  |r|= 0.00143  e= [-25.04788494]  max|de|= -7.32e-07  lindep= 0.986
davidson 77 78  |r|= 0.00101  e= [-25.04788533]  max|de|= -3.95e-07  lindep= 0.977
davidson 78 79  |r|= 0.000658  e= [-25.04788564]  max|de|= -3.11e-07  lindep= 0.989
davidson 79 80  |r|= 0.000487  e= [-25.04788582]  max|de|= -1.72e-07  lindep= 0.991
davidson 80 81  |r|= 0.000363  e= [-25.0478859]  max|de|= -8.35e-08  lindep= 0.991
davidson 81 82  |r|= 0.000261  e= [-25.04788595]  max|de|= -4.59e-08  lindep= 0.986
davidson 82 83  |r|= 0.0002  e= [-25.04788597]  max|de|= -2.37e-08  lindep= 0.987
davidson 83 84  |r|= 0.000158  e= [-25.04788598]  max|de|= -1.35e-08  lindep= 0.984
davidson 84 85  |r|= 0.000113  e= [-25.04788599]  max|de|= -8.18e-09  lindep= 0.986
root 0 converged  |r|= 8.72e-05  e= -25.047885995560424  max|de|= -5.05e-09
converged 85 86  |r|= 8.72e-05  e= [-25.047886]  max|de|= -5.05e-09
    CPU time for FCI solver    256.01 sec, wall time     46.34 sec
CAS space CI energy = -25.0478859955606
CASCI E = -2086.6711703494  S^2 = 0.0000000
Set conv_tol_grad to 0.000316228
    CPU time for Initializing 1-step CASSCF    257.54 sec, wall time     46.55 sec
    CPU time for CAS DM      0.97 sec, wall time      0.12 sec
    |g|=0.00266
    CPU time for gen h_op      0.31 sec, wall time      0.04 sec
    imic 1(3)  |g[o]|=0.00161  |dxi|=0.00205  max(|x|)=0.00105  |dr|=0.00205  eig=-3.04e-06  seig=5.97e-06
    imic 2(4)  |g[o]|=0.00106  |dxi|=0.000685  max(|x|)=0.000364  |dr|=0.00259  eig=-2.98e-07  seig=5.95e-06
    imic 3(5)  |g[o]|=0.000326  |dxi|=0.000314  max(|x|)=0.000186  |dr|=0.0028  eig=-9.21e-08  seig=5.94e-06
    CPU time for aug_hess in 3 inner iters      0.65 sec, wall time      0.08 sec
    CPU time for orbital rotation      0.96 sec, wall time      0.12 sec
    CPU time for update CAS DM      7.02 sec, wall time      0.88 sec
micro 1  |u-1|=0.00396  |g[o]|=0.00266  |g[c]|=0.000183  |ddm|=0.00136
    CPU time for micro iter 1      0.02 sec, wall time      0.00 sec
    |g|=0.000332 (keyframe), |g-correction|=8.24e-05
    CPU time for gen h_op      1.26 sec, wall time      0.16 sec
    imic 4(6)  |g[o]|=0.000462  |dxi|=0.00029  max(|x|)=0.000158  |dr|=0.00029  eig=-3.78e-08  seig=5.93e-06
    imic 5(7)  |g[o]|=0.000269  |dxi|=0.000229  max(|x|)=9.34e-05  |dr|=0.000481  eig=-2.64e-08  seig=5.87e-06
    imic 6(8)  |g[o]|=0.000203  |dxi|=0.000178  max(|x|)=6.63e-05  |dr|=0.000626  eig=-1.54e-08  seig=5.87e-06
    imic 7(9)  |g[o]|=0.00011  |dxi|=9.83e-05  max(|x|)=3.6e-05  |dr|=0.000691  eig=-6.61e-09  seig=5.86e-06
    CPU time for aug_hess in 7 inner iters      0.51 sec, wall time      0.06 sec
    CPU time for orbital rotation      1.77 sec, wall time      0.22 sec
    CPU time for update CAS DM      7.07 sec, wall time      0.88 sec
micro 2  |u-1|=0.00452  |g[o]|=0.000332  |g[c]|=0.000305  |ddm|=0.00149
    CPU time for micro iter 2      0.02 sec, wall time      0.00 sec
    |g|=0.000112 (keyframe), |g-correction|=1.71e-05
    CPU time for gen h_op      1.26 sec, wall time      0.16 sec
    imic 8(10)  |g[o]|=6.45e-05  |dxi|=6.88e-05  max(|x|)=2.89e-05  |dr|=6.88e-05  eig=-2.41e-09  seig=5.86e-06
    imic 9(11)  |g[o]|=5.19e-05  |dxi|=2.95e-05  max(|x|)=7.93e-06  |dr|=8.89e-05  eig=-8.08e-10  seig=5.86e-06
    imic 10(12)  |g[o]|=2.58e-05  |dxi|=2.44e-05  max(|x|)=8.93e-06  |dr|=0.000104  eig=-4.03e-10  seig=5.86e-06
    CPU time for orbital rotation      1.64 sec, wall time      0.21 sec
    CPU time for update CAS DM      7.03 sec, wall time      0.88 sec
micro 3  |u-1|=0.00459  |g[o]|=0.000112  |g[c]|=0.000156  |ddm|=0.00165
    CPU time for micro iter 3      0.00 sec, wall time      0.00 sec
Active space overlap to initial guess, SVD = [0.99999999 0.99999999 0.99999998 0.99999998 0.99999998 0.99999998
 0.99999998 0.99999997 0.99999997 0.99999996 0.99999933 0.99999571]
Active space overlap to last step, SVD = [0.99999998 0.99999998 0.99999998 0.99999998 0.99999998 0.99999998
 0.99999998 0.99999997 0.99999997 0.99999996 0.99999933 0.99999571]
    CPU time for update eri      1.08 sec, wall time      0.14 sec
Start CASCI
    CPU time for integral transformation to CAS space      0.00 sec, wall time      0.00 sec
core energy = -2061.62403842627
    CPU time for effective h1e in CAS space      0.00 sec, wall time      0.00 sec
davidson 0 1  |r|= 0.00016  e= [-25.04713562]  max|de|=  -25  lindep=    1
davidson 1 2  |r|= 0.00011  e= [-25.04713562]  max|de|= -4.25e-09  lindep= 0.991
root 0 converged  |r|= 9.7e-05  e= -25.047135623391828  max|de|= -2.73e-09
converged 2 3  |r|= 9.7e-05  e= [-25.04713562]  max|de|= -2.73e-09
    CPU time for FCI solver      8.49 sec, wall time      1.54 sec
CAS space CI energy = -25.047135623392
macro iter 1 (14 JK  3 micro), CASSCF E = -2086.67117404966  dE = -3.7002633e-06  S^2 = 0.0000000
               |grad[o]|=0.00266  |grad[c]|= 0.0001555370935206685  |ddm|=0.00165
    CPU time for CASCI solver     10.03 sec, wall time      1.73 sec
    CPU time for macro iter 1     37.61 sec, wall time      5.18 sec
    |g|=3.23e-05
    CPU time for gen h_op      0.30 sec, wall time      0.04 sec
    imic 1(3)  |g[o]|=2.15e-05  |dxi|=4.36e-05  max(|x|)=1.71e-05  |dr|=4.36e-05  eig=-7.23e-10  seig=5.86e-10
    CPU time for orbital rotation      0.75 sec, wall time      0.09 sec
    CPU time for update CAS DM      7.06 sec, wall time      0.88 sec
micro 1  |u-1|=6.17e-05  |g[o]|=3.23e-05  |g[c]|=9.86e-05  |ddm|=0.000263
    CPU time for micro iter 1      0.00 sec, wall time      0.00 sec
Active space overlap to initial guess, SVD = [0.99999999 0.99999999 0.99999998 0.99999998 0.99999998 0.99999998
 0.99999998 0.99999997 0.99999997 0.99999995 0.99999933 0.99999567]
Active space overlap to last step, SVD = [1. 1. 1. 1. 1. 1. 1. 1. 1. 1. 1. 1.]
    CPU time for update eri      1.08 sec, wall time      0.14 sec
Start CASCI
    CPU time for integral transformation to CAS space      0.00 sec, wall time      0.00 sec
core energy = -2061.62403367325
    CPU time for effective h1e in CAS space      0.00 sec, wall time      0.00 sec
davidson 0 1  |r|= 0.000169  e= [-25.04714039]  max|de|=  -25  lindep=    1
root 0 converged  |r|= 7.76e-05  e= -25.047140393619657  max|de|= -5.06e-09
converged 1 2  |r|= 7.76e-05  e= [-25.04714039]  max|de|= -5.06e-09
    CPU time for FCI solver      6.10 sec, wall time      1.24 sec
CAS space CI energy = -25.0471403936199
macro iter 2 (3 JK  1 micro), CASSCF E = -2086.67117406687  dE = -1.7214916e-08  S^2 = 0.0000000
               |grad[o]|=3.23e-05  |grad[c]|= 9.858269434394519e-05  |ddm|=0.000263
    CPU time for CASCI solver      7.63 sec, wall time      1.43 sec
    CPU time for macro iter 2     16.53 sec, wall time      2.54 sec
1-step CASSCF converged in 2 macro (17 JK 4 micro) steps
CASSCF canonicalization
where_natorb [0, 1, 3, 2, 4, 5, 6, 7, 9, 8, 10, 11]
Natural occ [1.37863445 1.01493404 1.01431787 1.01431719 1.00243888 1.00243822
 0.99756179 0.99756112 0.98568294 0.98568226 0.98510203 0.62132922]
Natural orbital (expansion on AOs) in CAS space
               #1        #2        #3        #4        #5       
0 Cr1 1s      -0.01609   0.00294  -0.00000   0.00000  -0.00000
0 Cr1 2s       0.05561  -0.00997   0.00000  -0.00000   0.00000
0 Cr1 3s      -0.12422   0.02310  -0.00000   0.00000  -0.00000
0 Cr1 4s      -0.17010   0.03038  -0.00000   0.00001  -0.00000
0 Cr1 5s       0.35330  -0.06708   0.00000  -0.00001   0.00000
0 Cr1 6s       0.34891  -0.06820   0.00000  -0.00001   0.00000
0 Cr1 2px     -0.00000  -0.00000   0.00018   0.00004  -0.00000
0 Cr1 2py     -0.00000   0.00000   0.00004  -0.00018   0.00000
0 Cr1 2pz      0.00489   0.00015  -0.00000   0.00000   0.00000
0 Cr1 3px      0.00000  -0.00000  -0.00067  -0.00015   0.00000
0 Cr1 3py      0.00000  -0.00000  -0.00015   0.00067  -0.00000
0 Cr1 3pz     -0.01308  -0.00040   0.00000  -0.00000  -0.00000
0 Cr1 4px      0.00000   0.00000   0.00069   0.00016   0.00000
0 Cr1 4py     -0.00000   0.00000   0.00016  -0.00069   0.00000
0 Cr1 4pz     -0.00602   0.00010  -0.00000   0.00000  -0.00000
0 Cr1 5px     -0.00000   0.00000   0.00100   0.00023  -0.00000
0 Cr1 5py      0.00000   0.00000   0.00023  -0.00100  -0.00000
0 Cr1 5pz      0.01663   0.00047   0.00000   0.00000   0.00000
0 Cr1 3dxy     0.00000   0.00000   0.00001  -0.00000   0.22036
0 Cr1 3dyz     0.00000  -0.00009  -0.09645   0.42264   0.00000
0 Cr1 3dz^2    0.06549   0.42685  -0.00001   0.00009  -0.00001
0 Cr1 3dxz     0.00000   0.00001  -0.42264  -0.09645   0.00001
0 Cr1 3dx2-y2  -0.00000  -0.00001  -0.00001   0.00000  -0.37541
0 Cr1 4dxy     0.00000   0.00000   0.00000  -0.00000   0.14749
0 Cr1 4dyz     0.00000  -0.00006  -0.06454   0.28279   0.00000
0 Cr1 4dz^2    0.04393   0.28640  -0.00001   0.00006  -0.00001
0 Cr1 4dxz     0.00000   0.00001  -0.28279  -0.06454   0.00001
0 Cr1 4dx2-y2  -0.00000  -0.00001  -0.00000   0.00000  -0.25127
0 Cr1 5dxy    -0.00000   0.00000   0.00000  -0.00000   0.08367
0 Cr1 5dyz    -0.00000  -0.00003  -0.03685   0.16145   0.00000
0 Cr1 5dz^2    0.03002   0.16244  -0.00000   0.00003  -0.00000
0 Cr1 5dxz    -0.00000   0.00000  -0.16145  -0.03685   0.00000
0 Cr1 5dx2-y2   0.00000  -0.00001  -0.00000   0.00000  -0.14254
0 Cr1 6dxy     0.00000  -0.00000   0.00000   0.00000   0.00792
0 Cr1 6dyz     0.00000  -0.00000  -0.00345   0.01511   0.00000
0 Cr1 6dz^2    0.00224   0.01454  -0.00000   0.00000  -0.00000
0 Cr1 6dxz     0.00000   0.00000  -0.01511  -0.00345   0.00000
0 Cr1 6dx2-y2   0.00000  -0.00000  -0.00000  -0.00000  -0.01349
0 Cr1 4f-3     0.00000  -0.00000  -0.00000  -0.00000  -0.00000
0 Cr1 4f-2     0.00000   0.00000  -0.00000   0.00000  -0.00012
0 Cr1 4f-1    -0.00000   0.00000   0.00005  -0.00024  -0.00000
0 Cr1 4f 0     0.00018  -0.00022   0.00000  -0.00000   0.00000
0 Cr1 4f 1     0.00000  -0.00000   0.00024   0.00005   0.00000
0 Cr1 4f 2    -0.00000  -0.00000   0.00000   0.00000   0.00020
0 Cr1 4f 3     0.00000   0.00000   0.00000   0.00000   0.00000
1 Cr2 1s      -0.01609   0.00294  -0.00000   0.00000  -0.00000
1 Cr2 2s       0.05561  -0.00997   0.00000  -0.00000   0.00000
1 Cr2 3s      -0.12422   0.02310  -0.00000   0.00000  -0.00000
1 Cr2 4s      -0.17010   0.03038  -0.00000   0.00001  -0.00000
1 Cr2 5s       0.35330  -0.06707   0.00000  -0.00001   0.00000
1 Cr2 6s       0.34891  -0.06820   0.00000  -0.00001   0.00000
1 Cr2 2px      0.00000   0.00000   0.00018   0.00004  -0.00000
1 Cr2 2py     -0.00000   0.00000   0.00004  -0.00018   0.00000
1 Cr2 2pz     -0.00489  -0.00015   0.00000  -0.00000   0.00000
1 Cr2 3px     -0.00000  -0.00000  -0.00067  -0.00015   0.00000
1 Cr2 3py      0.00000  -0.00000  -0.00015   0.00067  -0.00000
1 Cr2 3pz      0.01308   0.00040  -0.00000   0.00000  -0.00000
1 Cr2 4px      0.00000   0.00000   0.00069   0.00016  -0.00000
1 Cr2 4py      0.00000   0.00000   0.00016  -0.00069  -0.00000
1 Cr2 4pz      0.00602  -0.00010   0.00000  -0.00000  -0.00000
1 Cr2 5px     -0.00000   0.00000   0.00100   0.00023  -0.00000
1 Cr2 5py     -0.00000   0.00000   0.00023  -0.00100   0.00000
1 Cr2 5pz     -0.01663  -0.00047   0.00000   0.00000   0.00000
1 Cr2 3dxy     0.00000   0.00000  -0.00000  -0.00001   0.22037
1 Cr2 3dyz    -0.00000   0.00008   0.09645  -0.42264   0.00000
1 Cr2 3dz^2    0.06549   0.42685  -0.00001   0.00008  -0.00001
1 Cr2 3dxz    -0.00000  -0.00001   0.42264   0.09645  -0.00002
1 Cr2 3dx2-y2   0.00000  -0.00001  -0.00002  -0.00001  -0.37541
1 Cr2 4dxy    -0.00000   0.00000  -0.00000  -0.00001   0.14750
1 Cr2 4dyz    -0.00000   0.00006   0.06454  -0.28279   0.00000
1 Cr2 4dz^2    0.04393   0.28640  -0.00001   0.00005  -0.00000
1 Cr2 4dxz    -0.00000  -0.00001   0.28279   0.06454  -0.00001
1 Cr2 4dx2-y2   0.00000  -0.00000  -0.00001  -0.00001  -0.25127
1 Cr2 5dxy    -0.00000   0.00000  -0.00000  -0.00001   0.08367
1 Cr2 5dyz    -0.00000   0.00003   0.03685  -0.16145   0.00000
1 Cr2 5dz^2    0.03002   0.16244  -0.00000   0.00003  -0.00000
1 Cr2 5dxz     0.00000  -0.00000   0.16145   0.03685  -0.00001
1 Cr2 5dx2-y2   0.00000  -0.00000  -0.00001  -0.00001  -0.14254
1 Cr2 6dxy     0.00000  -0.00000  -0.00000  -0.00000   0.00792
1 Cr2 6dyz     0.00000   0.00000   0.00345  -0.01511  -0.00000
1 Cr2 6dz^2    0.00224   0.01454  -0.00000   0.00000  -0.00000
1 Cr2 6dxz     0.00000  -0.00000   0.01511   0.00345  -0.00000
1 Cr2 6dx2-y2  -0.00000  -0.00000  -0.00000  -0.00000  -0.01349
1 Cr2 4f-3     0.00000  -0.00000  -0.00000  -0.00000   0.00000
1 Cr2 4f-2    -0.00000   0.00000   0.00000  -0.00000   0.00012
1 Cr2 4f-1     0.00000   0.00000   0.00005  -0.00024  -0.00000
1 Cr2 4f 0    -0.00018   0.00022   0.00000   0.00000  -0.00000
1 Cr2 4f 1    -0.00000   0.00000   0.00024   0.00005   0.00000
1 Cr2 4f 2    -0.00000   0.00000  -0.00000   0.00000  -0.00020
1 Cr2 4f 3    -0.00000   0.00000  -0.00000   0.00000  -0.00000
               #6        #7        #8        #9        #10      
0 Cr1 1s      -0.00000   0.00000  -0.00000   0.00000  -0.00000
0 Cr1 2s       0.00000  -0.00000   0.00000  -0.00000   0.00000
0 Cr1 3s      -0.00000   0.00000  -0.00000   0.00001  -0.00000
0 Cr1 4s      -0.00000   0.00000  -0.00000   0.00001  -0.00000
0 Cr1 5s       0.00000  -0.00000   0.00000  -0.00002   0.00000
0 Cr1 6s       0.00000  -0.00000   0.00000  -0.00001   0.00000
0 Cr1 2px     -0.00000   0.00000  -0.00000   0.00019   0.00082
0 Cr1 2py     -0.00000   0.00000   0.00000  -0.00082   0.00019
0 Cr1 2pz      0.00000   0.00000   0.00000  -0.00000  -0.00000
0 Cr1 3px      0.00000  -0.00000   0.00000  -0.00053  -0.00232
0 Cr1 3py      0.00000  -0.00000  -0.00000   0.00232  -0.00053
0 Cr1 3pz     -0.00000  -0.00000  -0.00000   0.00000   0.00000
0 Cr1 4px     -0.00000   0.00000   0.00000  -0.00005  -0.00022
0 Cr1 4py      0.00000  -0.00000   0.00000   0.00022  -0.00005
0 Cr1 4pz     -0.00000  -0.00000   0.00000  -0.00000  -0.00000
0 Cr1 5px      0.00000  -0.00000  -0.00000   0.00069   0.00303
0 Cr1 5py     -0.00000   0.00000   0.00000  -0.00303   0.00069
0 Cr1 5pz      0.00000   0.00000  -0.00000  -0.00000  -0.00000
0 Cr1 3dxy    -0.37541   0.37608   0.22075  -0.00000   0.00001
0 Cr1 3dyz    -0.00000   0.00000   0.00000   0.42696  -0.09744
0 Cr1 3dz^2   -0.00001   0.00001  -0.00001   0.00009  -0.00001
0 Cr1 3dxz    -0.00000   0.00000   0.00001  -0.09744  -0.42696
0 Cr1 3dx2-y2  -0.22036   0.22075  -0.37608   0.00000  -0.00001
0 Cr1 4dxy    -0.25127   0.25172   0.14776  -0.00000   0.00000
0 Cr1 4dyz    -0.00000   0.00000   0.00000   0.28561  -0.06518
0 Cr1 4dz^2   -0.00000   0.00000  -0.00001   0.00006  -0.00001
0 Cr1 4dxz    -0.00000   0.00000   0.00000  -0.06518  -0.28561
0 Cr1 4dx2-y2  -0.14749   0.14776  -0.25172   0.00000  -0.00000
0 Cr1 5dxy    -0.14254   0.14266   0.08374  -0.00000   0.00000
0 Cr1 5dyz     0.00000   0.00000   0.00000   0.16124  -0.03680
0 Cr1 5dz^2   -0.00000   0.00000  -0.00000   0.00004  -0.00000
0 Cr1 5dxz    -0.00000   0.00000   0.00000  -0.03680  -0.16124
0 Cr1 5dx2-y2  -0.08367   0.08374  -0.14266   0.00000  -0.00000
0 Cr1 6dxy    -0.01349   0.01305   0.00766   0.00000   0.00000
0 Cr1 6dyz     0.00000   0.00000   0.00000   0.01449  -0.00331
0 Cr1 6dz^2   -0.00000   0.00000  -0.00000   0.00000  -0.00000
0 Cr1 6dxz    -0.00000   0.00000   0.00000  -0.00331  -0.01449
0 Cr1 6dx2-y2  -0.00792   0.00766  -0.01305   0.00000  -0.00000
0 Cr1 4f-3     0.00000   0.00000   0.00000  -0.00000  -0.00000
0 Cr1 4f-2     0.00020  -0.00022  -0.00013   0.00000  -0.00000
0 Cr1 4f-1     0.00000  -0.00000   0.00000  -0.00035   0.00008
0 Cr1 4f 0    -0.00000  -0.00000   0.00000  -0.00000   0.00000
0 Cr1 4f 1     0.00000   0.00000   0.00000   0.00008   0.00035
0 Cr1 4f 2     0.00012  -0.00013   0.00022   0.00000   0.00000
0 Cr1 4f 3     0.00000  -0.00000  -0.00000  -0.00000  -0.00000
1 Cr2 1s      -0.00000  -0.00000   0.00000  -0.00000   0.00000
1 Cr2 2s       0.00000   0.00000  -0.00000   0.00000  -0.00000
1 Cr2 3s       0.00000   0.00000   0.00000  -0.00000   0.00000
1 Cr2 4s      -0.00000  -0.00000   0.00000  -0.00001   0.00000
1 Cr2 5s       0.00000   0.00000  -0.00000   0.00002  -0.00000
1 Cr2 6s       0.00000   0.00000  -0.00000   0.00001  -0.00000
1 Cr2 2px     -0.00000  -0.00000   0.00000  -0.00019  -0.00082
1 Cr2 2py      0.00000   0.00000  -0.00000   0.00082  -0.00019
1 Cr2 2pz      0.00000   0.00000   0.00000  -0.00000  -0.00000
1 Cr2 3px      0.00000   0.00000  -0.00000   0.00053   0.00232
1 Cr2 3py     -0.00000  -0.00000   0.00000  -0.00232   0.00053
1 Cr2 3pz     -0.00000  -0.00000  -0.00000   0.00000   0.00000
1 Cr2 4px      0.00000  -0.00000   0.00000   0.00005   0.00022
1 Cr2 4py     -0.00000  -0.00000   0.00000  -0.00022   0.00005
1 Cr2 4pz      0.00000   0.00000  -0.00000  -0.00000  -0.00000
1 Cr2 5px     -0.00000   0.00000   0.00000  -0.00069  -0.00303
1 Cr2 5py      0.00000   0.00000  -0.00000   0.00303  -0.00069
1 Cr2 5pz      0.00000   0.00000   0.00000  -0.00000  -0.00000
1 Cr2 3dxy    -0.37541  -0.37608  -0.22076   0.00001   0.00000
1 Cr2 3dyz     0.00002   0.00002  -0.00000   0.42696  -0.09744
1 Cr2 3dz^2   -0.00000  -0.00000   0.00001  -0.00009   0.00001
1 Cr2 3dxz    -0.00001  -0.00001   0.00002  -0.09744  -0.42696
1 Cr2 3dx2-y2  -0.22037  -0.22076   0.37608   0.00001   0.00002
1 Cr2 4dxy    -0.25127  -0.25172  -0.14776   0.00001   0.00000
1 Cr2 4dyz     0.00001   0.00001  -0.00000   0.28561  -0.06518
1 Cr2 4dz^2   -0.00000  -0.00000   0.00000  -0.00006   0.00001
1 Cr2 4dxz    -0.00001  -0.00001   0.00001  -0.06518  -0.28561
1 Cr2 4dx2-y2  -0.14750  -0.14776   0.25172   0.00001   0.00001
1 Cr2 5dxy    -0.14254  -0.14266  -0.08374   0.00000   0.00000
1 Cr2 5dyz     0.00001   0.00001  -0.00000   0.16124  -0.03680
1 Cr2 5dz^2   -0.00000  -0.00000   0.00000  -0.00003   0.00000
1 Cr2 5dxz    -0.00001  -0.00001   0.00001  -0.03680  -0.16124
1 Cr2 5dx2-y2  -0.08367  -0.08374   0.14266   0.00001   0.00001
1 Cr2 6dxy    -0.01349  -0.01305  -0.00766   0.00000   0.00000
1 Cr2 6dyz     0.00000   0.00000  -0.00000   0.01449  -0.00331
1 Cr2 6dz^2   -0.00000  -0.00000   0.00000  -0.00000   0.00000
1 Cr2 6dxz    -0.00000  -0.00000   0.00000  -0.00331  -0.01449
1 Cr2 6dx2-y2  -0.00792  -0.00766   0.01305   0.00000   0.00000
1 Cr2 4f-3     0.00000   0.00000  -0.00000  -0.00000  -0.00000
1 Cr2 4f-2    -0.00020  -0.00022  -0.00013  -0.00000   0.00000
1 Cr2 4f-1    -0.00000  -0.00000   0.00000   0.00035  -0.00008
1 Cr2 4f 0     0.00000  -0.00000  -0.00000   0.00000   0.00000
1 Cr2 4f 1     0.00000  -0.00000   0.00000  -0.00008  -0.00035
1 Cr2 4f 2    -0.00012  -0.00013   0.00022  -0.00000   0.00000
1 Cr2 4f 3     0.00000   0.00000  -0.00000   0.00000   0.00000
               #11       #12      
0 Cr1 1s       0.00303  -0.01875
0 Cr1 2s      -0.01024   0.06368
0 Cr1 3s       0.02380  -0.14698
0 Cr1 4s       0.03087  -0.19829
0 Cr1 5s      -0.07336   0.48471
0 Cr1 6s      -0.06296   0.43307
0 Cr1 2px     -0.00000  -0.00000
0 Cr1 2py      0.00000  -0.00000
0 Cr1 2pz     -0.00084  -0.00403
0 Cr1 3px      0.00000   0.00000
0 Cr1 3py     -0.00000   0.00000
0 Cr1 3pz      0.00242   0.01053
0 Cr1 4px     -0.00000   0.00000
0 Cr1 4py     -0.00000   0.00000
0 Cr1 4pz     -0.00071   0.00434
0 Cr1 5px     -0.00000  -0.00000
0 Cr1 5py      0.00000  -0.00000
0 Cr1 5pz     -0.00091   0.00181
0 Cr1 3dxy     0.00000   0.00000
0 Cr1 3dyz    -0.00010   0.00000
0 Cr1 3dz^2    0.43159   0.08482
0 Cr1 3dxz     0.00001   0.00000
0 Cr1 3dx2-y2  -0.00001  -0.00000
0 Cr1 4dxy     0.00000   0.00000
0 Cr1 4dyz    -0.00006   0.00000
0 Cr1 4dz^2    0.28789   0.05602
0 Cr1 4dxz     0.00001  -0.00000
0 Cr1 4dx2-y2  -0.00001  -0.00000
0 Cr1 5dxy     0.00000  -0.00000
0 Cr1 5dyz    -0.00004  -0.00000
0 Cr1 5dz^2    0.16517   0.02922
0 Cr1 5dxz     0.00000   0.00000
0 Cr1 5dx2-y2  -0.00001   0.00000
0 Cr1 6dxy    -0.00000  -0.00000
0 Cr1 6dyz    -0.00000  -0.00000
0 Cr1 6dz^2    0.01499   0.00041
0 Cr1 6dxz     0.00000  -0.00000
0 Cr1 6dx2-y2  -0.00000  -0.00000
0 Cr1 4f-3     0.00000   0.00000
0 Cr1 4f-2     0.00000  -0.00000
0 Cr1 4f-1     0.00000   0.00000
0 Cr1 4f 0    -0.00041  -0.00015
0 Cr1 4f 1    -0.00000  -0.00000
0 Cr1 4f 2     0.00000  -0.00000
0 Cr1 4f 3     0.00000  -0.00000
1 Cr2 1s      -0.00303   0.01875
1 Cr2 2s       0.01024  -0.06368
1 Cr2 3s      -0.02380   0.14697
1 Cr2 4s      -0.03087   0.19829
1 Cr2 5s       0.07336  -0.48471
1 Cr2 6s       0.06296  -0.43308
1 Cr2 2px      0.00000   0.00000
1 Cr2 2py     -0.00000   0.00000
1 Cr2 2pz     -0.00083  -0.00403
1 Cr2 3px     -0.00000  -0.00000
1 Cr2 3py      0.00000  -0.00000
1 Cr2 3pz      0.00242   0.01053
1 Cr2 4px     -0.00000  -0.00000
1 Cr2 4py      0.00000  -0.00000
1 Cr2 4pz     -0.00071   0.00434
1 Cr2 5px     -0.00000   0.00000
1 Cr2 5py     -0.00000   0.00000
1 Cr2 5pz     -0.00091   0.00181
1 Cr2 3dxy    -0.00000  -0.00000
1 Cr2 3dyz    -0.00009   0.00000
1 Cr2 3dz^2   -0.43159  -0.08482
1 Cr2 3dxz     0.00001   0.00000
1 Cr2 3dx2-y2   0.00001  -0.00000
1 Cr2 4dxy    -0.00000   0.00000
1 Cr2 4dyz    -0.00006   0.00000
1 Cr2 4dz^2   -0.28789  -0.05602
1 Cr2 4dxz     0.00001   0.00000
1 Cr2 4dx2-y2   0.00000  -0.00000
1 Cr2 5dxy    -0.00000  -0.00000
1 Cr2 5dyz    -0.00003  -0.00000
1 Cr2 5dz^2   -0.16517  -0.02922
1 Cr2 5dxz     0.00000  -0.00000
1 Cr2 5dx2-y2   0.00000  -0.00000
1 Cr2 6dxy    -0.00000   0.00000
1 Cr2 6dyz    -0.00000   0.00000
1 Cr2 6dz^2   -0.01499  -0.00041
1 Cr2 6dxz     0.00000   0.00000
1 Cr2 6dx2-y2   0.00000  -0.00000
1 Cr2 4f-3     0.00000  -0.00000
1 Cr2 4f-2    -0.00000   0.00000
1 Cr2 4f-1    -0.00000  -0.00000
1 Cr2 4f 0    -0.00041  -0.00015
1 Cr2 4f 1    -0.00000  -0.00000
1 Cr2 4f 2     0.00000   0.00000
1 Cr2 4f 3     0.00000  -0.00000
<CAS-nat-orb|mo-hf>  19  19    0.99997672
<CAS-nat-orb|mo-hf>  20  20    0.99997730
<CAS-nat-orb|mo-hf>  21  21   -0.47672466
<CAS-nat-orb|mo-hf>  21  22    0.87905265
<CAS-nat-orb|mo-hf>  22  21    0.87905263
<CAS-nat-orb|mo-hf>  22  22    0.47672465
<CAS-nat-orb|mo-hf>  23  23    0.99975089
<CAS-nat-orb|mo-hf>  24  24    0.99975089
<CAS-nat-orb|mo-hf>  25  25    0.99433970
<CAS-nat-orb|mo-hf>  26  26    0.99433970
<CAS-nat-orb|mo-hf>  27  27    0.46043075
<CAS-nat-orb|mo-hf>  27  28    0.88769557
<CAS-nat-orb|mo-hf>  28  27    0.88769559
<CAS-nat-orb|mo-hf>  28  28   -0.46043075
<CAS-nat-orb|mo-hf>  29  29    0.99998415
<CAS-nat-orb|mo-hf>  30  30    0.99998005
i = 1  <i|F|i> = -220.38585143
i = 2  <i|F|i> = -220.38585111
i = 3  <i|F|i> = -26.20986654
i = 4  <i|F|i> = -26.20986321
i = 5  <i|F|i> = -22.14000454
i = 6  <i|F|i> = -22.14000442
i = 7  <i|F|i> = -22.14000309
i = 8  <i|F|i> = -22.14000301
i = 9  <i|F|i> = -22.13995532
i = 10  <i|F|i> = -22.13994894
i = 11  <i|F|i> =  -3.28545149
i = 12  <i|F|i> =  -3.28544790
i = 13  <i|F|i> =  -2.05137461
i = 14  <i|F|i> =  -2.05132091
i = 15  <i|F|i> =  -2.05132085
i = 16  <i|F|i> =  -2.05129183
i = 17  <i|F|i> =  -2.05129169
i = 18  <i|F|i> =  -2.05116815
i = 19  <i|F|i> =  -0.12578404
i = 20  <i|F|i> =   0.03723091
i = 21  <i|F|i> =   0.04080536
i = 22  <i|F|i> =   0.04080550
i = 23  <i|F|i> =   0.04515616
i = 24  <i|F|i> =   0.04515633
i = 25  <i|F|i> =   0.04692393
i = 26  <i|F|i> =   0.04692408
i = 27  <i|F|i> =   0.05119102
i = 28  <i|F|i> =   0.05119117
i = 29  <i|F|i> =   0.04780893
i = 30  <i|F|i> =  -0.01956966
i = 31  <i|F|i> =   0.13170884
i = 32  <i|F|i> =   0.13593271
i = 33  <i|F|i> =   0.13593272
i = 34  <i|F|i> =   0.14388389
i = 35  <i|F|i> =   0.15124772
i = 36  <i|F|i> =   0.15124774
i = 37  <i|F|i> =   0.15666284
i = 38  <i|F|i> =   0.15666289
i = 39  <i|F|i> =   0.15968008
i = 40  <i|F|i> =   0.19121411
i = 41  <i|F|i> =   0.19121416
i = 42  <i|F|i> =   0.20723911
i = 43  <i|F|i> =   0.21708085
i = 44  <i|F|i> =   0.21708089
i = 45  <i|F|i> =   0.24679026
i = 46  <i|F|i> =   0.27662798
i = 47  <i|F|i> =   0.27662799
i = 48  <i|F|i> =   0.35908893
i = 49  <i|F|i> =   0.65135384
i = 50  <i|F|i> =   0.69050018
i = 51  <i|F|i> =   0.69050035
i = 52  <i|F|i> =   0.69894910
i = 53  <i|F|i> =   0.69894918
i = 54  <i|F|i> =   0.71189597
i = 55  <i|F|i> =   0.71189607
i = 56  <i|F|i> =   0.72163209
i = 57  <i|F|i> =   0.72163215
i = 58  <i|F|i> =   0.79946592
i = 59  <i|F|i> =   1.67892731
i = 60  <i|F|i> =   1.68846138
i = 61  <i|F|i> =   1.68846141
i = 62  <i|F|i> =   1.74222315
i = 63  <i|F|i> =   1.74222317
i = 64  <i|F|i> =   1.87910159
i = 65  <i|F|i> =   2.37507796
i = 66  <i|F|i> =   2.40935516
i = 67  <i|F|i> =   2.54792866
i = 68  <i|F|i> =   2.56174208
i = 69  <i|F|i> =   2.56174219
i = 70  <i|F|i> =   2.57006429
i = 71  <i|F|i> =   2.57006438
i = 72  <i|F|i> =   2.57935230
i = 73  <i|F|i> =   2.57935234
i = 74  <i|F|i> =   2.59035345
i = 75  <i|F|i> =   2.59035354
i = 76  <i|F|i> =   2.65967634
i = 77  <i|F|i> =   3.45026017
i = 78  <i|F|i> =   3.45026019
i = 79  <i|F|i> =   3.45026168
i = 80  <i|F|i> =   3.45026170
i = 81  <i|F|i> =   3.45034125
i = 82  <i|F|i> =   3.45034131
i = 83  <i|F|i> =   3.45037003
i = 84  <i|F|i> =   3.45037009
i = 85  <i|F|i> =   3.45041898
i = 86  <i|F|i> =   3.45041900
i = 87  <i|F|i> =   3.45062641
i = 88  <i|F|i> =   3.45062648
i = 89  <i|F|i> =   3.45070334
i = 90  <i|F|i> =   3.45139984
    CPU time for 1-step CASSCF    314.00 sec, wall time     54.96 sec
CASSCF energy = -2086.67117406687
CASCI E = -2086.67117406687  E(CI) = -25.0471403936199  S^2 = 0.0000000
Overwritten attributes  contract_2e  of <class 'pyscf.fci.direct_spin1.FCISolver'>
