

******** <class 'pyscf.scf.hf.RHF'> ********
method = RHF
initial guess = minao
damping factor = 0
level_shift factor = 0
DIIS = <class 'pyscf.scf.diis.CDIIS'>
diis_start_cycle = 1
diis_space = 8
SCF conv_tol = 1e-09
SCF conv_tol_grad = None
SCF max_cycles = 1
direct_scf = True
direct_scf_tol = 1e-13
chkfile to save SCF result = /share/home/srwang/automr_inputlibrary/suhf_vs_gvb/Cr2_40/tmp6pqupbf2
max_memory 10000 MB (current use 70 MB)
Set gradient conv threshold to 3.16228e-05
init E= -2084.44644422146

WARN: HOMO -0.185954168135555 == LUMO -0.18595416813555

cycle= 1 E= -2085.19780958591  delta_E= -0.751  |g|= 0.183  |ddm|= 1.99
SCF not converged.
SCF energy = -2085.19780958591

Orthonormality check: j=  45 i=  45 maxv= 1.82240343E-07

******** <class 'pyscf.mcscf.mc1step.CASSCF'> ********
CAS (6e+6e, 12o), ncore = 18, nvir = 60
max_cycle_macro = 200
max_cycle_micro = 4
conv_tol = 1e-07
conv_tol_grad = None
orbital rotation max_stepsize = 0.02
augmented hessian ah_max_cycle = 30
augmented hessian ah_conv_tol = 1e-12
augmented hessian ah_linear dependence = 1e-14
augmented hessian ah_level shift = 0
augmented hessian ah_start_tol = 2.5
augmented hessian ah_start_cycle = 3
augmented hessian ah_grad_trust_region = 3
kf_trust_region = 3
kf_interval = 4
ci_response_space = 4
ci_grad_trust_region = 3
with_dep4 0
natorb = True
canonicalization = True
sorting_mo_energy = False
ao2mo_level = 2
chkfile = /share/home/srwang/automr_inputlibrary/suhf_vs_gvb/Cr2_40/tmp6pqupbf2
max_memory 5000 MB (current use 178 MB)
internal_rotation = False
******** <class 'pyscf.fci.direct_spin1.FCISolver'> ********
max. cycles = 300
conv_tol = 1e-08
davidson only = True
linear dependence = 1e-10
level shift = 0.2
max iter space = 100
max_memory 5000 MB
nroots = 1
pspace_size = 1200
spin = 0
Start 1-step CASSCF
Start CASCI
    CPU time for integral transformation to CAS space      0.00 sec, wall time      0.00 sec
core energy = -2061.65679225382
    CPU time for effective h1e in CAS space      0.00 sec, wall time      0.00 sec
davidson 0 1  |r|= 1.15  e= [-23.47942741]  max|de|= -23.5  lindep=    1
davidson 1 2  |r|= 0.816  e= [-24.01084325]  max|de|= -0.531  lindep= 0.935
davidson 2 3  |r|= 0.693  e= [-24.08364768]  max|de|= -0.0728  lindep= 0.948
davidson 3 4  |r|= 0.667  e= [-24.11001288]  max|de|= -0.0264  lindep= 0.985
davidson 4 5  |r|= 0.629  e= [-24.12896298]  max|de|= -0.019  lindep= 0.977
davidson 5 6  |r|= 0.625  e= [-24.13806075]  max|de|= -0.0091  lindep= 0.922
davidson 6 7  |r|= 0.566  e= [-24.1961996]  max|de|= -0.0581  lindep= 0.582
davidson 7 8  |r|= 0.527  e= [-24.25529961]  max|de|= -0.0591  lindep= 0.963
davidson 8 9  |r|= 0.526  e= [-24.25620469]  max|de|= -0.000905  lindep= 0.615
davidson 9 10  |r|= 0.522  e= [-24.25781086]  max|de|= -0.00161  lindep= 0.196
davidson 10 11  |r|= 0.453  e= [-24.31899739]  max|de|= -0.0612  lindep= 0.969
davidson 11 12  |r|= 0.452  e= [-24.33007485]  max|de|= -0.0111  lindep= 0.861
davidson 12 13  |r|= 0.449  e= [-24.34103499]  max|de|= -0.011  lindep= 0.822
davidson 13 14  |r|= 0.444  e= [-24.36093741]  max|de|= -0.0199  lindep= 0.981
davidson 14 15  |r|= 0.45  e= [-24.36724247]  max|de|= -0.00631  lindep= 0.485
davidson 15 16  |r|= 0.439  e= [-24.37779624]  max|de|= -0.0106  lindep= 0.341
davidson 16 17  |r|= 0.449  e= [-24.38531344]  max|de|= -0.00752  lindep= 0.444
davidson 17 18  |r|= 0.445  e= [-24.39362474]  max|de|= -0.00831  lindep= 0.475
davidson 18 19  |r|= 0.449  e= [-24.39423308]  max|de|= -0.000608  lindep= 0.329
davidson 19 20  |r|= 0.464  e= [-24.39772774]  max|de|= -0.00349  lindep= 0.633
davidson 20 21  |r|= 0.459  e= [-24.39991632]  max|de|= -0.00219  lindep= 0.228
davidson 21 22  |r|= 0.442  e= [-24.42457512]  max|de|= -0.0247  lindep= 0.591
davidson 22 23  |r|= 0.443  e= [-24.42466535]  max|de|= -9.02e-05  lindep= 0.059
davidson 23 24  |r|= 0.46  e= [-24.43621038]  max|de|= -0.0115  lindep= 0.581
davidson 24 25  |r|= 0.407  e= [-24.45238123]  max|de|= -0.0162  lindep= 0.625
davidson 25 26  |r|= 0.396  e= [-24.47733973]  max|de|= -0.025  lindep= 0.851
davidson 26 27  |r|= 0.418  e= [-24.48591042]  max|de|= -0.00857  lindep= 0.665
davidson 27 28  |r|= 0.404  e= [-24.54768651]  max|de|= -0.0618  lindep= 0.816
davidson 28 29  |r|= 0.271  e= [-24.61088483]  max|de|= -0.0632  lindep= 0.908
davidson 29 30  |r|= 0.19  e= [-24.64020172]  max|de|= -0.0293  lindep= 0.922
davidson 30 31  |r|= 0.151  e= [-24.65467204]  max|de|= -0.0145  lindep= 0.941
davidson 31 32  |r|= 0.168  e= [-24.6672449]  max|de|= -0.0126  lindep= 0.924
davidson 32 33  |r|= 0.202  e= [-24.68857115]  max|de|= -0.0213  lindep= 0.945
davidson 33 34  |r|= 0.25  e= [-24.72346286]  max|de|= -0.0349  lindep= 0.947
davidson 34 35  |r|= 0.238  e= [-24.76871396]  max|de|= -0.0453  lindep= 0.969
davidson 35 36  |r|= 0.214  e= [-24.80538188]  max|de|= -0.0367  lindep= 0.973
davidson 36 37  |r|= 0.216  e= [-24.83571392]  max|de|= -0.0303  lindep= 0.982
davidson 37 38  |r|= 0.218  e= [-24.85966055]  max|de|= -0.0239  lindep= 0.973
davidson 38 39  |r|= 0.212  e= [-24.8894776]  max|de|= -0.0298  lindep= 0.981
davidson 39 40  |r|= 0.212  e= [-24.91297598]  max|de|= -0.0235  lindep= 0.98
davidson 40 41  |r|= 0.204  e= [-24.93699129]  max|de|= -0.024  lindep= 0.978
davidson 41 42  |r|= 0.172  e= [-24.95988795]  max|de|= -0.0229  lindep= 0.99
davidson 42 43  |r|= 0.142  e= [-24.97357231]  max|de|= -0.0137  lindep= 0.983
davidson 43 44  |r|= 0.119  e= [-24.98483171]  max|de|= -0.0113  lindep= 0.983
davidson 44 45  |r|= 0.116  e= [-24.99298529]  max|de|= -0.00815  lindep= 0.991
davidson 45 46  |r|= 0.133  e= [-24.99735683]  max|de|= -0.00437  lindep= 0.972
davidson 46 47  |r|= 0.0824  e= [-25.00076428]  max|de|= -0.00341  lindep= 0.964
davidson 47 48  |r|= 0.0633  e= [-25.00395575]  max|de|= -0.00319  lindep= 0.986
davidson 48 49  |r|= 0.0519  e= [-25.00595491]  max|de|= -0.002  lindep= 0.988
davidson 49 50  |r|= 0.0406  e= [-25.00722969]  max|de|= -0.00127  lindep= 0.987
davidson 50 51  |r|= 0.0365  e= [-25.00808208]  max|de|= -0.000852  lindep= 0.989
davidson 51 52  |r|= 0.044  e= [-25.00868775]  max|de|= -0.000606  lindep= 0.988
davidson 52 53  |r|= 0.0332  e= [-25.00915125]  max|de|= -0.000464  lindep= 0.955
davidson 53 54  |r|= 0.0236  e= [-25.00956522]  max|de|= -0.000414  lindep= 0.984
davidson 54 55  |r|= 0.0231  e= [-25.00989837]  max|de|= -0.000333  lindep= 0.99
davidson 55 56  |r|= 0.0201  e= [-25.01018676]  max|de|= -0.000288  lindep= 0.99
davidson 56 57  |r|= 0.0178  e= [-25.01042661]  max|de|= -0.00024  lindep= 0.991
davidson 57 58  |r|= 0.0147  e= [-25.01056645]  max|de|= -0.00014  lindep= 0.988
davidson 58 59  |r|= 0.0136  e= [-25.01066298]  max|de|= -9.65e-05  lindep= 0.987
davidson 59 60  |r|= 0.0107  e= [-25.01071271]  max|de|= -4.97e-05  lindep= 0.967
davidson 60 61  |r|= 0.00831  e= [-25.01074896]  max|de|= -3.62e-05  lindep= 0.974
davidson 61 62  |r|= 0.00743  e= [-25.01076892]  max|de|= -2e-05  lindep= 0.983
davidson 62 63  |r|= 0.00605  e= [-25.01078246]  max|de|= -1.35e-05  lindep= 0.954
davidson 63 64  |r|= 0.00392  e= [-25.01079246]  max|de|= -1e-05  lindep= 0.98
davidson 64 65  |r|= 0.00264  e= [-25.01079943]  max|de|= -6.96e-06  lindep= 0.99
davidson 65 66  |r|= 0.00186  e= [-25.01080269]  max|de|= -3.27e-06  lindep= 0.988
davidson 66 67  |r|= 0.00145  e= [-25.01080423]  max|de|= -1.54e-06  lindep= 0.989
davidson 67 68  |r|= 0.00123  e= [-25.01080506]  max|de|= -8.32e-07  lindep= 0.983
davidson 68 69  |r|= 0.000877  e= [-25.01080548]  max|de|= -4.15e-07  lindep= 0.959
davidson 69 70  |r|= 0.000564  e= [-25.01080574]  max|de|= -2.67e-07  lindep= 0.974
davidson 70 71  |r|= 0.000419  e= [-25.01080589]  max|de|= -1.47e-07  lindep= 0.985
davidson 71 72  |r|= 0.000322  e= [-25.01080598]  max|de|= -8.49e-08  lindep= 0.991
davidson 72 73  |r|= 0.000248  e= [-25.01080602]  max|de|= -3.89e-08  lindep= 0.989
davidson 73 74  |r|= 0.000217  e= [-25.01080604]  max|de|= -2.15e-08  lindep= 0.979
davidson 74 75  |r|= 0.000167  e= [-25.01080605]  max|de|= -1.11e-08  lindep= 0.96
davidson 75 76  |r|= 0.000109  e= [-25.01080606]  max|de|= -8.41e-09  lindep= 0.974
root 0 converged  |r|= 8.1e-05  e= -25.010806061632177  max|de|= -5.49e-09
converged 76 77  |r|= 8.1e-05  e= [-25.01080606]  max|de|= -5.49e-09
    CPU time for FCI solver    229.41 sec, wall time     40.47 sec
CAS space CI energy = -25.0108060616321
CASCI E = -2086.66759831545  S^2 = 0.0000000
Set conv_tol_grad to 0.000316228
    CPU time for Initializing 1-step CASSCF    230.96 sec, wall time     40.68 sec
    CPU time for CAS DM      0.97 sec, wall time      0.12 sec
    |g|=0.0609
    CPU time for gen h_op      0.36 sec, wall time      0.04 sec
    imic 1(3)  |g[o]|=0.031  |dxi|=0.0397  max(|x|)=0.0404  |dr|=0.0397  eig=-0.00342  seig=0.00239
    imic 2(4)  |g[o]|=0.00216  |dxi|=0.0433  max(|x|)=0.0204  |dr|=0.0828  eig=-0.000907  seig=0.00235
    CPU time for aug_hess in 2 inner iters      0.53 sec, wall time      0.07 sec
    CPU time for orbital rotation      0.89 sec, wall time      0.11 sec
    CPU time for update CAS DM      7.18 sec, wall time      0.90 sec
micro 1  |u-1|=0.117  |g[o]|=0.0609  |g[c]|=0.00474  |ddm|=0.0309
    CPU time for micro iter 1      0.00 sec, wall time      0.00 sec
    |g|=0.00424 (keyframe), |g-correction|=0.00296
    CPU time for gen h_op      1.29 sec, wall time      0.16 sec
    imic 3(5)  |g[o]|=0.00244  |dxi|=0.00799  max(|x|)=0.00355  |dr|=0.00799  eig=-2.02e-05  seig=0.00234
    imic 4(6)  |g[o]|=0.000631  |dxi|=0.00342  max(|x|)=0.0021  |dr|=0.00908  eig=-4.74e-06  seig=0.00231
    CPU time for aug_hess in 4 inner iters      0.27 sec, wall time      0.03 sec
    CPU time for orbital rotation      1.56 sec, wall time      0.19 sec
    CPU time for update CAS DM      7.22 sec, wall time      0.90 sec
micro 2  |u-1|=0.125  |g[o]|=0.00424  |g[c]|=0.00448  |ddm|=0.0341
    CPU time for micro iter 2      0.00 sec, wall time      0.00 sec
    |g|=0.000705 (keyframe), |g-correction|=0.000487
    CPU time for gen h_op      1.27 sec, wall time      0.16 sec
    imic 5(7)  |g[o]|=0.000364  |dxi|=0.00166  max(|x|)=0.000802  |dr|=0.00166  eig=-7.53e-07  seig=0.00231
    imic 6(8)  |g[o]|=8.87e-05  |dxi|=0.000386  max(|x|)=0.000174  |dr|=0.00178  eig=-8.81e-08  seig=0.0023
    CPU time for aug_hess in 6 inner iters      0.26 sec, wall time      0.03 sec
    CPU time for orbital rotation      1.53 sec, wall time      0.19 sec
    CPU time for update CAS DM      7.11 sec, wall time      0.89 sec
micro 3  |u-1|=0.125  |g[o]|=0.000705  |g[c]|=0.00459  |ddm|=0.0356
    CPU time for micro iter 3      0.00 sec, wall time      0.00 sec
    |g|=0.000155 (keyframe), |g-correction|=0.000133
    CPU time for gen h_op      1.26 sec, wall time      0.16 sec
    imic 7(9)  |g[o]|=8.15e-05  |dxi|=0.000342  max(|x|)=0.000184  |dr|=0.000342  eig=-3.45e-08  seig=0.00229
    imic 8(10)  |g[o]|=1.68e-05  |dxi|=7.56e-05  max(|x|)=3.1e-05  |dr|=0.000354  eig=-3.3e-09  seig=0.00229
    CPU time for orbital rotation      1.53 sec, wall time      0.19 sec
micro 4  |u-1|=0.126  |g[o]|=0.000155
Active space overlap to initial guess, SVD = [0.99995148 0.99995148 0.99993731 0.9999373  0.99990526 0.99989993
 0.99989992 0.99988798 0.99988797 0.99981197 0.99930149 0.99770561]
Active space overlap to last step, SVD = [0.99995148 0.99995148 0.99993731 0.99993731 0.99990527 0.99989993
 0.99989992 0.99988799 0.99988798 0.99981196 0.99930143 0.99770565]
    CPU time for update eri      1.08 sec, wall time      0.14 sec
Start CASCI
    CPU time for integral transformation to CAS space      0.00 sec, wall time      0.00 sec
core energy = -2061.62301407763
    CPU time for effective h1e in CAS space      0.00 sec, wall time      0.00 sec
davidson 0 1  |r|= 0.00185  e= [-25.04814968]  max|de|=  -25  lindep=    1
davidson 1 2  |r|= 0.00123  e= [-25.04815032]  max|de|= -6.41e-07  lindep=    1
davidson 2 3  |r|= 0.002  e= [-25.04815098]  max|de|= -6.61e-07  lindep= 0.972
davidson 3 4  |r|= 0.00278  e= [-25.04815316]  max|de|= -2.18e-06  lindep= 0.993
davidson 4 5  |r|= 0.00195  e= [-25.04815501]  max|de|= -1.85e-06  lindep= 0.94
davidson 5 6  |r|= 0.00138  e= [-25.04815601]  max|de|= -9.96e-07  lindep= 0.981
davidson 6 7  |r|= 0.000979  e= [-25.04815646]  max|de|= -4.57e-07  lindep= 0.961
davidson 7 8  |r|= 0.000675  e= [-25.04815673]  max|de|= -2.64e-07  lindep= 0.981
davidson 8 9  |r|= 0.000556  e= [-25.04815689]  max|de|= -1.65e-07  lindep= 0.984
davidson 9 10  |r|= 0.000574  e= [-25.048157]  max|de|= -1.04e-07  lindep= 0.961
davidson 10 11  |r|= 0.000528  e= [-25.04815711]  max|de|= -1.14e-07  lindep= 0.969
davidson 11 12  |r|= 0.000476  e= [-25.04815722]  max|de|= -1.11e-07  lindep= 0.984
davidson 12 13  |r|= 0.000404  e= [-25.04815729]  max|de|= -7.29e-08  lindep= 0.968
davidson 13 14  |r|= 0.000284  e= [-25.04815734]  max|de|= -4.09e-08  lindep= 0.96
davidson 14 15  |r|= 0.000231  e= [-25.04815736]  max|de|= -2.57e-08  lindep= 0.974
davidson 15 16  |r|= 0.000226  e= [-25.04815738]  max|de|= -1.56e-08  lindep= 0.971
davidson 16 17  |r|= 0.00017  e= [-25.04815739]  max|de|= -1.68e-08  lindep= 0.976
davidson 17 18  |r|= 0.000127  e= [-25.0481574]  max|de|= -9.6e-09  lindep= 0.978
root 0 converged  |r|= 9.55e-05  e= -25.048157407944718  max|de|= -4.38e-09
converged 18 19  |r|= 9.55e-05  e= [-25.04815741]  max|de|= -4.38e-09
    CPU time for FCI solver     52.69 sec, wall time      7.35 sec
CAS space CI energy = -25.0481574079449
macro iter 1 (13 JK  4 micro), CASSCF E = -2086.67117148558  dE = -0.0035731701  S^2 = 0.0000000
               |grad[o]|=0.0609  |grad[c]|= 0.004586862660149216  |ddm|=0.0356
    CPU time for CASCI solver     54.25 sec, wall time      7.54 sec
    CPU time for macro iter 1     83.33 sec, wall time     11.18 sec
    |g|=0.0012
    CPU time for gen h_op      0.34 sec, wall time      0.04 sec
    imic 1(3)  |g[o]|=0.000121  |dxi|=0.00195  max(|x|)=0.00107  |dr|=0.00195  eig=-1.5e-06  seig=5.52e-09
    CPU time for aug_hess in 1 inner iters      0.39 sec, wall time      0.05 sec
    CPU time for orbital rotation      0.80 sec, wall time      0.10 sec
    CPU time for update CAS DM      7.12 sec, wall time      0.89 sec
micro 1  |u-1|=0.00275  |g[o]|=0.0012  |g[c]|=0.000136  |ddm|=0.00062
    CPU time for micro iter 1      0.00 sec, wall time      0.00 sec
    |g|=0.00013 (keyframe), |g-correction|=4.09e-05
    CPU time for gen h_op      1.27 sec, wall time      0.16 sec
    imic 2(4)  |g[o]|=7.13e-05  |dxi|=0.000197  max(|x|)=8.73e-05  |dr|=0.000197  eig=-1.28e-08  seig=5.52e-09
    imic 3(5)  |g[o]|=2.85e-05  |dxi|=0.000124  max(|x|)=6.14e-05  |dr|=0.000271  eig=-5.24e-09  seig=5.48e-09
    CPU time for aug_hess in 3 inner iters      0.26 sec, wall time      0.03 sec
    CPU time for orbital rotation      1.53 sec, wall time      0.19 sec
    CPU time for update CAS DM      7.10 sec, wall time      0.89 sec
micro 2  |u-1|=0.00289  |g[o]|=0.00013  |g[c]|=0.000245  |ddm|=0.000709
    CPU time for micro iter 2      0.00 sec, wall time      0.00 sec
Active space overlap to initial guess, SVD = [0.99995423 0.99995422 0.99994072 0.99994072 0.99990963 0.99990357
 0.99990356 0.99989322 0.99989321 0.99982314 0.99933002 0.99768025]
Active space overlap to last step, SVD = [0.99999996 0.99999996 0.99999996 0.99999996 0.99999996 0.99999995
 0.99999995 0.99999995 0.99999993 0.99999993 0.99999982 0.99999858]
    CPU time for update eri      1.09 sec, wall time      0.14 sec
Start CASCI
    CPU time for integral transformation to CAS space      0.00 sec, wall time      0.00 sec
core energy = -2061.62401890428
    CPU time for effective h1e in CAS space      0.00 sec, wall time      0.00 sec
davidson 0 1  |r|= 0.000102  e= [-25.04715415]  max|de|=  -25  lindep=    1
root 0 converged  |r|= 8.67e-05  e= -25.047154147763003  max|de|= -1.84e-09
converged 1 2  |r|= 8.67e-05  e= [-25.04715415]  max|de|= -1.84e-09
    CPU time for FCI solver      6.26 sec, wall time      1.39 sec
CAS space CI energy = -25.0471541477632
macro iter 2 (6 JK  2 micro), CASSCF E = -2086.67117305205  dE = -1.5664677e-06  S^2 = 0.0000000
               |grad[o]|=0.0012  |grad[c]|= 0.0002453376131572969  |ddm|=0.000709
    CPU time for CASCI solver      7.80 sec, wall time      1.58 sec
    CPU time for macro iter 2     25.45 sec, wall time      3.79 sec
    |g|=2.96e-05
    CPU time for gen h_op      0.30 sec, wall time      0.04 sec
    imic 1(3)  |g[o]|=4.53e-06  |dxi|=4.62e-05  max(|x|)=1.96e-05  |dr|=4.62e-05  eig=-6.8e-10  seig=1.48e-08
    CPU time for orbital rotation      0.72 sec, wall time      0.09 sec
    CPU time for update CAS DM      7.11 sec, wall time      0.89 sec
micro 1  |u-1|=6.53e-05  |g[o]|=2.96e-05  |g[c]|=8.79e-05  |ddm|=0.000383
    CPU time for micro iter 1      0.00 sec, wall time      0.00 sec
Active space overlap to initial guess, SVD = [0.99995425 0.99995425 0.99994073 0.99994073 0.99990971 0.99990344
 0.99990344 0.99989319 0.99989318 0.99982312 0.99932974 0.99767938]
Active space overlap to last step, SVD = [1. 1. 1. 1. 1. 1. 1. 1. 1. 1. 1. 1.]
    CPU time for update eri      1.09 sec, wall time      0.14 sec
Start CASCI
    CPU time for integral transformation to CAS space      0.00 sec, wall time      0.00 sec
core energy = -2061.62401318646
    CPU time for effective h1e in CAS space      0.00 sec, wall time      0.00 sec
davidson 0 1  |r|= 0.000131  e= [-25.04715988]  max|de|=  -25  lindep=    1
root 0 converged  |r|= 9.08e-05  e= -25.04715988157303  max|de|= -3.25e-09
converged 1 2  |r|= 9.08e-05  e= [-25.04715988]  max|de|= -3.25e-09
    CPU time for FCI solver      6.28 sec, wall time      1.37 sec
CAS space CI energy = -25.047159881573
macro iter 3 (3 JK  1 micro), CASSCF E = -2086.67117306803  dE = -1.5981186e-08  S^2 = 0.0000000
               |grad[o]|=2.96e-05  |grad[c]|= 8.793302574889561e-05  |ddm|=0.000383
    CPU time for CASCI solver      7.84 sec, wall time      1.57 sec
    CPU time for macro iter 3     16.76 sec, wall time      2.68 sec
1-step CASSCF converged in 3 macro (22 JK 7 micro) steps
CASSCF canonicalization
where_natorb [0, 1, 2, 3, 5, 4, 7, 6, 8, 9, 10, 11]
Natural occ [1.37948948 1.01497473 1.01431238 1.01431236 1.00243626 1.00243625
 0.99756375 0.99756374 0.98568777 0.98568774 0.98506253 0.620473  ]
Natural orbital (expansion on AOs) in CAS space
               #1        #2        #3        #4        #5       
0 Cr1 1s      -0.01608   0.00293   0.00000  -0.00000   0.00000
0 Cr1 2s       0.05561  -0.00995  -0.00000   0.00000  -0.00000
0 Cr1 3s      -0.12420   0.02305   0.00000  -0.00000   0.00000
0 Cr1 4s      -0.17009   0.03030   0.00000  -0.00000   0.00000
0 Cr1 5s       0.35311  -0.06689  -0.00000   0.00000  -0.00000
0 Cr1 6s       0.34910  -0.06805  -0.00000   0.00000  -0.00000
0 Cr1 2px     -0.00000  -0.00000   0.00019  -0.00003   0.00000
0 Cr1 2py      0.00000   0.00000   0.00003   0.00019  -0.00000
0 Cr1 2pz      0.00490   0.00014   0.00000  -0.00000  -0.00000
0 Cr1 3px      0.00000   0.00000  -0.00070   0.00010  -0.00000
0 Cr1 3py     -0.00000  -0.00000  -0.00010  -0.00070   0.00000
0 Cr1 3pz     -0.01310  -0.00039  -0.00000   0.00000   0.00000
0 Cr1 4px     -0.00000  -0.00000   0.00070  -0.00010   0.00000
0 Cr1 4py      0.00000   0.00000   0.00010   0.00070  -0.00000
0 Cr1 4pz     -0.00603   0.00010   0.00000  -0.00000  -0.00000
0 Cr1 5px     -0.00000  -0.00000   0.00104  -0.00015   0.00000
0 Cr1 5py      0.00000   0.00000   0.00015   0.00104  -0.00000
0 Cr1 5pz      0.01671   0.00044   0.00000  -0.00000  -0.00000
0 Cr1 3dxy     0.00000  -0.00000   0.00000   0.00000  -0.05425
0 Cr1 3dyz     0.00000  -0.00000  -0.05999  -0.42933   0.00000
0 Cr1 3dz^2    0.06529   0.42689   0.00000  -0.00000   0.00000
0 Cr1 3dxz     0.00000   0.00000  -0.42933   0.05999  -0.00000
0 Cr1 3dx2-y2  -0.00000  -0.00000  -0.00000   0.00000   0.43191
0 Cr1 4dxy     0.00000  -0.00000   0.00000   0.00000  -0.03631
0 Cr1 4dyz     0.00000  -0.00000  -0.04014  -0.28727   0.00000
0 Cr1 4dz^2    0.04380   0.28642   0.00000  -0.00000   0.00000
0 Cr1 4dxz     0.00000   0.00000  -0.28727   0.04014  -0.00000
0 Cr1 4dx2-y2  -0.00000  -0.00000  -0.00000   0.00000   0.28909
0 Cr1 5dxy    -0.00000  -0.00000   0.00000   0.00000  -0.02060
0 Cr1 5dyz     0.00000  -0.00000  -0.02292  -0.16401   0.00000
0 Cr1 5dz^2    0.02995   0.16245   0.00000  -0.00000   0.00000
0 Cr1 5dxz     0.00000   0.00000  -0.16401   0.02292  -0.00000
0 Cr1 5dx2-y2  -0.00000  -0.00000  -0.00000   0.00000   0.16399
0 Cr1 6dxy    -0.00000  -0.00000   0.00000   0.00000  -0.00195
0 Cr1 6dyz    -0.00000  -0.00000  -0.00214  -0.01534   0.00000
0 Cr1 6dz^2    0.00222   0.01454   0.00000  -0.00000   0.00000
0 Cr1 6dxz     0.00000   0.00000  -0.01534   0.00214  -0.00000
0 Cr1 6dx2-y2  -0.00000  -0.00000  -0.00000   0.00000   0.01551
0 Cr1 4f-3    -0.00000   0.00000   0.00000  -0.00000  -0.00000
0 Cr1 4f-2    -0.00000   0.00000  -0.00000  -0.00000   0.00003
0 Cr1 4f-1    -0.00000   0.00000   0.00003   0.00024  -0.00000
0 Cr1 4f 0     0.00018  -0.00023  -0.00000   0.00000  -0.00000
0 Cr1 4f 1    -0.00000  -0.00000   0.00024  -0.00003   0.00000
0 Cr1 4f 2    -0.00000   0.00000   0.00000  -0.00000  -0.00024
0 Cr1 4f 3    -0.00000  -0.00000   0.00000   0.00000   0.00000
1 Cr2 1s      -0.01608   0.00293   0.00000  -0.00000   0.00000
1 Cr2 2s       0.05561  -0.00995  -0.00000   0.00000  -0.00000
1 Cr2 3s      -0.12420   0.02305   0.00000  -0.00000   0.00000
1 Cr2 4s      -0.17009   0.03030   0.00000  -0.00000   0.00000
1 Cr2 5s       0.35311  -0.06689  -0.00000   0.00000  -0.00000
1 Cr2 6s       0.34910  -0.06805  -0.00000   0.00000  -0.00000
1 Cr2 2px      0.00000  -0.00000   0.00019  -0.00003   0.00000
1 Cr2 2py     -0.00000   0.00000   0.00003   0.00019  -0.00000
1 Cr2 2pz     -0.00490  -0.00014  -0.00000   0.00000   0.00000
1 Cr2 3px     -0.00000   0.00000  -0.00070   0.00010  -0.00000
1 Cr2 3py      0.00000  -0.00000  -0.00010  -0.00070   0.00000
1 Cr2 3pz      0.01310   0.00039   0.00000  -0.00000  -0.00000
1 Cr2 4px     -0.00000  -0.00000   0.00070  -0.00010   0.00000
1 Cr2 4py      0.00000   0.00000   0.00010   0.00070  -0.00000
1 Cr2 4pz      0.00603  -0.00010  -0.00000   0.00000  -0.00000
1 Cr2 5px      0.00000  -0.00000   0.00104  -0.00015   0.00000
1 Cr2 5py     -0.00000   0.00000   0.00015   0.00104  -0.00000
1 Cr2 5pz     -0.01671  -0.00044  -0.00000   0.00000   0.00000
1 Cr2 3dxy     0.00000  -0.00000   0.00000   0.00000  -0.05425
1 Cr2 3dyz    -0.00000   0.00000   0.05999   0.42933  -0.00000
1 Cr2 3dz^2    0.06529   0.42688   0.00000  -0.00000   0.00000
1 Cr2 3dxz    -0.00000  -0.00000   0.42933  -0.05999   0.00000
1 Cr2 3dx2-y2   0.00000  -0.00000  -0.00000   0.00000   0.43191
1 Cr2 4dxy     0.00000  -0.00000   0.00000   0.00000  -0.03631
1 Cr2 4dyz    -0.00000   0.00000   0.04014   0.28727  -0.00000
1 Cr2 4dz^2    0.04380   0.28642   0.00000  -0.00000   0.00000
1 Cr2 4dxz    -0.00000  -0.00000   0.28727  -0.04014   0.00000
1 Cr2 4dx2-y2   0.00000  -0.00000  -0.00000   0.00000   0.28909
1 Cr2 5dxy     0.00000  -0.00000   0.00000   0.00000  -0.02060
1 Cr2 5dyz    -0.00000   0.00000   0.02292   0.16401  -0.00000
1 Cr2 5dz^2    0.02995   0.16245   0.00000  -0.00000   0.00000
1 Cr2 5dxz    -0.00000  -0.00000   0.16401  -0.02292   0.00000
1 Cr2 5dx2-y2   0.00000  -0.00000  -0.00000   0.00000   0.16399
1 Cr2 6dxy    -0.00000  -0.00000   0.00000   0.00000  -0.00195
1 Cr2 6dyz     0.00000   0.00000   0.00214   0.01534  -0.00000
1 Cr2 6dz^2    0.00222   0.01454   0.00000  -0.00000   0.00000
1 Cr2 6dxz    -0.00000  -0.00000   0.01534  -0.00214   0.00000
1 Cr2 6dx2-y2  -0.00000  -0.00000  -0.00000   0.00000   0.01551
1 Cr2 4f-3     0.00000  -0.00000   0.00000  -0.00000   0.00000
1 Cr2 4f-2     0.00000  -0.00000   0.00000   0.00000  -0.00003
1 Cr2 4f-1    -0.00000   0.00000   0.00003   0.00024  -0.00000
1 Cr2 4f 0    -0.00018   0.00023   0.00000  -0.00000   0.00000
1 Cr2 4f 1    -0.00000  -0.00000   0.00024  -0.00003   0.00000
1 Cr2 4f 2     0.00000  -0.00000  -0.00000   0.00000   0.00024
1 Cr2 4f 3     0.00000  -0.00000   0.00000   0.00000  -0.00000
               #6        #7        #8        #9        #10      
0 Cr1 1s       0.00000  -0.00000  -0.00000   0.00000  -0.00000
0 Cr1 2s      -0.00000   0.00000   0.00000  -0.00000   0.00000
0 Cr1 3s       0.00000  -0.00000  -0.00000   0.00000  -0.00000
0 Cr1 4s       0.00000  -0.00000  -0.00000   0.00000  -0.00000
0 Cr1 5s      -0.00000   0.00000   0.00000  -0.00000   0.00000
0 Cr1 6s      -0.00000   0.00000   0.00000  -0.00000   0.00000
0 Cr1 2px     -0.00000   0.00000  -0.00000   0.00012  -0.00084
0 Cr1 2py     -0.00000   0.00000   0.00000  -0.00084  -0.00012
0 Cr1 2pz     -0.00000   0.00000   0.00000  -0.00000   0.00000
0 Cr1 3px      0.00000  -0.00000   0.00000  -0.00033   0.00237
0 Cr1 3py      0.00000  -0.00000  -0.00000   0.00237   0.00033
0 Cr1 3pz      0.00000  -0.00000  -0.00000   0.00000  -0.00000
0 Cr1 4px     -0.00000   0.00000   0.00000  -0.00003   0.00022
0 Cr1 4py     -0.00000  -0.00000  -0.00000   0.00022   0.00003
0 Cr1 4pz      0.00000   0.00000   0.00000  -0.00000   0.00000
0 Cr1 5px      0.00000   0.00000  -0.00000   0.00043  -0.00310
0 Cr1 5py     -0.00000   0.00000   0.00000  -0.00310  -0.00043
0 Cr1 5pz     -0.00000   0.00000   0.00000  -0.00000   0.00000
0 Cr1 3dxy     0.43191  -0.43291   0.05257  -0.00000  -0.00000
0 Cr1 3dyz     0.00000  -0.00000  -0.00000   0.43372   0.06061
0 Cr1 3dz^2    0.00000  -0.00000  -0.00000   0.00000  -0.00000
0 Cr1 3dxz     0.00000  -0.00000   0.00000  -0.06061   0.43372
0 Cr1 3dx2-y2   0.05425  -0.05257  -0.43291  -0.00000   0.00000
0 Cr1 4dxy     0.28909  -0.28976   0.03519  -0.00000  -0.00000
0 Cr1 4dyz     0.00000  -0.00000  -0.00000   0.29014   0.04054
0 Cr1 4dz^2    0.00000  -0.00000  -0.00000   0.00000  -0.00000
0 Cr1 4dxz     0.00000  -0.00000   0.00000  -0.04054   0.29014
0 Cr1 4dx2-y2   0.03631  -0.03519  -0.28976  -0.00000   0.00000
0 Cr1 5dxy     0.16399  -0.16421   0.01994  -0.00000  -0.00000
0 Cr1 5dyz     0.00000  -0.00000  -0.00000   0.16378   0.02289
0 Cr1 5dz^2    0.00000  -0.00000  -0.00000   0.00000  -0.00000
0 Cr1 5dxz     0.00000  -0.00000   0.00000  -0.02289   0.16378
0 Cr1 5dx2-y2   0.02060  -0.01994  -0.16421  -0.00000   0.00000
0 Cr1 6dxy     0.01551  -0.01501   0.00182  -0.00000  -0.00000
0 Cr1 6dyz     0.00000  -0.00000  -0.00000   0.01472   0.00206
0 Cr1 6dz^2    0.00000  -0.00000  -0.00000   0.00000  -0.00000
0 Cr1 6dxz     0.00000  -0.00000   0.00000  -0.00206   0.01472
0 Cr1 6dx2-y2   0.00195  -0.00182  -0.01501  -0.00000   0.00000
0 Cr1 4f-3     0.00000  -0.00000   0.00000   0.00000  -0.00000
0 Cr1 4f-2    -0.00024   0.00025  -0.00003   0.00000   0.00000
0 Cr1 4f-1    -0.00000   0.00000   0.00000  -0.00036  -0.00005
0 Cr1 4f 0    -0.00000   0.00000   0.00000  -0.00000   0.00000
0 Cr1 4f 1    -0.00000   0.00000  -0.00000   0.00005  -0.00036
0 Cr1 4f 2    -0.00003   0.00003   0.00025   0.00000  -0.00000
0 Cr1 4f 3     0.00000  -0.00000  -0.00000  -0.00000  -0.00000
1 Cr2 1s       0.00000   0.00000   0.00000  -0.00000   0.00000
1 Cr2 2s      -0.00000  -0.00000  -0.00000   0.00000  -0.00000
1 Cr2 3s       0.00000   0.00000   0.00000  -0.00000   0.00000
1 Cr2 4s       0.00000   0.00000   0.00000  -0.00000   0.00000
1 Cr2 5s      -0.00000  -0.00000  -0.00000   0.00000  -0.00000
1 Cr2 6s      -0.00000  -0.00000  -0.00000   0.00000  -0.00000
1 Cr2 2px      0.00000   0.00000   0.00000  -0.00012   0.00084
1 Cr2 2py     -0.00000  -0.00000  -0.00000   0.00084   0.00012
1 Cr2 2pz      0.00000   0.00000   0.00000  -0.00000   0.00000
1 Cr2 3px     -0.00000  -0.00000  -0.00000   0.00033  -0.00237
1 Cr2 3py      0.00000   0.00000   0.00000  -0.00237  -0.00033
1 Cr2 3pz     -0.00000  -0.00000  -0.00000   0.00000  -0.00000
1 Cr2 4px     -0.00000   0.00000  -0.00000   0.00003  -0.00022
1 Cr2 4py     -0.00000   0.00000   0.00000  -0.00022  -0.00003
1 Cr2 4pz     -0.00000   0.00000   0.00000  -0.00000   0.00000
1 Cr2 5px      0.00000   0.00000   0.00000  -0.00043   0.00310
1 Cr2 5py     -0.00000  -0.00000  -0.00000   0.00310   0.00043
1 Cr2 5pz      0.00000   0.00000   0.00000  -0.00000   0.00000
1 Cr2 3dxy     0.43191   0.43291  -0.05257   0.00000   0.00000
1 Cr2 3dyz    -0.00000  -0.00000  -0.00000   0.43372   0.06061
1 Cr2 3dz^2    0.00000   0.00000   0.00000  -0.00000   0.00000
1 Cr2 3dxz    -0.00000  -0.00000   0.00000  -0.06061   0.43372
1 Cr2 3dx2-y2   0.05425   0.05257   0.43291   0.00000  -0.00000
1 Cr2 4dxy     0.28909   0.28976  -0.03519   0.00000   0.00000
1 Cr2 4dyz    -0.00000  -0.00000  -0.00000   0.29014   0.04054
1 Cr2 4dz^2    0.00000   0.00000   0.00000  -0.00000   0.00000
1 Cr2 4dxz    -0.00000  -0.00000   0.00000  -0.04054   0.29014
1 Cr2 4dx2-y2   0.03631   0.03519   0.28976   0.00000  -0.00000
1 Cr2 5dxy     0.16399   0.16421  -0.01994   0.00000   0.00000
1 Cr2 5dyz    -0.00000  -0.00000  -0.00000   0.16378   0.02289
1 Cr2 5dz^2    0.00000   0.00000   0.00000  -0.00000   0.00000
1 Cr2 5dxz    -0.00000  -0.00000   0.00000  -0.02289   0.16378
1 Cr2 5dx2-y2   0.02060   0.01994   0.16421   0.00000  -0.00000
1 Cr2 6dxy     0.01551   0.01501  -0.00182   0.00000   0.00000
1 Cr2 6dyz    -0.00000  -0.00000  -0.00000   0.01472   0.00206
1 Cr2 6dz^2    0.00000   0.00000   0.00000  -0.00000   0.00000
1 Cr2 6dxz    -0.00000  -0.00000   0.00000  -0.00206   0.01472
1 Cr2 6dx2-y2   0.00195   0.00182   0.01501   0.00000  -0.00000
1 Cr2 4f-3    -0.00000  -0.00000   0.00000  -0.00000   0.00000
1 Cr2 4f-2     0.00024   0.00025  -0.00003   0.00000   0.00000
1 Cr2 4f-1    -0.00000  -0.00000  -0.00000   0.00036   0.00005
1 Cr2 4f 0     0.00000   0.00000   0.00000  -0.00000   0.00000
1 Cr2 4f 1    -0.00000  -0.00000   0.00000  -0.00005   0.00036
1 Cr2 4f 2     0.00003   0.00003   0.00025   0.00000  -0.00000
1 Cr2 4f 3    -0.00000  -0.00000  -0.00000   0.00000   0.00000
               #11       #12      
0 Cr1 1s      -0.00302   0.01875
0 Cr1 2s       0.01022  -0.06369
0 Cr1 3s      -0.02374   0.14702
0 Cr1 4s      -0.03079   0.19833
0 Cr1 5s       0.07320  -0.48500
0 Cr1 6s       0.06272  -0.43283
0 Cr1 2px      0.00000   0.00000
0 Cr1 2py     -0.00000  -0.00000
0 Cr1 2pz      0.00084   0.00402
0 Cr1 3px     -0.00000  -0.00000
0 Cr1 3py      0.00000   0.00000
0 Cr1 3pz     -0.00245  -0.01050
0 Cr1 4px     -0.00000   0.00000
0 Cr1 4py      0.00000   0.00000
0 Cr1 4pz      0.00071  -0.00433
0 Cr1 5px      0.00000   0.00000
0 Cr1 5py     -0.00000  -0.00000
0 Cr1 5pz      0.00094  -0.00188
0 Cr1 3dxy     0.00000   0.00000
0 Cr1 3dyz     0.00000  -0.00000
0 Cr1 3dz^2   -0.43162  -0.08463
0 Cr1 3dxz    -0.00000  -0.00000
0 Cr1 3dx2-y2   0.00000   0.00000
0 Cr1 4dxy     0.00000   0.00000
0 Cr1 4dyz     0.00000  -0.00000
0 Cr1 4dz^2   -0.28791  -0.05589
0 Cr1 4dxz    -0.00000  -0.00000
0 Cr1 4dx2-y2   0.00000   0.00000
0 Cr1 5dxy     0.00000  -0.00000
0 Cr1 5dyz     0.00000  -0.00000
0 Cr1 5dz^2   -0.16518  -0.02915
0 Cr1 5dxz    -0.00000  -0.00000
0 Cr1 5dx2-y2   0.00000   0.00000
0 Cr1 6dxy     0.00000  -0.00000
0 Cr1 6dyz     0.00000  -0.00000
0 Cr1 6dz^2   -0.01499  -0.00038
0 Cr1 6dxz    -0.00000  -0.00000
0 Cr1 6dx2-y2   0.00000  -0.00000
0 Cr1 4f-3    -0.00000   0.00000
0 Cr1 4f-2    -0.00000   0.00000
0 Cr1 4f-1    -0.00000  -0.00000
0 Cr1 4f 0     0.00041   0.00015
0 Cr1 4f 1     0.00000   0.00000
0 Cr1 4f 2    -0.00000   0.00000
0 Cr1 4f 3     0.00000   0.00000
1 Cr2 1s       0.00302  -0.01875
1 Cr2 2s      -0.01022   0.06369
1 Cr2 3s       0.02374  -0.14702
1 Cr2 4s       0.03079  -0.19833
1 Cr2 5s      -0.07320   0.48500
1 Cr2 6s      -0.06272   0.43283
1 Cr2 2px     -0.00000   0.00000
1 Cr2 2py      0.00000  -0.00000
1 Cr2 2pz      0.00084   0.00402
1 Cr2 3px      0.00000  -0.00000
1 Cr2 3py     -0.00000   0.00000
1 Cr2 3pz     -0.00245  -0.01050
1 Cr2 4px      0.00000  -0.00000
1 Cr2 4py     -0.00000   0.00000
1 Cr2 4pz      0.00071  -0.00433
1 Cr2 5px     -0.00000   0.00000
1 Cr2 5py      0.00000  -0.00000
1 Cr2 5pz      0.00094  -0.00188
1 Cr2 3dxy    -0.00000   0.00000
1 Cr2 3dyz     0.00000  -0.00000
1 Cr2 3dz^2    0.43162   0.08463
1 Cr2 3dxz    -0.00000  -0.00000
1 Cr2 3dx2-y2  -0.00000  -0.00000
1 Cr2 4dxy    -0.00000   0.00000
1 Cr2 4dyz     0.00000  -0.00000
1 Cr2 4dz^2    0.28791   0.05589
1 Cr2 4dxz    -0.00000  -0.00000
1 Cr2 4dx2-y2  -0.00000  -0.00000
1 Cr2 5dxy    -0.00000   0.00000
1 Cr2 5dyz     0.00000  -0.00000
1 Cr2 5dz^2    0.16518   0.02915
1 Cr2 5dxz    -0.00000  -0.00000
1 Cr2 5dx2-y2  -0.00000   0.00000
1 Cr2 6dxy    -0.00000   0.00000
1 Cr2 6dyz     0.00000  -0.00000
1 Cr2 6dz^2    0.01499   0.00038
1 Cr2 6dxz    -0.00000  -0.00000
1 Cr2 6dx2-y2  -0.00000   0.00000
1 Cr2 4f-3    -0.00000   0.00000
1 Cr2 4f-2    -0.00000   0.00000
1 Cr2 4f-1     0.00000  -0.00000
1 Cr2 4f 0     0.00041   0.00015
1 Cr2 4f 1    -0.00000  -0.00000
1 Cr2 4f 2    -0.00000   0.00000
1 Cr2 4f 3    -0.00000   0.00000
<CAS-nat-orb|mo-hf>  19  19    0.98749948
<CAS-nat-orb|mo-hf>  20  20    0.98921182
<CAS-nat-orb|mo-hf>  21  21    0.99984517
<CAS-nat-orb|mo-hf>  22  22    0.99984517
<CAS-nat-orb|mo-hf>  23  24    0.96054736
<CAS-nat-orb|mo-hf>  24  23    0.96054730
<CAS-nat-orb|mo-hf>  25  26    0.95940770
<CAS-nat-orb|mo-hf>  26  25    0.95940776
<CAS-nat-orb|mo-hf>  27  27    0.99985539
<CAS-nat-orb|mo-hf>  28  28    0.99985539
<CAS-nat-orb|mo-hf>  29  29    0.98802845
<CAS-nat-orb|mo-hf>  30  30    0.98760961
i = 1  <i|F|i> = -220.38584112
i = 2  <i|F|i> = -220.38583797
i = 3  <i|F|i> = -26.20985382
i = 4  <i|F|i> = -26.20984951
i = 5  <i|F|i> = -22.13999281
i = 6  <i|F|i> = -22.13999277
i = 7  <i|F|i> = -22.13998971
i = 8  <i|F|i> = -22.13998964
i = 9  <i|F|i> = -22.13994248
i = 10  <i|F|i> = -22.13993549
i = 11  <i|F|i> =  -3.28544204
i = 12  <i|F|i> =  -3.28543803
i = 13  <i|F|i> =  -2.05136599
i = 14  <i|F|i> =  -2.05131300
i = 15  <i|F|i> =  -2.05131294
i = 16  <i|F|i> =  -2.05128385
i = 17  <i|F|i> =  -2.05128376
i = 18  <i|F|i> =  -2.05115934
i = 19  <i|F|i> =  -0.12585189
i = 20  <i|F|i> =   0.03725037
i = 21  <i|F|i> =   0.04081441
i = 22  <i|F|i> =   0.04081442
i = 23  <i|F|i> =   0.04516339
i = 24  <i|F|i> =   0.04516344
i = 25  <i|F|i> =   0.04693089
i = 26  <i|F|i> =   0.04693089
i = 27  <i|F|i> =   0.05119845
i = 28  <i|F|i> =   0.05119845
i = 29  <i|F|i> =   0.04784287
i = 30  <i|F|i> =  -0.01951136
i = 31  <i|F|i> =   0.13169304
i = 32  <i|F|i> =   0.13592947
i = 33  <i|F|i> =   0.13592948
i = 34  <i|F|i> =   0.14388522
i = 35  <i|F|i> =   0.15125422
i = 36  <i|F|i> =   0.15125426
i = 37  <i|F|i> =   0.15666905
i = 38  <i|F|i> =   0.15666905
i = 39  <i|F|i> =   0.15968928
i = 40  <i|F|i> =   0.19121726
i = 41  <i|F|i> =   0.19121726
i = 42  <i|F|i> =   0.20723362
i = 43  <i|F|i> =   0.21708551
i = 44  <i|F|i> =   0.21708554
i = 45  <i|F|i> =   0.24680122
i = 46  <i|F|i> =   0.27663589
i = 47  <i|F|i> =   0.27663590
i = 48  <i|F|i> =   0.35909737
i = 49  <i|F|i> =   0.65135772
i = 50  <i|F|i> =   0.69050644
i = 51  <i|F|i> =   0.69050645
i = 52  <i|F|i> =   0.69895339
i = 53  <i|F|i> =   0.69895343
i = 54  <i|F|i> =   0.71190025
i = 55  <i|F|i> =   0.71190027
i = 56  <i|F|i> =   0.72163722
i = 57  <i|F|i> =   0.72163724
i = 58  <i|F|i> =   0.79947667
i = 59  <i|F|i> =   1.67893803
i = 60  <i|F|i> =   1.68846720
i = 61  <i|F|i> =   1.68846720
i = 62  <i|F|i> =   1.74223009
i = 63  <i|F|i> =   1.74223017
i = 64  <i|F|i> =   1.87910694
i = 65  <i|F|i> =   2.37508508
i = 66  <i|F|i> =   2.40936449
i = 67  <i|F|i> =   2.54793614
i = 68  <i|F|i> =   2.56174941
i = 69  <i|F|i> =   2.56174943
i = 70  <i|F|i> =   2.57007039
i = 71  <i|F|i> =   2.57007047
i = 72  <i|F|i> =   2.57935842
i = 73  <i|F|i> =   2.57935843
i = 74  <i|F|i> =   2.59036018
i = 75  <i|F|i> =   2.59036022
i = 76  <i|F|i> =   2.65968674
i = 77  <i|F|i> =   3.45026476
i = 78  <i|F|i> =   3.45026477
i = 79  <i|F|i> =   3.45026641
i = 80  <i|F|i> =   3.45026651
i = 81  <i|F|i> =   3.45034660
i = 82  <i|F|i> =   3.45034666
i = 83  <i|F|i> =   3.45037543
i = 84  <i|F|i> =   3.45037550
i = 85  <i|F|i> =   3.45042477
i = 86  <i|F|i> =   3.45042487
i = 87  <i|F|i> =   3.45063226
i = 88  <i|F|i> =   3.45063230
i = 89  <i|F|i> =   3.45070938
i = 90  <i|F|i> =   3.45140565
    CPU time for 1-step CASSCF    358.83 sec, wall time     59.02 sec
CASSCF energy = -2086.67117306803
CASCI E = -2086.67117306803  E(CI) = -25.047159881573  S^2 = 0.0000000
Overwritten attributes  contract_2e  of <class 'pyscf.fci.direct_spin1.FCISolver'>
