----- Output of AutoMR of MOKIT(Molecular Orbital Kit) -----
        GitLab page: https://gitlab.com/jxzou/mokit
                    Author: jxzou
                   Version: 1.2.3
         (How to cite: read the file Citation.txt)

HOST xc02n12, Mon Jul  5 14:03:41 2021

Read program paths from environment variables:
MOKIT_ROOT  = /share/home/srwang/mokit
gau_path    = /share/apps/gaussian/G09C01Z/srwang-mod-2020/g09/g09
gms_path    = /share/home/srwang/gamess/rungms
orca_path   = /share/apps/ORCA/orca_4_2_1_linux_x86-64_openmpi314/orca
molcas_path = /share/home/srwang/Modules/bin/pymolcas
molpro_path = /share/apps/scripts/molpro
bdf_path    = NOT FOUND
psi4_path   = NOT FOUND

memory =  10GB, nproc =   8, method/basis = casscf/def2tzvp

Keywords in MOKIT{} are merged and shown as follows:
crazywfn

No. Strategy = 0
readRHF = F   readUHF = F   readNO  = F   skipHF  = F   Cart    = F
Vir_Proj= F   UNO     = T   GVB     = T   CASCI   = F   CASSCF  = T
DMRGCI  = F   DMRGSCF = F   CASPT2  = F   NEVPT2  = F   MRMP2   = F
SDSPT2  = F   MRCISD  = F   MCPDFT  = F   NEVPT3  = F   CASPT3  = F
CIonly  = F   dyn_corr= F   DKH2    = F   X2C     = F   RI      = F
FIC     = F   DLPNO   = F   F12     = F   TenCycle= T   HardWFN = F
CrazyWFN= T   BgCharge= F   Ana_Grad= F   CtrType = 0   MaxM    = 1000
NMR     = F   ON_thres= 0.99999
LocalM  = pm  OtPDF = NONE  RIJK_bas=NONE RIC_bas=NONE F12_cabs=NONE
HF_fch = NONE

Check if the keywords are compatible with each other...
Check done. All keywords are compatible.


Enter subroutine do_hf...
Fragment guess required. Only UHF will be performed.
HF using program gaussian

E(UHF) =     -2086.67064354 a.u., <S**2>=  5.899
Strategy updated:

No. Strategy = 1
readRHF = F   readUHF = F   readNO  = F   skipHF  = F   Cart    = F
Vir_Proj= F   UNO     = T   GVB     = T   CASCI   = F   CASSCF  = T
DMRGCI  = F   DMRGSCF = F   CASPT2  = F   NEVPT2  = F   MRMP2   = F
SDSPT2  = F   MRCISD  = F   MCPDFT  = F   NEVPT3  = F   CASPT3  = F
CIonly  = F   dyn_corr= F   DKH2    = F   X2C     = F   RI      = F
FIC     = F   DLPNO   = F   F12     = F   TenCycle= T   HardWFN = F
CrazyWFN= T   BgCharge= F   Ana_Grad= F   CtrType = 0   MaxM    = 1000
NMR     = F   ON_thres= 0.99999
LocalM  = pm  OtPDF = NONE  RIJK_bas=NONE RIC_bas=NONE F12_cabs=NONE
HF_fch = NONE
Leave subroutine do_hf at Mon Jul  5 14:03:48 2021


Enter subroutine get_paired_LMO...
Two sets of MOs, ist=1, invoke UNO associated rotation.
$python Cr2_40_uhf_uno_asrot.py >Cr2_40_uhf_uno_asrot.out 2>&1
Leave subroutine get_paired_LMO at Mon Jul  5 14:03:49 2021


Enter subroutine do_gvb...
gms_scr_path = /scratch/scr/srwang/gamess
nbf =   90    nif =   90
doubly_occ=   18    npair=    6    nopen=    0    nvir=   60
$fch2inp Cr2_40_uhf_uno_asrot.fch -gvb 6 -open 0

E(GVB) =     -2086.38760598 a.u.
Leave subroutine do_gvb at Mon Jul  5 14:03:54 2021


Enter subroutine do_cas...
CASSCF(12,12) using program pyscf
doubly_occ=  18    nvir=  60    RIJK= F
No. of active alpha/beta e = 6/6
$python Cr2_40_uhf_gvb6_2CASSCF.py >Cr2_40_uhf_gvb6_2CASSCF.out 2>&1

E(CASCI)  =     -2086.66759832 a.u.
E(CASSCF) =     -2086.67117307 a.u.
Leave subroutine do_cas at Mon Jul  5 14:04:54 2021

Normal termination of AutoMR at Mon Jul  5 14:04:54 2021
