

******** <class 'pyscf.scf.uhf.UHF'> ********
method = UHF
initial guess = minao
damping factor = 0
level_shift factor = 0
DIIS = <class 'pyscf.scf.diis.CDIIS'>
diis_start_cycle = 1
diis_space = 8
SCF conv_tol = 1e-09
SCF conv_tol_grad = None
SCF max_cycles = 1
direct_scf = True
direct_scf_tol = 1e-13
chkfile to save SCF result = /share/home/srwang/automr_inputlibrary/suhf_vs_gvb/C2_20_om/tmpg82cai9i
max_memory 4000 MB (current use 105 MB)
number electrons alpha = 6  beta = 6
Set gradient conv threshold to 3.16228e-05
init E= -74.7081248740585

WARN: alpha nocc = 6  HOMO -0.106362676837678 >= LUMO -0.106362676837678


WARN: beta  nocc = 6  HOMO -0.105937312926751 >= LUMO -0.10593731292675


WARN: system HOMO -0.105937312926751 >= system LUMO -0.10593731292675

cycle= 1 E= -75.2612036543929  delta_E= -0.553  |g|= 0.199  |ddm|= 0.801
SCF not converged.
SCF energy = -75.2612036543929 after 1 cycles  <S^2> = 0.15906593  2S+1 = 1.2791652


******** <class 'pyscf.scf.uhf.UHF'> ********
method = UHF
initial guess = minao
damping factor = 0
level_shift factor = 0
DIIS = <class 'pyscf.scf.diis.CDIIS'>
diis_start_cycle = 1
diis_space = 8
SCF conv_tol = 1e-09
SCF conv_tol_grad = None
SCF max_cycles = 2
direct_scf = True
direct_scf_tol = 1e-13
chkfile to save SCF result = /share/home/srwang/automr_inputlibrary/suhf_vs_gvb/C2_20_om/tmpg82cai9i
max_memory 4000 MB (current use 149 MB)
number electrons alpha = 6  beta = 6
Set gradient conv threshold to 3.16228e-05
init E= -75.3983308014121
  alpha nocc = 6  HOMO = -0.422314194983629  LUMO = 0.0127151146632512
  beta  nocc = 6  HOMO = -0.422314242917274  LUMO = 0.0127151018513604
cycle= 1 E= -75.3983308075087  delta_E= -6.1e-09  |g|= 9.44e-09  |ddm|= 2.62e-08
  alpha nocc = 6  HOMO = -0.422314199231885  LUMO = 0.0127151111971881
  beta  nocc = 6  HOMO = -0.422314246369624  LUMO = 0.0127150981514851
cycle= 2 E= -75.3983308075087  delta_E= -5.68e-14  |g|= 7.55e-09  |ddm|= 1.15e-08
  alpha nocc = 6  HOMO = -0.422314199200042  LUMO = 0.0127151112929233
  beta  nocc = 6  HOMO = -0.42231424534955  LUMO = 0.0127150987864579
Extra cycle  E= -75.3983308075087  delta_E=    0  |g|= 6.95e-09  |ddm|= 9.41e-09
converged SCF energy = -75.3983308075087  <S^2> = 1.9958062  2S+1 = 2.9972028
**** checking UHF/UKS internal stability ...
tol 0.0001  toloose 0.01
max_cycle 50  max_space 12  max_memory 2000  incore True
davidson 0 1  |r|= 2.46  e= [1.85211391]  max|de|= 1.85  lindep= 0.953
davidson 1 2  |r|= 0.483  e= [1.28730189]  max|de|= -0.565  lindep= 0.999
davidson 2 3  |r|= 0.374  e= [0.71166667]  max|de|= -0.576  lindep= 0.999
davidson 3 4  |r|= 0.501  e= [0.27150442]  max|de|= -0.44  lindep= 0.986
davidson 4 5  |r|= 0.271  e= [0.09219545]  max|de|= -0.179  lindep= 0.996
davidson 5 6  |r|= 0.135  e= [0.02978792]  max|de|= -0.0624  lindep= 0.984
davidson 6 7  |r|= 0.0486  e= [0.01998667]  max|de|= -0.0098  lindep= 0.969
davidson 7 8  |r|= 0.0293  e= [0.01860593]  max|de|= -0.00138  lindep= 0.949
davidson 8 9  |r|= 0.0227  e= [0.01788211]  max|de|= -0.000724  lindep= 0.944
davidson 9 10  |r|= 0.0148  e= [0.01752737]  max|de|= -0.000355  lindep= 0.939
davidson 10 11  |r|= 0.0262  e= [0.01717275]  max|de|= -0.000355  lindep= 0.929
davidson 11 12  |r|= 0.0328  e= [0.01635158]  max|de|= -0.000821  lindep= 0.95
davidson 12 1  |r|= 0.0328  e= [0.01635158]  max|de|= 7.63e-17  lindep=    1
davidson 13 2  |r|= 0.0289  e= [0.01582885]  max|de|= -0.000523  lindep= 0.902
davidson 14 3  |r|= 0.0284  e= [0.01495729]  max|de|= -0.000872  lindep= 0.969
davidson 15 4  |r|= 0.0382  e= [0.0136966]  max|de|= -0.00126  lindep= 0.957
davidson 16 5  |r|= 0.0668  e= [0.01162972]  max|de|= -0.00207  lindep= 0.915
davidson 17 6  |r|= 0.0699  e= [0.00883639]  max|de|= -0.00279  lindep= 0.905
davidson 18 7  |r|= 0.0694  e= [0.0037543]  max|de|= -0.00508  lindep= 0.965
davidson 19 8  |r|= 0.0347  e= [0.00090794]  max|de|= -0.00285  lindep= 0.974
davidson 20 9  |r|= 0.0211  e= [0.00037849]  max|de|= -0.000529  lindep= 0.932
davidson 21 10  |r|= 0.0117  e= [0.00018672]  max|de|= -0.000192  lindep= 0.97
root 0 converged  |r|= 0.0077  e= 0.00010408272931981516  max|de|= -8.26e-05
converged 22 11  |r|= 0.0077  e= [0.00010408]  max|de|= -8.26e-05
UHF/UKS wavefunction is stable in the internal stability analysis

******** <class 'pyphf.suscf.SUHF'> ********
Date: Mon Jul  5 16:08:09 2021
pyphf version 0.4.0
pyphf path  /share/home/srwang/ExSCF
GIT ORIG_HEAD 3359379feaf48d24d1be318eb6e2afc227b11fdb
GIT HEAD (branch main) bc10c7af3fe3904d1db1be08e3fae4560657cda2
max_cycle: 100
verbose: 4                # normal
conv_tol: 1e-07           # 1e-07 for RMSD(dm), 1e-05 for MaxD(dm), 1e-09 for dE
DIIS: <class 'pyscf.scf.diis.CDIIS'>
diis_start_cyc = 10
grids:  [0.06237655 0.31939555 0.74529195 1.28265786 1.85893479 2.39630071
 2.8221971  3.07921611] 
weights:  [0.15900941 0.34931531 0.49276925 0.56970235 0.56970235 0.49276925
 0.34931531 0.15900941]
S = 0.0, Sz = 0.0
Wigner small d:  1
value : [1. 1. 1. 1. 1. 1. 1. 1.]
time for Preparation before cyc: 0.101
**** Start Cycle 1 ****
time for NO, Ng: 0.092
time for Gg: 0.425
detC 1.000000000000003
detNg [  1.001943   1.052337   1.323917   2.345972   6.518661  26.699745  96.413542 151.5915  ]
xg [0.99806  0.950266 0.755334 0.426263 0.153406 0.037454 0.010372 0.006597]
ciS 0.6968887896533051
ciH -59.187885314500036
S2 = -0.000000
Hsp + Hph =  -84.93160773033154
Alpha occ 6 vir 56; Beta occ 6 vir 56
Alpha energies:  [-11.368067 -11.33132   -0.862092  -0.625375  -0.445975  -0.422715] <- HOMO
         LUMO->  [0.012893 0.084154 0.109701 0.185419 0.251906 0.338344]
Beta energies:   [-11.368067 -11.33132   -0.862093  -0.625375  -0.445975  -0.422715] <- HOMO
         LUMO->  [0.012893 0.084155 0.109701 0.185419 0.251906 0.338344]
time for xg, H, S2, Yg, Feff: 0.034
 E =    -75.40641798
**** Start Cycle 2 ****
time for NO, Ng: 0.088
time for Gg: 0.424
detC -1.0000000000000022
detNg [  1.001952   1.052554   1.324965   2.345222   6.436535  25.191265  83.714127 126.186731]
xg [0.998052 0.95007  0.754737 0.426399 0.155363 0.039696 0.011945 0.007925]
ciS 0.6987464579051158
ciH -59.34888290314571
S2 = -0.000000
Hsp + Hph =  -84.93622004335771
Alpha occ 6 vir 56; Beta occ 6 vir 56
Alpha energies:  [-11.370434 -11.333171  -0.865662  -0.625183  -0.448707  -0.427315] <- HOMO
         LUMO->  [0.013516 0.083385 0.109698 0.1848   0.25118  0.336797]
Beta energies:   [-11.370434 -11.333171  -0.865662  -0.625183  -0.448707  -0.427315] <- HOMO
         LUMO->  [0.013516 0.083385 0.109698 0.1848   0.25118  0.336797]
time for xg, H, S2, Yg, Feff: 0.032
 E =    -75.41103029, delta E = -0.00461231, MaxD(dm) = 0.00839873, RMSD(dm) = 0.000593414
**** Start Cycle 3 ****
time for NO, Ng: 0.088
time for Gg: 0.422
detC 1.0000000000000013
detNg [  1.00196    1.052761   1.326097   2.34708    6.398155  24.395232  77.526407 114.422044]
xg [0.998044 0.949883 0.754093 0.426061 0.156295 0.040992 0.012899 0.00874 ]
ciS 0.69938064463274
ciH -59.40423243926642
S2 = -0.000000
Hsp + Hph =  -84.93834208188719
Alpha occ 6 vir 56; Beta occ 6 vir 56
Alpha energies:  [-11.367481 -11.329522  -0.865896  -0.62289   -0.449005  -0.428791] <- HOMO
         LUMO->  [0.015228 0.084708 0.110974 0.18563  0.251294 0.336371]
Beta energies:   [-11.367481 -11.329522  -0.865896  -0.62289   -0.449005  -0.428791] <- HOMO
         LUMO->  [0.015228 0.084708 0.110974 0.18563  0.251294 0.336371]
time for xg, H, S2, Yg, Feff: 0.032
 E =    -75.41315233, delta E = -0.00212204, MaxD(dm) = 0.00761044, RMSD(dm) = 0.000475695
**** Start Cycle 4 ****
time for NO, Ng: 0.089
time for Gg: 0.423
detC -1.0000000000000042
detNg [  1.001963   1.052861   1.326547   2.346136   6.3534    23.696045  72.737681 105.70797 ]
xg [0.99804  0.949793 0.753837 0.426233 0.157396 0.042201 0.013748 0.00946 ]
ciS 0.7004848652223721
ciH -59.49887859522159
S2 = -0.000000
Hsp + Hph =  -84.93956336420402
Alpha occ 6 vir 56; Beta occ 6 vir 56
Alpha energies:  [-11.365919 -11.327344  -0.866206  -0.621224  -0.449258  -0.429817] <- HOMO
         LUMO->  [0.016062 0.085748 0.111735 0.186141 0.251352 0.336013]
Beta energies:   [-11.365919 -11.327344  -0.866206  -0.621224  -0.449258  -0.429817] <- HOMO
         LUMO->  [0.016062 0.085748 0.111735 0.186141 0.251352 0.336013]
time for xg, H, S2, Yg, Feff: 0.031
 E =    -75.41437362, delta E = -0.00122128, MaxD(dm) = 0.00714765, RMSD(dm) = 0.000403804
**** Start Cycle 5 ****
time for NO, Ng: 0.088
time for Gg: 0.422
detC -0.9999999999999989
detNg [ 1.001964  1.052857  1.326323  2.342118  6.2969   23.00505  68.526302 98.319674]
xg [0.99804  0.949796 0.753964 0.426964 0.158808 0.043469 0.014593 0.010171]
ciS 0.7022218745987562
ciH -59.64698467354842
S2 = -0.000000
Hsp + Hph =  -84.9403683239435
Alpha occ 6 vir 56; Beta occ 6 vir 56
Alpha energies:  [-11.364646 -11.325538  -0.866392  -0.61993   -0.449295  -0.430325] <- HOMO
         LUMO->  [0.01648  0.086717 0.112276 0.186512 0.251391 0.335765]
Beta energies:   [-11.364646 -11.325538  -0.866392  -0.61993   -0.449295  -0.430325] <- HOMO
         LUMO->  [0.01648  0.086717 0.112276 0.186512 0.251391 0.335765]
time for xg, H, S2, Yg, Feff: 0.032
 E =    -75.41517858, delta E = -0.00080496, MaxD(dm) =  0.0067484, RMSD(dm) = 0.000357104
**** Start Cycle 6 ****
time for NO, Ng: 0.088
time for Gg: 0.422
detC 0.9999999999999997
detNg [ 1.001961  1.052777  1.325597  2.335826  6.232134 22.327769 64.762577 91.90809 ]
xg [0.998043 0.949869 0.754377 0.428114 0.160459 0.044787 0.015441 0.01088 ]
ciS 0.7044381702073492
ciH -59.835655096136875
S2 = -0.000000
Hsp + Hph =  -84.94096093419304
Alpha occ 6 vir 56; Beta occ 6 vir 56
Alpha energies:  [-11.363628 -11.324074  -0.866527  -0.618953  -0.449218  -0.430497] <- HOMO
         LUMO->  [0.016611 0.087587 0.112659 0.186767 0.251403 0.335588]
Beta energies:   [-11.363628 -11.324074  -0.866527  -0.618953  -0.449218  -0.430497] <- HOMO
         LUMO->  [0.016611 0.087587 0.112659 0.186767 0.251403 0.335588]
time for xg, H, S2, Yg, Feff: 0.032
 E =    -75.41577119, delta E = -0.00059261, MaxD(dm) = 0.00637214, RMSD(dm) = 0.000324831
**** Start Cycle 7 ****
time for NO, Ng: 0.088
time for Gg: 0.426
detC 0.9999999999999978
detNg [ 1.001956  1.052644  1.324525  2.328017  6.162795 21.676705 61.402459 86.320199]
xg [0.998048 0.949989 0.754988 0.42955  0.162264 0.046132 0.016286 0.011585]
ciS 0.7069752656084034
ciH -60.051492396971405
S2 = -0.000000
Hsp + Hph =  -84.94143334037683
Alpha occ 6 vir 56; Beta occ 6 vir 56
Alpha energies:  [-11.362773 -11.322853  -0.866617  -0.618206  -0.449076  -0.430435] <- HOMO
         LUMO->  [0.016563 0.088371 0.112943 0.186944 0.251394 0.335463]
Beta energies:   [-11.362773 -11.322853  -0.866617  -0.618206  -0.449076  -0.430435] <- HOMO
         LUMO->  [0.016563 0.088371 0.112943 0.186944 0.251394 0.335463]
time for xg, H, S2, Yg, Feff: 0.034
 E =    -75.41624359, delta E = -0.000472406, MaxD(dm) = 0.00601374, RMSD(dm) = 0.000300982
**** Start Cycle 8 ****
time for NO, Ng: 0.089
time for Gg: 0.423
detC 1.0000000000000018
detNg [ 1.00195   1.052474  1.323222  2.319264  6.091628 21.060008 58.40785  81.439396]
xg [0.998054 0.950142 0.755731 0.431171 0.16416  0.047483 0.017121 0.012279]
ciS 0.7097113493020776
ciH -60.28418073635676
S2 = -0.000000
Hsp + Hph =  -84.94182993640945
Alpha occ 6 vir 56; Beta occ 6 vir 56
Alpha energies:  [-11.362037 -11.321819  -0.866671  -0.617623  -0.448904  -0.430214] <- HOMO
         LUMO->  [0.016398 0.08908  0.113163 0.187066 0.251371 0.335376]
Beta energies:   [-11.362037 -11.321819  -0.866671  -0.617623  -0.448904  -0.430214] <- HOMO
         LUMO->  [0.016398 0.08908  0.113163 0.187066 0.251371 0.335376]
time for xg, H, S2, Yg, Feff: 0.033
 E =    -75.41664019, delta E = -0.000396596, MaxD(dm) = 0.00567329, RMSD(dm) = 0.000282205
**** Start Cycle 9 ****
time for NO, Ng: 0.088
time for Gg: 0.423
detC -1.0000000000000027
detNg [ 1.001943  1.052281  1.321773  2.309967  6.020466 20.481287 55.738494 77.162536]
xg [0.99806  0.950317 0.756559 0.432907 0.1661   0.048825 0.017941 0.01296 ]
ciS 0.7125602071089513
ciH -60.526412966677036
S2 = -0.000000
Hsp + Hph =  -84.94217381608917
Alpha occ 6 vir 56; Beta occ 6 vir 56
Alpha energies:  [-11.361389 -11.320928  -0.866696  -0.617158  -0.448721  -0.429885] <- HOMO
         LUMO->  [0.016158 0.089725 0.113342 0.187149 0.251339 0.335317]
Beta energies:   [-11.361389 -11.320928  -0.866696  -0.617158  -0.448721  -0.429886] <- HOMO
         LUMO->  [0.016158 0.089725 0.113342 0.187149 0.251339 0.335317]
time for xg, H, S2, Yg, Feff: 0.032
 E =    -75.41698407, delta E = -0.00034388, MaxD(dm) =  0.0053509, RMSD(dm) = 0.000266617
**** Start Cycle 10 ****
time for NO, Ng: 0.088
time for Gg: 0.422
detC 0.999999999999997
detNg [ 1.001936  1.052073  1.320235  2.300403  5.950481 19.941193 53.35495  73.399463]
xg [0.998068 0.950505 0.757441 0.434706 0.168054 0.050147 0.018742 0.013624]
ciS 0.7154620217169625
ciH -60.773117071621094
S2 = -0.000000
Hsp + Hph =  -84.94247804485562
F(mod,ortho) updated with CDIIS
Alpha occ 6 vir 56; Beta occ 6 vir 56
Alpha energies:  [-11.360808 -11.320149  -0.866699  -0.616777  -0.448539  -0.429486] <- HOMO
         LUMO->  [0.015868 0.090314 0.113492 0.187206 0.251301 0.335278]
Beta energies:   [-11.360809 -11.320149  -0.866699  -0.616777  -0.448539  -0.429486] <- HOMO
         LUMO->  [0.015868 0.090314 0.113492 0.187205 0.251301 0.335278]
time for xg, H, S2, Yg, Feff: 0.032
 E =    -75.41728830, delta E = -0.000304229, MaxD(dm) = 0.00504625, RMSD(dm) = 0.00025314
**** Start Cycle 11 ****
time for NO, Ng: 0.088
time for Gg: 0.423
detC 1.0000000000000016
detNg [ 1.001928  1.051856  1.318648  2.290762  5.882399 19.438698 51.221036 70.073378]
xg [0.998076 0.950701 0.758352 0.436536 0.169999 0.051444 0.019523 0.014271]
ciS 0.7183752693675032
ciH -61.02077138649092
S2 = -0.000000
Hsp + Hph =  -84.94275066041311
F(mod,ortho) updated with CDIIS
Alpha occ 6 vir 56; Beta occ 6 vir 56
Alpha energies:  [-11.355858 -11.313657  -0.867031  -0.614345  -0.446914  -0.429238] <- HOMO
         LUMO->  [0.015317 0.095714 0.114704 0.187981 0.250949 0.334978]
Beta energies:   [-11.355858 -11.313657  -0.867031  -0.614345  -0.446914  -0.429238] <- HOMO
         LUMO->  [0.015317 0.095714 0.114704 0.187981 0.250949 0.334978]
time for xg, H, S2, Yg, Feff: 0.032
 E =    -75.41756091, delta E = -0.000272616, MaxD(dm) =   0.041007, RMSD(dm) = 0.00226948
**** Start Cycle 12 ****
time for NO, Ng: 0.088
time for Gg: 0.422
detC -0.9999999999999931
detNg [ 1.001856  1.049847  1.304187  2.206478  5.333678 15.86197  37.639362 49.65245 ]
xg [0.998147 0.95252  0.766761 0.453211 0.187488 0.063044 0.026568 0.02014 ]
ciS 0.7447541841734913
ciH -63.26283112960182
S2 = -0.000000
Hsp + Hph =  -84.94457966665775
F(mod,ortho) updated with CDIIS
Alpha occ 6 vir 56; Beta occ 6 vir 56
Alpha energies:  [-11.355908 -11.313692  -0.867167  -0.614505  -0.446923  -0.430213] <- HOMO
         LUMO->  [0.016051 0.095789 0.114707 0.188047 0.250958 0.334945]
Beta energies:   [-11.355908 -11.313692  -0.867167  -0.614505  -0.446923  -0.430213] <- HOMO
         LUMO->  [0.016051 0.095789 0.114707 0.188047 0.250958 0.334945]
time for xg, H, S2, Yg, Feff: 0.032
 E =    -75.41938992, delta E = -0.00182901, MaxD(dm) = 0.000261628, RMSD(dm) = 1.72822e-05
**** Start Cycle 13 ****
time for NO, Ng: 0.088
time for Gg: 0.422
detC 1.000000000000001
detNg [ 1.001857  1.049888  1.304463  2.207873  5.340866 15.897475 37.748755 49.806521]
xg [0.998146 0.952483 0.766599 0.452925 0.187236 0.062903 0.026491 0.020078]
ciS 0.744345501253643
ciH -63.22810583949827
S2 = -0.000000
Hsp + Hph =  -84.94456637812428
F(mod,ortho) updated with CDIIS
Alpha occ 6 vir 56; Beta occ 6 vir 56
Alpha energies:  [-11.352864 -11.310533  -0.86564   -0.612699  -0.445706  -0.416892] <- HOMO
         LUMO->  [0.005451 0.098372 0.114962 0.187174 0.250322 0.335538]
Beta energies:   [-11.352864 -11.310533  -0.86564   -0.612699  -0.445706  -0.416892] <- HOMO
         LUMO->  [0.005451 0.098372 0.114962 0.187174 0.250322 0.335538]
time for xg, H, S2, Yg, Feff: 0.032
 E =    -75.41937663, delta E = 1.32885e-05, MaxD(dm) =  0.0370498, RMSD(dm) = 0.00230364
**** Start Cycle 14 ****
time for NO, Ng: 0.088
time for Gg: 0.422
detC 0.999999999999997
detNg [ 1.001754  1.047038  1.284846  2.105505  4.791046 13.108363 29.100359 37.610432]
xg [0.998249 0.955075 0.778304 0.474946 0.208723 0.076287 0.034364 0.026588]
ciS 0.7777081248396103
ciH -66.06291549366753
S2 = -0.000000
Hsp + Hph =  -84.94564140922657
F(mod,ortho) updated with CDIIS
Alpha occ 6 vir 56; Beta occ 6 vir 56
Alpha energies:  [-11.351113 -11.308678  -0.865529  -0.612195  -0.445341  -0.417569] <- HOMO
         LUMO->  [0.006512 0.099512 0.115402 0.187545 0.2503   0.335712]
Beta energies:   [-11.351113 -11.308678  -0.865529  -0.612195  -0.445341  -0.417569] <- HOMO
         LUMO->  [0.006512 0.099512 0.115402 0.187545 0.2503   0.335712]
time for xg, H, S2, Yg, Feff: 0.032
 E =    -75.42045166, delta E = -0.00107503, MaxD(dm) =  0.0102807, RMSD(dm) = 0.000576053
**** Start Cycle 15 ****
time for NO, Ng: 0.088
time for Gg: 0.425
detC 0.9999999999999967
detNg [ 1.001732  1.046431  1.280746  2.085075  4.690398 12.656051 27.840447 35.899296]
xg [0.998271 0.955629 0.780795 0.479599 0.213202 0.079014 0.035919 0.027856]
ciS 0.7846842420888377
ciH -66.65561730366285
S2 = -0.000000
Hsp + Hph =  -84.94578293840195
F(mod,ortho) updated with CDIIS
Alpha occ 6 vir 56; Beta occ 6 vir 56
Alpha energies:  [-11.351318 -11.308848  -0.865763  -0.611581  -0.445832  -0.416282] <- HOMO
         LUMO->  [0.005048 0.099294 0.115391 0.187403 0.250189 0.335714]
Beta energies:   [-11.351318 -11.308848  -0.865763  -0.611581  -0.445832  -0.416282] <- HOMO
         LUMO->  [0.005048 0.099294 0.115391 0.187403 0.250189 0.335714]
time for xg, H, S2, Yg, Feff: 0.034
 E =    -75.42059319, delta E = -0.000141529, MaxD(dm) = 0.00647502, RMSD(dm) = 0.00037704
**** Start Cycle 16 ****
time for NO, Ng: 0.088
time for Gg: 0.423
detC 1.0000000000000002
detNg [ 1.001713  1.045907  1.277261  2.068434  4.614093 12.342791 27.037991 34.845787]
xg [0.99829  0.956108 0.782925 0.483458 0.216727 0.081019 0.036985 0.028698]
ciS 0.7902776339914255
ciH -67.13082431889835
S2 = -0.000000
Hsp + Hph =  -84.94587399600722
F(mod,ortho) updated with CDIIS
Alpha occ 6 vir 56; Beta occ 6 vir 56
Alpha energies:  [-11.350485 -11.307833  -0.865619  -0.610863  -0.445912  -0.415442] <- HOMO
         LUMO->  [0.004142 0.099506 0.115495 0.187461 0.250146 0.335731]
Beta energies:   [-11.350485 -11.307833  -0.865619  -0.610863  -0.445912  -0.415442] <- HOMO
         LUMO->  [0.004142 0.099506 0.115495 0.187461 0.250146 0.335731]
time for xg, H, S2, Yg, Feff: 0.032
 E =    -75.42068425, delta E = -9.10576e-05, MaxD(dm) = 0.00749553, RMSD(dm) = 0.000403103
**** Start Cycle 17 ****
time for NO, Ng: 0.088
time for Gg: 0.423
detC -1.0000000000000002
detNg [ 1.001694  1.045399  1.273889  2.052365  4.540435 12.036506 26.224326 33.753909]
xg [0.998309 0.956572 0.784998 0.487243 0.220243 0.083081 0.038133 0.029626]
ciS 0.7958333923218711
ciH -67.60281909511741
S2 = -0.000000
Hsp + Hph =  -84.94594439909577
F(mod,ortho) updated with CDIIS
Alpha occ 6 vir 56; Beta occ 6 vir 56
Alpha energies:  [-11.350201 -11.307424  -0.865267  -0.609609  -0.44617   -0.411218] <- HOMO
         LUMO->  [0.000843 0.098806 0.115463 0.187269 0.250113 0.335885]
Beta energies:   [-11.350201 -11.307424  -0.865267  -0.609609  -0.446169  -0.411218] <- HOMO
         LUMO->  [0.000843 0.098806 0.115463 0.187269 0.250113 0.335885]
time for xg, H, S2, Yg, Feff: 0.033
 E =    -75.42075465, delta E = -7.04031e-05, MaxD(dm) = 0.00734148, RMSD(dm) = 0.000419932
**** Start Cycle 18 ****
time for NO, Ng: 0.088
time for Gg: 0.424
detC -1.0000000000000013
detNg [ 1.001668  1.044688  1.269225  2.030746  4.445954 11.667646 25.303868 32.550972]
xg [0.998335 0.957223 0.787882 0.49243  0.224924 0.085707 0.03952  0.030721]
ciS 0.8032995606270699
ciH -68.23708880413363
S2 = -0.000000
Hsp + Hph =  -84.94600538666614
F(mod,ortho) updated with CDIIS
Alpha occ 6 vir 56; Beta occ 6 vir 56
Alpha energies:  [-11.349564 -11.306516  -0.865458  -0.609238  -0.446244  -0.412172] <- HOMO
         LUMO->  [0.001032 0.099286 0.115488 0.187363 0.249993 0.335855]
Beta energies:   [-11.349564 -11.306516  -0.865458  -0.609238  -0.446244  -0.412172] <- HOMO
         LUMO->  [0.001032 0.099286 0.115488 0.187363 0.249993 0.335855]
time for xg, H, S2, Yg, Feff: 0.032
 E =    -75.42081564, delta E = -6.09876e-05, MaxD(dm) =  0.0126492, RMSD(dm) = 0.00064202
**** Start Cycle 19 ****
time for NO, Ng: 0.088
time for Gg: 0.422
detC -1.0000000000000047
detNg [ 1.001642  1.043985  1.264602  2.009246  4.351161 11.289255 24.321299 31.23874 ]
xg [0.99836  0.957869 0.790763 0.497699 0.229824 0.08858  0.041116 0.032012]
ciS 0.8110358793344061
ciH -68.8942916505635
S2 = -0.000000
Hsp + Hph =  -84.94604666208241
F(mod,ortho) updated with CDIIS
Alpha occ 6 vir 56; Beta occ 6 vir 56
Alpha energies:  [-11.349433 -11.306322  -0.865326  -0.608728  -0.446299  -0.410925] <- HOMO
         LUMO->  [0.000081 0.098989 0.115475 0.187333 0.249991 0.335906]
Beta energies:   [-11.349433 -11.306322  -0.865326  -0.608728  -0.446299  -0.410925] <- HOMO
         LUMO->  [0.000081 0.098989 0.115475 0.187333 0.249991 0.335906]
time for xg, H, S2, Yg, Feff: 0.032
 E =    -75.42085691, delta E = -4.12754e-05, MaxD(dm) = 0.00369306, RMSD(dm) = 0.000198123
**** Start Cycle 20 ****
time for NO, Ng: 0.088
time for Gg: 0.422
detC -0.9999999999999981
detNg [ 1.001631  1.043674  1.262586  2.000147  4.313078 11.147598 23.979548 30.79681 ]
xg [0.998372 0.958154 0.792026 0.499963 0.231853 0.089705 0.041702 0.032471]
ciS 0.8142793176026827
ciH -69.16981564601141
S2 = -0.000000
Hsp + Hph =  -84.94605493561357
F(mod,ortho) updated with CDIIS
Alpha occ 6 vir 56; Beta occ 6 vir 56
Alpha energies:  [-11.349406 -11.306222  -0.865352  -0.608484  -0.446322  -0.410874] <- HOMO
         LUMO->  [-0.000235  0.098893  0.115426  0.187349  0.249961  0.33589 ]
Beta energies:   [-11.349406 -11.306222  -0.865352  -0.608484  -0.446322  -0.410874] <- HOMO
         LUMO->  [-0.000235  0.098893  0.115426  0.187349  0.249961  0.33589 ]
time for xg, H, S2, Yg, Feff: 0.032
 E =    -75.42086519, delta E = -8.27353e-06, MaxD(dm) = 0.00372781, RMSD(dm) = 0.000199581
**** Start Cycle 21 ****
time for NO, Ng: 0.088
time for Gg: 0.422
detC -1.0000000000000007
detNg [ 1.001622  1.043422  1.260947  1.992742  4.281857 11.028595 23.678237 30.396555]
xg [0.998381 0.958385 0.793055 0.501821 0.233544 0.090673 0.042233 0.032898]
ciS 0.8169728546995154
ciH -69.39862298598175
S2 = -0.000000
Hsp + Hph =  -84.94605737115555
F(mod,ortho) updated with CDIIS
Alpha occ 6 vir 56; Beta occ 6 vir 56
Alpha energies:  [-11.349455 -11.306297  -0.865326  -0.608469  -0.446331  -0.410558] <- HOMO
         LUMO->  [-0.000469  0.098805  0.115412  0.187327  0.249963  0.335902]
Beta energies:   [-11.349455 -11.306297  -0.865326  -0.608469  -0.446331  -0.410558] <- HOMO
         LUMO->  [-0.000469  0.098805  0.115412  0.187327  0.249963  0.335902]
time for xg, H, S2, Yg, Feff: 0.032
 E =    -75.42086762, delta E = -2.43554e-06, MaxD(dm) = 0.000301525, RMSD(dm) = 1.6986e-05
**** Start Cycle 22 ****
time for NO, Ng: 0.088
time for Gg: 0.423
detC 1.0000000000000009
detNg [ 1.001621  1.043403  1.260828  1.992231  4.279927 11.022655 23.667819 30.385627]
xg [0.998381 0.958403 0.79313  0.50195  0.233649 0.090722 0.042251 0.03291 ]
ciS 0.8171461764501461
ciH -69.41334617281579
S2 = -0.000000
Hsp + Hph =  -84.9460576005653
F(mod,ortho) updated with CDIIS
Alpha occ 6 vir 56; Beta occ 6 vir 56
Alpha energies:  [-11.349415 -11.306266  -0.865318  -0.60846   -0.446335  -0.410573] <- HOMO
         LUMO->  [-0.000465  0.09882   0.115422  0.187339  0.249962  0.335907]
Beta energies:   [-11.349415 -11.306266  -0.865318  -0.60846   -0.446335  -0.410573] <- HOMO
         LUMO->  [-0.000465  0.09882   0.115422  0.187339  0.249962  0.335907]
time for xg, H, S2, Yg, Feff: 0.032
 E =    -75.42086785, delta E = -2.2941e-07, MaxD(dm) = 0.000314272, RMSD(dm) = 1.61454e-05
**** Start Cycle 23 ****
time for NO, Ng: 0.088
time for Gg: 0.422
detC -0.9999999999999989
detNg [ 1.001621  1.043386  1.260722  1.991752  4.277941 11.015362 23.650526 30.363467]
xg [0.998382 0.958418 0.793197 0.50207  0.233757 0.090782 0.042282 0.032934]
ciS 0.8173190227610255
ciH -69.42802879883823
S2 = -0.000000
Hsp + Hph =  -84.94605761688992
F(mod,ortho) updated with CDIIS
Alpha occ 6 vir 56; Beta occ 6 vir 56
Alpha energies:  [-11.349424 -11.30629   -0.865303  -0.608429  -0.446342  -0.410495] <- HOMO
         LUMO->  [-0.000529  0.098784  0.115421  0.187338  0.249965  0.335911]
Beta energies:   [-11.349424 -11.30629   -0.865303  -0.608429  -0.446342  -0.410495] <- HOMO
         LUMO->  [-0.000529  0.098784  0.115421  0.187338  0.249965  0.335911]
time for xg, H, S2, Yg, Feff: 0.032
 E =    -75.42086787, delta E = -1.63246e-08, MaxD(dm) = 0.000219649, RMSD(dm) = 1.00157e-05
**** Start Cycle 24 ****
time for NO, Ng: 0.088
time for Gg: 0.422
detC 0.9999999999999968
detNg [ 1.00162   1.04337   1.260617  1.991293  4.276109 11.008993 23.636248 30.345627]
xg [0.998383 0.958433 0.793262 0.502186 0.233857 0.090835 0.042308 0.032954]
ciS 0.8174811612804042
ciH -69.44180183962047
S2 = -0.000000
Hsp + Hph =  -84.94605763251496
F(mod,ortho) updated with CDIIS
Alpha occ 6 vir 56; Beta occ 6 vir 56
Alpha energies:  [-11.349422 -11.306292  -0.865309  -0.608448  -0.446341  -0.410539] <- HOMO
         LUMO->  [-0.000499  0.098797  0.115421  0.187338  0.249964  0.335908]
Beta energies:   [-11.349422 -11.306292  -0.865309  -0.608448  -0.446341  -0.410539] <- HOMO
         LUMO->  [-0.000499  0.098797  0.115421  0.187338  0.249964  0.335908]
time for xg, H, S2, Yg, Feff: 0.032
 E =    -75.42086788, delta E = -1.5625e-08, MaxD(dm) = 8.80923e-05, RMSD(dm) = 4.50462e-06
**** Start Cycle 25 ****
time for NO, Ng: 0.088
time for Gg: 0.422
detC -1.0000000000000022
detNg [ 1.00162   1.043377  1.260664  1.991505  4.276991 11.012251 23.644072 30.355727]
xg [0.998382 0.958426 0.793233 0.502133 0.233809 0.090808 0.042294 0.032943]
ciS 0.8174042971461268
ciH -69.4352725376693
S2 = -0.000000
Hsp + Hph =  -84.94605763646531
F(mod,ortho) updated with CDIIS
Alpha occ 6 vir 56; Beta occ 6 vir 56
Alpha energies:  [-11.349424 -11.306297  -0.865308  -0.608448  -0.446341  -0.410533] <- HOMO
         LUMO->  [-0.0005    0.098792  0.115421  0.187338  0.249965  0.335909]
Beta energies:   [-11.349424 -11.306297  -0.865308  -0.608448  -0.446341  -0.410533] <- HOMO
         LUMO->  [-0.0005    0.098792  0.115421  0.187338  0.249965  0.335909]
time for xg, H, S2, Yg, Feff: 0.032
 E =    -75.42086789, delta E = -3.95035e-09, MaxD(dm) = 5.98973e-05, RMSD(dm) = 3.10701e-06
**** Start Cycle 26 ****
time for NO, Ng: 0.088
time for Gg: 0.425
detC 0.9999999999999981
detNg [ 1.00162   1.043379  1.260674  1.991554  4.27722  11.013236 23.646844 30.359562]
xg [0.998382 0.958425 0.793226 0.50212  0.233797 0.0908   0.042289 0.032939]
ciS 0.8173851384407567
ciH -69.43364508320397
S2 = -0.000000
Hsp + Hph =  -84.94605763894306
F(mod,ortho) updated with CDIIS
Alpha occ 6 vir 56; Beta occ 6 vir 56
Alpha energies:  [-11.349425 -11.3063    -0.865308  -0.608452  -0.446341  -0.410543] <- HOMO
         LUMO->  [-0.000492  0.098793  0.115421  0.187338  0.249965  0.335908]
Beta energies:   [-11.349425 -11.3063    -0.865308  -0.608452  -0.446341  -0.410543] <- HOMO
         LUMO->  [-0.000492  0.098793  0.115421  0.187338  0.249965  0.335908]
time for xg, H, S2, Yg, Feff: 0.034
 E =    -75.42086789, delta E = -2.47775e-09, MaxD(dm) = 4.59996e-05, RMSD(dm) = 2.40514e-06
**** Start Cycle 27 ****
time for NO, Ng: 0.088
time for Gg: 0.423
detC -0.9999999999999967
detNg [ 1.00162   1.043382  1.260693  1.99164   4.277589 11.014677 23.650554 30.364515]
xg [0.998382 0.958422 0.793214 0.502099 0.233777 0.090788 0.042282 0.032933]
ciS 0.8173533626692853
ciH -69.4309458574549
S2 = -0.000000
Hsp + Hph =  -84.94605763988005
F(mod,ortho) updated with CDIIS
Alpha occ 6 vir 56; Beta occ 6 vir 56
Alpha energies:  [-11.349427 -11.306303  -0.865309  -0.608456  -0.446341  -0.410549] <- HOMO
         LUMO->  [-0.000485  0.098793  0.115421  0.187338  0.249966  0.335908]
Beta energies:   [-11.349427 -11.306302  -0.865309  -0.608456  -0.446341  -0.410549] <- HOMO
         LUMO->  [-0.000485  0.098794  0.115421  0.187338  0.249966  0.335908]
time for xg, H, S2, Yg, Feff: 0.033
 E =    -75.42086789, delta E = -9.36993e-10, MaxD(dm) = 4.93673e-05, RMSD(dm) = 2.54512e-06
**** Start Cycle 28 ****
time for NO, Ng: 0.088
time for Gg: 0.423
detC 1.0000000000000013
detNg [ 1.00162   1.043385  1.260712  1.991728  4.277968 11.016157 23.654357 30.369589]
xg [0.998382 0.958419 0.793202 0.502077 0.233756 0.090776 0.042276 0.032928]
ciS 0.8173206937724082
ciH -69.4281707638166
S2 = -0.000000
Hsp + Hph =  -84.94605764031914
F(mod,ortho) updated with CDIIS
Alpha occ 6 vir 56; Beta occ 6 vir 56
Alpha energies:  [-11.349428 -11.306303  -0.865309  -0.608457  -0.446341  -0.410551] <- HOMO
         LUMO->  [-0.000484  0.098793  0.115421  0.187338  0.249966  0.335908]
Beta energies:   [-11.349428 -11.306303  -0.865308  -0.608457  -0.44634   -0.410551] <- HOMO
         LUMO->  [-0.000484  0.098793  0.115421  0.187338  0.249966  0.335908]
time for xg, H, S2, Yg, Feff: 0.032
 E =    -75.42086789, delta E = -4.39087e-10, MaxD(dm) = 1.53827e-05, RMSD(dm) = 7.86867e-07
**** Start Cycle 29 ****
time for NO, Ng: 0.088
time for Gg: 0.422
detC 1.0000000000000056
detNg [ 1.001621  1.043386  1.260718  1.991754  4.278083 11.016614 23.655541 30.371171]
xg [0.998382 0.958418 0.793199 0.50207  0.23375  0.090772 0.042273 0.032926]
ciS 0.8173108338461306
ciH -69.42733320197848
S2 = -0.000000
Hsp + Hph =  -84.9460576403531
F(mod,ortho) updated with CDIIS
Alpha occ 6 vir 56; Beta occ 6 vir 56
Alpha energies:  [-11.349427 -11.306303  -0.865308  -0.608457  -0.44634   -0.410551] <- HOMO
         LUMO->  [-0.000484  0.098793  0.115421  0.187338  0.249966  0.335908]
Beta energies:   [-11.349428 -11.306303  -0.865309  -0.608457  -0.44634   -0.410551] <- HOMO
         LUMO->  [-0.000484  0.098793  0.115421  0.187338  0.249966  0.335908]
time for xg, H, S2, Yg, Feff: 0.032

***************
SUHF converged at cycle 29
Final E(SUHF) =    -75.42086789, delta E = -3.39639e-11, MaxD(dm) = 1.84164e-06, RMSD(dm) = 9.43394e-08
time for cyc: 15.760
******* suhf density *****
Clebsch-Gordan coeff: < 0 0 0 0 | 0 0 > = 1
Clebsch-Gordan coeff: < 0 0 1 0 | 0 0 > = 0
xggint 1.0
time for 1pdm: 0.021
SUHF NO occ alpha:  0.999997  0.999997  0.990599  0.989827  0.909720  0.744518  0.255482  0.090280  0.010173  0.009401  0.000003  0.000003  ...
SUHF NO occ beta:   0.999997  0.999997  0.990599  0.989827  0.909720  0.744518  0.255482  0.090280  0.010173  0.009401  0.000003  0.000003  ...
SUHF NO occ total:  1.999995  1.999994  1.981199  1.979654  1.819440  1.489035  0.510965  0.180560  0.020346  0.018801  0.000006  0.000005  ...
core 3, active 6, external 53
time for natorb: 0.043
***** End of SUHF *****
time tot: 15.925
Date: Mon Jul  5 16:08:25 2021
