

******** <class 'pyscf.scf.hf.RHF'> ********
method = RHF
initial guess = minao
damping factor = 0
level_shift factor = 0
DIIS = <class 'pyscf.scf.diis.CDIIS'>
diis_start_cycle = 1
diis_space = 8
SCF conv_tol = 1e-09
SCF conv_tol_grad = None
SCF max_cycles = 1
direct_scf = True
direct_scf_tol = 1e-13
chkfile to save SCF result = /share/home/srwang/automr_inputlibrary/pyscf/sa-casscf/tmppve0ub7k
max_memory 1000 MB (current use 71 MB)
Set gradient conv threshold to 3.16228e-05
init E= -75.5272126701501
  HOMO = -0.265707747660491  LUMO = -0.18708845696275
cycle= 1 E= -75.3721297945337  delta_E= 0.155  |g|= 0.198  |ddm|= 1.49
SCF not converged.
SCF energy = -75.3721297945337

Orthonormality check: j=  10 i=  10 maxv= 3.10137114E-07

******** <class 'pyscf.mcscf.mc1step.CASSCF'> ********
CAS (3e+3e, 6o), ncore = 3, nvir = 19
max_cycle_macro = 200
max_cycle_micro = 4
conv_tol = 1e-07
conv_tol_grad = None
orbital rotation max_stepsize = 0.02
augmented hessian ah_max_cycle = 30
augmented hessian ah_conv_tol = 1e-12
augmented hessian ah_linear dependence = 1e-14
augmented hessian ah_level shift = 0
augmented hessian ah_start_tol = 2.5
augmented hessian ah_start_cycle = 3
augmented hessian ah_grad_trust_region = 3
kf_trust_region = 3
kf_interval = 4
ci_response_space = 4
ci_grad_trust_region = 3
with_dep4 0
natorb = True
canonicalization = True
sorting_mo_energy = False
ao2mo_level = 2
chkfile = /share/home/srwang/automr_inputlibrary/pyscf/sa-casscf/tmppve0ub7k
max_memory 500 MB (current use 83 MB)
internal_rotation = False
******** <class 'pyscf.fci.direct_spin1.FCISolver'> ********
max. cycles = 100
conv_tol = 1e-08
davidson only = False
linear dependence = 1e-10
level shift = 0.001
max iter space = 12
max_memory 500 MB
nroots = 1
pspace_size = 400
spin = 0
Start 1-step CASSCF
Start CASCI
    CPU time for integral transformation to CAS space      0.00 sec, wall time      0.00 sec
core energy = -66.3344138378325
    CPU time for effective h1e in CAS space      0.00 sec, wall time      0.00 sec
    CPU time for FCI solver      0.04 sec, wall time      0.04 sec
CAS space CI energy = -9.15623447783334
CASCI E = -75.4906483156658  S^2 = 0.0000000
Set conv_tol_grad to 0.000316228
    CPU time for Initializing 1-step CASSCF      0.06 sec, wall time      0.06 sec
    CPU time for CAS DM      0.00 sec, wall time      0.00 sec
    |g|=0.0135
    CPU time for gen h_op      0.01 sec, wall time      0.01 sec
    imic 1(3)  |g[o]|=0.0047  |dxi|=0.0434  max(|x|)=0.0305  |dr|=0.0434  eig=-0.000606  seig=0.000113
    imic 2(4)  |g[o]|=0.000189  |dxi|=0.0238  max(|x|)=0.0112  |dr|=0.0671  eig=-7.35e-05  seig=0.000109
    CPU time for aug_hess in 2 inner iters      0.01 sec, wall time      0.09 sec
    CPU time for orbital rotation      0.02 sec, wall time      0.10 sec
    CPU time for update CAS DM      0.01 sec, wall time      0.01 sec
micro 1  |u-1|=0.0948  |g[o]|=0.0135  |g[c]|=0.00961  |ddm|=0.0187
    CPU time for micro iter 1      0.00 sec, wall time      0.00 sec
    |g|=0.00412 (keyframe), |g-correction|=0.00413
    CPU time for gen h_op      0.01 sec, wall time      0.01 sec
    imic 3(5)  |g[o]|=0.003  |dxi|=0.019  max(|x|)=0.00935  |dr|=0.019  eig=-4.97e-05  seig=0.000108
    imic 4(6)  |g[o]|=0.000735  |dxi|=0.00768  max(|x|)=0.00388  |dr|=0.0227  eig=-9.71e-06  seig=0.000106
    CPU time for aug_hess in 4 inner iters      0.01 sec, wall time      0.01 sec
    CPU time for orbital rotation      0.01 sec, wall time      0.01 sec
    CPU time for update CAS DM      0.01 sec, wall time      0.01 sec
micro 2  |u-1|=0.124  |g[o]|=0.00412  |g[c]|=0.00467  |ddm|=0.0259
    CPU time for micro iter 2      0.00 sec, wall time      0.00 sec
    |g|=0.00193 (keyframe), |g-correction|=0.00193
    CPU time for gen h_op      0.01 sec, wall time      0.01 sec
    imic 5(7)  |g[o]|=0.00103  |dxi|=0.00845  max(|x|)=0.00519  |dr|=0.00845  eig=-7.11e-06  seig=0.000106
    imic 6(8)  |g[o]|=0.000188  |dxi|=0.0013  max(|x|)=0.000827  |dr|=0.00892  eig=-4.53e-07  seig=0.000106
    CPU time for aug_hess in 6 inner iters      0.01 sec, wall time      0.01 sec
    CPU time for orbital rotation      0.01 sec, wall time      0.02 sec
    CPU time for update CAS DM      0.01 sec, wall time      0.01 sec
micro 3  |u-1|=0.134  |g[o]|=0.00193  |g[c]|=0.00445  |ddm|=0.0285
    CPU time for micro iter 3      0.00 sec, wall time      0.00 sec
    |g|=0.000941 (keyframe), |g-correction|=0.000984
    CPU time for gen h_op      0.01 sec, wall time      0.01 sec
    imic 7(9)  |g[o]|=0.000309  |dxi|=0.00568  max(|x|)=0.00392  |dr|=0.00568  eig=-2.36e-06  seig=0.000106
    CPU time for aug_hess in 7 inner iters      0.00 sec, wall time      0.00 sec
    CPU time for orbital rotation      0.01 sec, wall time      0.01 sec
micro 4  |u-1|=0.141  |g[o]|=0.000941
Active space overlap to initial guess, SVD = [0.99999972 0.99998853 0.99996306 0.99941946 0.99843488 0.99725829]
Active space overlap to last step, SVD = [0.99999976 0.9999885  0.99996303 0.99941939 0.9984349  0.99725829]
    CPU time for update eri      0.01 sec, wall time      0.01 sec
Start CASCI
    CPU time for integral transformation to CAS space      0.00 sec, wall time      0.00 sec
core energy = -66.3832275833121
    CPU time for effective h1e in CAS space      0.00 sec, wall time      0.00 sec
davidson 0 1  |r|= 0.00188  e= [-9.10831637]  max|de|= -9.11  lindep= 0.707
davidson 1 2  |r|= 0.00152  e= [-9.1083228]  max|de|= -6.43e-06  lindep= 0.738
davidson 2 3  |r|= 0.0013  e= [-9.10832822]  max|de|= -5.42e-06  lindep= 0.966
davidson 3 4  |r|= 0.000826  e= [-9.10833063]  max|de|= -2.4e-06  lindep= 0.955
davidson 4 5  |r|= 0.000288  e= [-9.1083312]  max|de|= -5.72e-07  lindep= 0.94
davidson 5 6  |r|= 9.1e-05  e= [-9.10833128]  max|de|= -8.17e-08  lindep= 0.94
davidson 6 7  |r|= 4.83e-05  e= [-9.10833129]  max|de|= -1.01e-08  lindep= 0.959
root 0 converged  |r|= 2.38e-05  e= -9.108331292838896  max|de|= -2.77e-09
converged 7 8  |r|= 2.38e-05  e= [-9.10833129]  max|de|= -2.77e-09
    CPU time for FCI solver      0.07 sec, wall time      0.07 sec
CAS space CI energy = -9.1083312928389
macro iter 1 (12 JK  4 micro), CASSCF E = -75.491558876151  dE = -0.00091056049  S^2 = 0.0000000
               |grad[o]|=0.0135  |grad[c]|= 0.004452403445718793  |ddm|=0.0285
    CPU time for CASCI solver      0.08 sec, wall time      0.08 sec
    CPU time for macro iter 1      0.18 sec, wall time      0.26 sec
    |g|=0.00388
    CPU time for gen h_op      0.01 sec, wall time      0.01 sec
    imic 1(3)  |g[o]|=0.000253  |dxi|=0.013  max(|x|)=0.00882  |dr|=0.013  eig=-1.72e-05  seig=1.23e-05
    CPU time for aug_hess in 1 inner iters      0.01 sec, wall time      0.01 sec
    CPU time for orbital rotation      0.02 sec, wall time      0.02 sec
    CPU time for update CAS DM      0.01 sec, wall time      0.01 sec
micro 1  |u-1|=0.0184  |g[o]|=0.00388  |g[c]|=0.00135  |ddm|=0.00421
    CPU time for micro iter 1      0.00 sec, wall time      0.00 sec
    |g|=0.00094 (keyframe), |g-correction|=0.000883
    CPU time for gen h_op      0.01 sec, wall time      0.01 sec
    imic 2(4)  |g[o]|=0.000349  |dxi|=0.00706  max(|x|)=0.00487  |dr|=0.00706  eig=-3.51e-06  seig=1.18e-05
    imic 3(5)  |g[o]|=6.81e-05  |dxi|=0.00105  max(|x|)=0.000649  |dr|=0.00677  eig=-2.1e-07  seig=1.16e-05
    CPU time for aug_hess in 3 inner iters      0.01 sec, wall time      0.01 sec
    CPU time for orbital rotation      0.01 sec, wall time      0.01 sec
    CPU time for update CAS DM      0.01 sec, wall time      0.01 sec
micro 2  |u-1|=0.0277  |g[o]|=0.00094  |g[c]|=0.00119  |ddm|=0.00757
    CPU time for micro iter 2      0.00 sec, wall time      0.00 sec
    |g|=0.000779 (keyframe), |g-correction|=0.000752
    CPU time for gen h_op      0.01 sec, wall time      0.01 sec
    imic 4(6)  |g[o]|=0.000194  |dxi|=0.00657  max(|x|)=0.00452  |dr|=0.00657  eig=-3.19e-06  seig=1.16e-05
    CPU time for aug_hess in 4 inner iters      0.00 sec, wall time      0.00 sec
    CPU time for orbital rotation      0.01 sec, wall time      0.01 sec
    CPU time for update CAS DM      0.01 sec, wall time      0.01 sec
micro 3  |u-1|=0.0369  |g[o]|=0.000779  |g[c]|=0.000914  |ddm|=0.0101
    CPU time for micro iter 3      0.00 sec, wall time      0.00 sec
    |g|=0.000648 (keyframe), |g-correction|=0.000595
    CPU time for gen h_op      0.01 sec, wall time      0.01 sec
    imic 5(7)  |g[o]|=0.000115  |dxi|=0.00539  max(|x|)=0.00373  |dr|=0.00539  eig=-2.1e-06  seig=1.14e-05
    CPU time for aug_hess in 5 inner iters      0.00 sec, wall time      0.00 sec
    CPU time for orbital rotation      0.01 sec, wall time      0.01 sec
micro 4  |u-1|=0.0445  |g[o]|=0.000648
Active space overlap to initial guess, SVD = [0.99999863 0.99999333 0.99997512 0.9993626  0.99811595 0.99452879]
Active space overlap to last step, SVD = [0.99999923 0.99999916 0.99999753 0.99999564 0.99998169 0.99953224]
    CPU time for update eri      0.01 sec, wall time      0.01 sec
Start CASCI
    CPU time for integral transformation to CAS space      0.00 sec, wall time      0.00 sec
core energy = -66.3984014180014
    CPU time for effective h1e in CAS space      0.00 sec, wall time      0.00 sec
davidson 0 1  |r|= 0.000932  e= [-9.09319869]  max|de|= -9.09  lindep= 0.757
davidson 1 2  |r|= 0.000787  e= [-9.09320017]  max|de|= -1.48e-06  lindep= 0.76
davidson 2 3  |r|= 0.000716  e= [-9.09320166]  max|de|= -1.49e-06  lindep= 0.859
davidson 3 4  |r|= 0.000435  e= [-9.09320228]  max|de|= -6.15e-07  lindep= 0.806
davidson 4 5  |r|= 0.000143  e= [-9.09320244]  max|de|= -1.61e-07  lindep= 0.959
davidson 5 6  |r|= 5.23e-05  e= [-9.09320246]  max|de|= -2.34e-08  lindep= 0.921
root 0 converged  |r|= 2.37e-05  e= -9.093202463481449  max|de|= -2.78e-09
converged 6 7  |r|= 2.37e-05  e= [-9.09320246]  max|de|= -2.78e-09
    CPU time for FCI solver      0.06 sec, wall time      0.06 sec
CAS space CI energy = -9.09320246348145
macro iter 2 (10 JK  4 micro), CASSCF E = -75.4916038814829  dE = -4.5005332e-05  S^2 = 0.0000000
               |grad[o]|=0.00388  |grad[c]|= 0.0009137909335585356  |ddm|=0.0101
    CPU time for CASCI solver      0.07 sec, wall time      0.07 sec
    CPU time for macro iter 2      0.17 sec, wall time      0.17 sec
    |g|=0.000868
    CPU time for gen h_op      0.01 sec, wall time      0.01 sec
    imic 1(3)  |g[o]|=4.29e-05  |dxi|=0.00579  max(|x|)=0.004  |dr|=0.00579  eig=-2.75e-06  seig=2.74e-05
    CPU time for aug_hess in 1 inner iters      0.01 sec, wall time      0.01 sec
    CPU time for orbital rotation      0.02 sec, wall time      0.02 sec
    CPU time for update CAS DM      0.01 sec, wall time      0.01 sec
micro 1  |u-1|=0.00818  |g[o]|=0.000868  |g[c]|=0.000705  |ddm|=0.00281
    CPU time for micro iter 1      0.00 sec, wall time      0.00 sec
    |g|=0.000578 (keyframe), |g-correction|=0.000575
    CPU time for gen h_op      0.01 sec, wall time      0.01 sec
    imic 2(4)  |g[o]|=0.000272  |dxi|=0.00464  max(|x|)=0.00321  |dr|=0.00464  eig=-1.67e-06  seig=2.7e-05
    imic 3(5)  |g[o]|=4.54e-05  |dxi|=0.000566  max(|x|)=0.000349  |dr|=0.00451  eig=-7.7e-08  seig=2.5e-05
    CPU time for aug_hess in 3 inner iters      0.01 sec, wall time      0.01 sec
    CPU time for orbital rotation      0.01 sec, wall time      0.01 sec
    CPU time for update CAS DM      0.01 sec, wall time      0.01 sec
micro 2  |u-1|=0.0145  |g[o]|=0.000578  |g[c]|=0.000789  |ddm|=0.00552
    CPU time for micro iter 2      0.00 sec, wall time      0.00 sec
    |g|=0.000586 (keyframe), |g-correction|=0.000575
    CPU time for gen h_op      0.01 sec, wall time      0.01 sec
    imic 4(6)  |g[o]|=5.37e-05  |dxi|=0.00471  max(|x|)=0.00321  |dr|=0.00471  eig=-1.83e-06  seig=2.5e-05
    CPU time for aug_hess in 4 inner iters      0.01 sec, wall time      0.01 sec
    CPU time for orbital rotation      0.02 sec, wall time      0.02 sec
    CPU time for update CAS DM      0.01 sec, wall time      0.01 sec
micro 3  |u-1|=0.0212  |g[o]|=0.000586  |g[c]|=0.000722  |ddm|=0.00854
    CPU time for micro iter 3      0.00 sec, wall time      0.00 sec
    |g|=0.000647 (keyframe), |g-correction|=0.000641
    CPU time for gen h_op      0.01 sec, wall time      0.01 sec
    imic 5(7)  |g[o]|=7.07e-05  |dxi|=0.00561  max(|x|)=0.00383  |dr|=0.00561  eig=-2.57e-06  seig=2.5e-05
    CPU time for aug_hess in 5 inner iters      0.00 sec, wall time      0.00 sec
    CPU time for orbital rotation      0.01 sec, wall time      0.01 sec
micro 4  |u-1|=0.0291  |g[o]|=0.000647
Active space overlap to initial guess, SVD = [0.99999827 0.99999443 0.99997688 0.99935129 0.99779089 0.99225331]
Active space overlap to last step, SVD = [0.99999998 0.99999992 0.99999991 0.99999954 0.99998681 0.99980201]
    CPU time for update eri      0.01 sec, wall time      0.01 sec
Start CASCI
    CPU time for integral transformation to CAS space      0.00 sec, wall time      0.00 sec
core energy = -66.4061811434441
    CPU time for effective h1e in CAS space      0.00 sec, wall time      0.00 sec
davidson 0 1  |r|= 0.000912  e= [-9.08543832]  max|de|= -9.09  lindep= 0.777
davidson 1 2  |r|= 0.000912  e= [-9.08544015]  max|de|= -1.83e-06  lindep= 0.742
davidson 2 3  |r|= 0.00079  e= [-9.08544208]  max|de|= -1.93e-06  lindep= 0.857
davidson 3 4  |r|= 0.000498  e= [-9.08544296]  max|de|= -8.77e-07  lindep= 0.826
davidson 4 5  |r|= 0.000174  e= [-9.08544316]  max|de|= -2.01e-07  lindep= 0.971
davidson 5 6  |r|= 6.14e-05  e= [-9.08544319]  max|de|= -2.76e-08  lindep= 0.946
root 0 converged  |r|= 2.6e-05  e= -9.085443192175704  max|de|= -3.99e-09
converged 6 7  |r|= 2.6e-05  e= [-9.08544319]  max|de|= -3.99e-09
    CPU time for FCI solver      0.06 sec, wall time      0.06 sec
CAS space CI energy = -9.0854431921757
macro iter 3 (10 JK  4 micro), CASSCF E = -75.4916243356198  dE = -2.0454137e-05  S^2 = 0.0000000
               |grad[o]|=0.000868  |grad[c]|= 0.0007223977893545802  |ddm|=0.00854
    CPU time for CASCI solver      0.07 sec, wall time      0.07 sec
    CPU time for macro iter 3      0.18 sec, wall time      0.18 sec
    |g|=0.000905
    CPU time for gen h_op      0.01 sec, wall time      0.01 sec
    imic 1(3)  |g[o]|=1.83e-05  |dxi|=0.00721  max(|x|)=0.00495  |dr|=0.00721  eig=-4.41e-06  seig=2.93e-05
    CPU time for orbital rotation      0.02 sec, wall time      0.02 sec
    CPU time for update CAS DM      0.01 sec, wall time      0.01 sec
micro 1  |u-1|=0.0102  |g[o]|=0.000905  |g[c]|=0.000953  |ddm|=0.00473
    CPU time for micro iter 1      0.00 sec, wall time      0.00 sec
Active space overlap to initial guess, SVD = [0.99999813 0.9999949  0.99997762 0.9993467  0.99767744 0.99135956]
Active space overlap to last step, SVD = [1.         0.99999999 0.99999998 0.99999997 0.99999855 0.99997551]
    CPU time for update eri      0.01 sec, wall time      0.01 sec
Start CASCI
    CPU time for integral transformation to CAS space      0.00 sec, wall time      0.00 sec
core energy = -66.408540270724
    CPU time for effective h1e in CAS space      0.00 sec, wall time      0.00 sec
davidson 0 1  |r|= 0.000858  e= [-9.08309295]  max|de|= -9.08  lindep= 0.866
davidson 1 2  |r|= 0.000384  e= [-9.08309356]  max|de|= -6.06e-07  lindep= 0.889
davidson 2 3  |r|= 0.00035  e= [-9.08309383]  max|de|= -2.68e-07  lindep= 0.859
davidson 3 4  |r|= 0.00025  e= [-9.08309401]  max|de|= -1.84e-07  lindep= 0.71
davidson 4 5  |r|= 0.000142  e= [-9.08309412]  max|de|= -1.04e-07  lindep= 0.894
davidson 5 6  |r|= 5.57e-05  e= [-9.08309414]  max|de|= -2.19e-08  lindep= 0.773
root 0 converged  |r|= 2.4e-05  e= -9.083094141323688  max|de|= -2.9e-09
converged 6 7  |r|= 2.4e-05  e= [-9.08309414]  max|de|= -2.9e-09
    CPU time for FCI solver      0.06 sec, wall time      0.06 sec
CAS space CI energy = -9.08309414132368
macro iter 4 (3 JK  1 micro), CASSCF E = -75.4916344120477  dE = -1.0076428e-05  S^2 = 0.0000000
               |grad[o]|=0.000905  |grad[c]|= 0.0009530681572632272  |ddm|=0.00473
    CPU time for CASCI solver      0.07 sec, wall time      0.07 sec
    CPU time for macro iter 4      0.11 sec, wall time      0.12 sec
    |g|=0.00116
    CPU time for gen h_op      0.01 sec, wall time      0.01 sec
    imic 1(3)  |g[o]|=1.79e-05  |dxi|=0.00911  max(|x|)=0.00618  |dr|=0.00911  eig=-7.44e-06  seig=4.53e-05
    CPU time for orbital rotation      0.02 sec, wall time      0.02 sec
    CPU time for update CAS DM      0.01 sec, wall time      0.01 sec
micro 1  |u-1|=0.0129  |g[o]|=0.00116  |g[c]|=0.00127  |ddm|=0.00664
    CPU time for micro iter 1      0.00 sec, wall time      0.00 sec
Active space overlap to initial guess, SVD = [0.99999802 0.99999521 0.99997865 0.99933991 0.99750366 0.99017493]
Active space overlap to last step, SVD = [1.         0.99999999 0.99999998 0.99999993 0.99999685 0.99996178]
    CPU time for update eri      0.01 sec, wall time      0.01 sec
Start CASCI
    CPU time for integral transformation to CAS space      0.00 sec, wall time      0.00 sec
core energy = -66.4111858570092
    CPU time for effective h1e in CAS space      0.00 sec, wall time      0.00 sec
davidson 0 1  |r|= 0.00126  e= [-9.080464]  max|de|= -9.08  lindep= 0.874
davidson 1 2  |r|= 0.000609  e= [-9.08046531]  max|de|= -1.32e-06  lindep= 0.865
davidson 2 3  |r|= 0.000581  e= [-9.08046599]  max|de|= -6.72e-07  lindep= 0.886
davidson 3 4  |r|= 0.000416  e= [-9.08046651]  max|de|= -5.27e-07  lindep= 0.683
davidson 4 5  |r|= 0.000224  e= [-9.08046678]  max|de|= -2.63e-07  lindep= 0.912
davidson 5 6  |r|= 8.93e-05  e= [-9.08046683]  max|de|= -5.21e-08  lindep= 0.787
root 0 converged  |r|= 3.45e-05  e= -9.080466835763424  max|de|= -7.56e-09
converged 6 7  |r|= 3.45e-05  e= [-9.08046684]  max|de|= -7.56e-09
    CPU time for FCI solver      0.06 sec, wall time      0.06 sec
CAS space CI energy = -9.08046683576342
macro iter 5 (3 JK  1 micro), CASSCF E = -75.4916526927726  dE = -1.8280725e-05  S^2 = 0.0000000
               |grad[o]|=0.00116  |grad[c]|= 0.0012702198952926874  |ddm|=0.00664
    CPU time for CASCI solver      0.07 sec, wall time      0.07 sec
    CPU time for macro iter 5      0.11 sec, wall time      0.11 sec
    |g|=0.00172
    CPU time for gen h_op      0.01 sec, wall time      0.01 sec
    imic 1(3)  |g[o]|=1.02e-05  |dxi|=0.0131  max(|x|)=0.00886  |dr|=0.0131  eig=-1.62e-05  seig=7.79e-05
    CPU time for orbital rotation      0.02 sec, wall time      0.02 sec
    CPU time for update CAS DM      0.01 sec, wall time      0.01 sec
micro 1  |u-1|=0.0186  |g[o]|=0.00172  |g[c]|=0.0019  |ddm|=0.0114
    CPU time for micro iter 1      0.00 sec, wall time      0.00 sec
Active space overlap to initial guess, SVD = [0.99999785 0.99999558 0.99998043 0.99932987 0.99722448 0.98834528]
Active space overlap to last step, SVD = [0.99999999 0.99999998 0.99999995 0.99999985 0.99999259 0.99992151]
    CPU time for update eri      0.01 sec, wall time      0.01 sec
Start CASCI
    CPU time for integral transformation to CAS space      0.00 sec, wall time      0.00 sec
core energy = -66.4144269261166
    CPU time for effective h1e in CAS space      0.00 sec, wall time      0.00 sec
davidson 0 1  |r|= 0.00206  e= [-9.07726192]  max|de|= -9.08  lindep= 0.882
davidson 1 2  |r|= 0.00102  e= [-9.07726554]  max|de|= -3.62e-06  lindep= 0.853
davidson 2 3  |r|= 0.000997  e= [-9.07726745]  max|de|= -1.91e-06  lindep= 0.907
davidson 3 4  |r|= 0.000745  e= [-9.07726907]  max|de|= -1.62e-06  lindep= 0.683
davidson 4 5  |r|= 0.000417  e= [-9.07726994]  max|de|= -8.65e-07  lindep= 0.926
davidson 5 6  |r|= 0.00017  e= [-9.07727012]  max|de|= -1.83e-07  lindep= 0.797
davidson 6 7  |r|= 6.46e-05  e= [-9.07727015]  max|de|= -2.76e-08  lindep= 0.861
root 0 converged  |r|= 2.65e-05  e= -9.077270152254071  max|de|= -3.65e-09
converged 7 8  |r|= 2.65e-05  e= [-9.07727015]  max|de|= -3.65e-09
    CPU time for FCI solver      0.07 sec, wall time      0.07 sec
CAS space CI energy = -9.07727015225407
macro iter 6 (3 JK  1 micro), CASSCF E = -75.4916970783706  dE = -4.4385598e-05  S^2 = 0.0000000
               |grad[o]|=0.00172  |grad[c]|= 0.0018987130987533957  |ddm|=0.0114
    CPU time for CASCI solver      0.08 sec, wall time      0.08 sec
    CPU time for macro iter 6      0.12 sec, wall time      0.12 sec
    |g|=0.00311
    CPU time for gen h_op      0.01 sec, wall time      0.01 sec
    imic 1(3)  |g[o]|=2.19e-05  |dxi|=0.0224  max(|x|)=0.015  |dr|=0.0224  eig=-5.09e-05  seig=0.00016
    CPU time for orbital rotation      0.02 sec, wall time      0.02 sec
    CPU time for update CAS DM      0.01 sec, wall time      0.01 sec
micro 1  |u-1|=0.0317  |g[o]|=0.00311  |g[c]|=0.00342  |ddm|=0.026
    CPU time for micro iter 1      0.00 sec, wall time      0.00 sec
Active space overlap to initial guess, SVD = [0.99999752 0.9999961  0.99998385 0.99931064 0.99667343 0.98489183]
Active space overlap to last step, SVD = [0.99999998 0.99999992 0.99999984 0.99999959 0.99997497 0.99977475]
    CPU time for update eri      0.01 sec, wall time      0.01 sec
Start CASCI
    CPU time for integral transformation to CAS space      0.00 sec, wall time      0.00 sec
core energy = -66.4184191401924
    CPU time for effective h1e in CAS space      0.00 sec, wall time      0.00 sec
davidson 0 1  |r|= 0.00428  e= [-9.07340723]  max|de|= -9.07  lindep= 0.909
davidson 1 2  |r|= 0.00229  e= [-9.07342412]  max|de|= -1.69e-05  lindep= 0.827
davidson 2 3  |r|= 0.00234  e= [-9.07343394]  max|de|= -9.82e-06  lindep= 0.945
davidson 3 4  |r|= 0.00185  e= [-9.07344365]  max|de|= -9.71e-06  lindep= 0.677
davidson 4 5  |r|= 0.00113  e= [-9.07344917]  max|de|= -5.52e-06  lindep= 0.952
davidson 5 6  |r|= 0.000475  e= [-9.07345057]  max|de|= -1.4e-06  lindep= 0.825
davidson 6 7  |r|= 0.000171  e= [-9.07345078]  max|de|= -2.15e-07  lindep= 0.86
davidson 7 8  |r|= 6.6e-05  e= [-9.07345081]  max|de|= -2.55e-08  lindep= 0.851
root 0 converged  |r|= 4.03e-05  e= -9.073450813931192  max|de|= -5.51e-09
converged 8 9  |r|= 4.03e-05  e= [-9.07345081]  max|de|= -5.51e-09
    CPU time for FCI solver      0.07 sec, wall time      0.07 sec
CAS space CI energy = -9.07345081393119
macro iter 7 (3 JK  1 micro), CASSCF E = -75.4918699541236  dE = -0.00017287575  S^2 = 0.0000000
               |grad[o]|=0.00311  |grad[c]|= 0.003418367404251347  |ddm|=0.026
    CPU time for CASCI solver      0.08 sec, wall time      0.08 sec
    CPU time for macro iter 7      0.12 sec, wall time      0.12 sec
    |g|=0.00816
    CPU time for gen h_op      0.01 sec, wall time      0.01 sec
    imic 1(3)  |g[o]|=0.00325  |dxi|=0.0304  max(|x|)=0.0333  |dr|=0.0304  eig=-0.00031  seig=0.000457
    imic 2(4)  |g[o]|=2.32e-05  |dxi|=0.0204  max(|x|)=0.0134  |dr|=0.0508  eig=-5.02e-05  seig=0.000441
    CPU time for orbital rotation      0.02 sec, wall time      0.02 sec
    CPU time for update CAS DM      0.01 sec, wall time      0.01 sec
micro 1  |u-1|=0.0718  |g[o]|=0.00816  |g[c]|=0.00849  |ddm|=0.122
    CPU time for micro iter 1      0.00 sec, wall time      0.00 sec
Active space overlap to initial guess, SVD = [0.99999665 0.99999641 0.99999373 0.99925525 0.99504217 0.97560275]
Active space overlap to last step, SVD = [0.99999985 0.99999952 0.99999875 0.99999671 0.99983496 0.99888159]
    CPU time for update eri      0.01 sec, wall time      0.01 sec
Start CASCI
    CPU time for integral transformation to CAS space      0.00 sec, wall time      0.00 sec
core energy = -66.4204840017034
    CPU time for effective h1e in CAS space      0.00 sec, wall time      0.00 sec
davidson 0 1  |r|= 0.0151  e= [-9.07251306]  max|de|= -9.07  lindep= 0.999
davidson 1 2  |r|= 0.01  e= [-9.07276026]  max|de|= -0.000247  lindep= 0.738
davidson 2 3  |r|= 0.0113  e= [-9.07296165]  max|de|= -0.000201  lindep= 0.986
davidson 3 4  |r|= 0.00945  e= [-9.073212]  max|de|= -0.00025  lindep= 0.66
davidson 4 5  |r|= 0.00695  e= [-9.07337696]  max|de|= -0.000165  lindep= 0.969
davidson 5 6  |r|= 0.00308  e= [-9.07343392]  max|de|= -5.7e-05  lindep= 0.845
davidson 6 7  |r|= 0.00101  e= [-9.07344298]  max|de|= -9.06e-06  lindep= 0.902
davidson 7 8  |r|= 0.000316  e= [-9.07344379]  max|de|= -8.15e-07  lindep= 0.908
davidson 8 9  |r|= 0.000166  e= [-9.07344391]  max|de|= -1.18e-07  lindep= 0.875
davidson 9 10  |r|= 0.000121  e= [-9.07344395]  max|de|= -4.01e-08  lindep= 0.749
davidson 10 11  |r|= 3.67e-05  e= [-9.07344397]  max|de|= -1.66e-08  lindep= 0.956
root 0 converged  |r|= 1.32e-05  e= -9.073443969212937  max|de|= -1.74e-09
converged 11 12  |r|= 1.32e-05  e= [-9.07344397]  max|de|= -1.74e-09
    CPU time for FCI solver      0.09 sec, wall time      0.09 sec
CAS space CI energy = -9.07344396921293
macro iter 8 (4 JK  1 micro), CASSCF E = -75.4939279709163  dE = -0.0020580168  S^2 = 0.0000000
               |grad[o]|=0.00816  |grad[c]|= 0.008487899813371442  |ddm|=0.122
    CPU time for CASCI solver      0.10 sec, wall time      0.10 sec
    CPU time for macro iter 8      0.14 sec, wall time      0.14 sec
    |g|=0.065
    CPU time for gen h_op      0.01 sec, wall time      0.01 sec
    imic 1(3)  |g[o]|=0.0525  |dxi|=0.0326  max(|x|)=0.105  |dr|=0.0326  eig=-0.00885  seig=0.000368
    imic 2(4)  |g[o]|=0.0406  |dxi|=0.0328  max(|x|)=0.0871  |dr|=0.0654  eig=-0.00596  seig=0.000365
    imic 3(5)  |g[o]|=0.0288  |dxi|=0.0328  max(|x|)=0.0681  |dr|=0.0981  eig=-0.00361  seig=0.000362
    imic 4(6)  |g[o]|=0.0171  |dxi|=0.0327  max(|x|)=0.049  |dr|=0.131  eig=-0.00183  seig=0.00035
    CPU time for aug_hess in 4 inner iters      0.02 sec, wall time      0.02 sec
    CPU time for orbital rotation      0.03 sec, wall time      0.03 sec
<ci1|ci0>=-0.824 |g|=0.0317, ci1 out of trust region
    CPU time for update CAS DM      0.01 sec, wall time      0.01 sec
micro 1  |u-1|=0.185  |g[o]|=0.065  |g[c]|=0.0317  |ddm|=0.0557
    CPU time for micro iter 1      0.00 sec, wall time      0.00 sec
    |g|=0.0146 (keyframe), |g-correction|=0.012
    CPU time for gen h_op      0.01 sec, wall time      0.01 sec
    imic 5(7)  |g[o]|=0.00877  |dxi|=0.0314  max(|x|)=0.0272  |dr|=0.0314  eig=-0.000455  seig=0.000346
    imic 6(8)  |g[o]|=0.00188  |dxi|=0.0125  max(|x|)=0.00761  |dr|=0.0432  eig=-6.14e-05  seig=0.000342
    CPU time for aug_hess in 6 inner iters      0.01 sec, wall time      0.01 sec
    CPU time for orbital rotation      0.01 sec, wall time      0.01 sec
    CPU time for update CAS DM      0.01 sec, wall time      0.01 sec
micro 2  |u-1|=0.245  |g[o]|=0.0146  |g[c]|=0.041  |ddm|=0.921
    CPU time for micro iter 2      0.00 sec, wall time      0.00 sec
    |g|=0.124 (keyframe), |g-correction|=0.124
    Keyframe |g|=0.124  |g_last| =0.00188 out of trust region
    CPU time for orbital rotation      0.01 sec, wall time      0.01 sec
    CPU time for update CAS DM      0.01 sec, wall time      0.01 sec
micro 3  |u-1|=0.237  |g[o]|=0.124  |g[c]|=0.0835  |ddm|= 1.02
    CPU time for micro iter 3      0.00 sec, wall time      0.00 sec
Active space overlap to initial guess, SVD = [0.99998266 0.99998238 0.99966026 0.99872752 0.98535188 0.93297394]
Active space overlap to last step, SVD = [0.99999263 0.9999879  0.99992146 0.9995623  0.99727421 0.98923065]
    CPU time for update eri      0.01 sec, wall time      0.01 sec
Start CASCI
    CPU time for integral transformation to CAS space      0.00 sec, wall time      0.00 sec
core energy = -66.3654296289524
    CPU time for effective h1e in CAS space      0.00 sec, wall time      0.00 sec
davidson 0 1  |r|= 0.0437  e= [-9.17020007]  max|de|= -9.17  lindep= 0.794
davidson 1 2  |r|= 0.0618  e= [-9.17870657]  max|de|= -0.00851  lindep= 0.992
davidson 2 3  |r|= 0.0373  e= [-9.18553205]  max|de|= -0.00683  lindep= 0.944
davidson 3 4  |r|= 0.021  e= [-9.18705691]  max|de|= -0.00152  lindep= 0.973
davidson 4 5  |r|= 0.0101  e= [-9.18753096]  max|de|= -0.000474  lindep= 0.949
davidson 5 6  |r|= 0.00328  e= [-9.18762528]  max|de|= -9.43e-05  lindep= 0.964
davidson 6 7  |r|= 0.00145  e= [-9.18763664]  max|de|= -1.14e-05  lindep= 0.99
davidson 7 8  |r|= 0.000762  e= [-9.18763939]  max|de|= -2.76e-06  lindep= 0.898
davidson 8 9  |r|= 0.000409  e= [-9.18764005]  max|de|= -6.59e-07  lindep= 0.943
davidson 9 10  |r|= 0.000256  e= [-9.18764026]  max|de|= -2.11e-07  lindep= 0.953
davidson 10 11  |r|= 7.02e-05  e= [-9.18764033]  max|de|= -6.6e-08  lindep= 0.964
root 0 converged  |r|= 2.31e-05  e= -9.187640333764342  max|de|= -4.87e-09
converged 11 12  |r|= 2.31e-05  e= [-9.18764033]  max|de|= -4.87e-09
    CPU time for FCI solver      0.09 sec, wall time      0.09 sec
CAS space CI energy = -9.18764033376434
macro iter 9 (10 JK  3 micro), CASSCF E = -75.5530699627167  dE = -0.059141992  S^2 = 0.0000000
               |grad[o]|=0.065  |grad[c]|= 0.08350029328682312  |ddm|= 1.02
    CPU time for CASCI solver      0.09 sec, wall time      0.09 sec
    CPU time for macro iter 9      0.19 sec, wall time      0.19 sec
    |g|=0.257
    CPU time for gen h_op      0.01 sec, wall time      0.01 sec
    imic 1(3)  |g[o]|=0.162  |dxi|=0.0573  max(|x|)=0.0548  |dr|=0.0573  eig=-0.0331  seig=0.000153
    imic 2(4)  |g[o]|=0.102  |dxi|=0.0462  max(|x|)=0.0546  |dr|=0.102  eig=-0.0153  seig=0.000151
    imic 3(5)  |g[o]|=0.0538  |dxi|=0.0443  max(|x|)=0.0413  |dr|=0.145  eig=-0.00671  seig=0.000151
    CPU time for aug_hess in 3 inner iters      0.02 sec, wall time      0.02 sec
    CPU time for orbital rotation      0.03 sec, wall time      0.03 sec
    CPU time for update CAS DM      0.01 sec, wall time      0.01 sec
micro 1  |u-1|=0.205  |g[o]|=0.257  |g[c]|=0.0404  |ddm|=0.0918
    CPU time for micro iter 1      0.00 sec, wall time      0.00 sec
    |g|=0.0674 (keyframe), |g-correction|=0.0172
    CPU time for gen h_op      0.01 sec, wall time      0.01 sec
    imic 4(6)  |g[o]|=0.0225  |dxi|=0.0502  max(|x|)=0.0279  |dr|=0.0502  eig=-0.00327  seig=0.000151
    imic 5(7)  |g[o]|=0.0125  |dxi|=0.0285  max(|x|)=0.0131  |dr|=0.0763  eig=-0.000394  seig=0.000151
    CPU time for aug_hess in 5 inner iters      0.01 sec, wall time      0.01 sec
    CPU time for orbital rotation      0.01 sec, wall time      0.01 sec
    CPU time for update CAS DM      0.01 sec, wall time      0.01 sec
micro 2  |u-1|=0.304  |g[o]|=0.0674  |g[c]|=0.0377  |ddm|=0.123
    CPU time for micro iter 2      0.00 sec, wall time      0.00 sec
    |g|=0.0151 (keyframe), |g-correction|=0.00828
    CPU time for gen h_op      0.01 sec, wall time      0.01 sec
    imic 6(8)  |g[o]|=0.00449  |dxi|=0.0235  max(|x|)=0.0126  |dr|=0.0235  eig=-0.000174  seig=0.000143
    CPU time for aug_hess in 6 inner iters      0.00 sec, wall time      0.00 sec
    CPU time for orbital rotation      0.01 sec, wall time      0.01 sec
    CPU time for update CAS DM      0.01 sec, wall time      0.01 sec
micro 3  |u-1|=0.327  |g[o]|=0.0151  |g[c]|=0.0358  |ddm|=0.123
    CPU time for micro iter 3      0.00 sec, wall time      0.00 sec
    |g|=0.0051 (keyframe), |g-correction|=0.00194
    CPU time for gen h_op      0.01 sec, wall time      0.01 sec
    imic 7(9)  |g[o]|=0.00401  |dxi|=0.00801  max(|x|)=0.00454  |dr|=0.00801  eig=-2.46e-05  seig=0.000131
    imic 8(10)  |g[o]|=0.00243  |dxi|=0.00403  max(|x|)=0.00193  |dr|=0.0109  eig=-9.01e-06  seig=0.000125
    imic 9(11)  |g[o]|=0.00108  |dxi|=0.00203  max(|x|)=0.000875  |dr|=0.0119  eig=-2.79e-06  seig=0.000124
    CPU time for aug_hess in 9 inner iters      0.01 sec, wall time      0.01 sec
    CPU time for orbital rotation      0.02 sec, wall time      0.02 sec
micro 4  |u-1|=0.332  |g[o]|=0.0051
Active space overlap to initial guess, SVD = [0.99924248 0.99896877 0.99571505 0.98758057 0.96813837 0.89208461]
Active space overlap to last step, SVD = [0.99945559 0.99916417 0.99909795 0.99643024 0.99094174 0.98765643]
    CPU time for update eri      0.01 sec, wall time      0.01 sec
Start CASCI
    CPU time for integral transformation to CAS space      0.00 sec, wall time      0.00 sec
core energy = -66.2731769504332
    CPU time for effective h1e in CAS space      0.00 sec, wall time      0.00 sec
davidson 0 1  |r|= 0.00391  e= [-9.32005181]  max|de|= -9.32  lindep= 0.978
davidson 1 2  |r|= 0.00217  e= [-9.32007577]  max|de|= -2.4e-05  lindep= 0.986
davidson 2 3  |r|= 0.000913  e= [-9.3200802]  max|de|= -4.43e-06  lindep= 0.926
davidson 3 4  |r|= 0.000454  e= [-9.32008097]  max|de|= -7.69e-07  lindep= 0.984
davidson 4 5  |r|= 0.000243  e= [-9.32008122]  max|de|= -2.54e-07  lindep= 0.992
davidson 5 6  |r|= 9.29e-05  e= [-9.32008127]  max|de|= -5.23e-08  lindep= 0.995
davidson 6 7  |r|= 4.82e-05  e= [-9.32008128]  max|de|= -1.21e-08  lindep= 0.931
root 0 converged  |r|= 2.19e-05  e= -9.320081288109458  max|de|= -4.29e-09
converged 7 8  |r|= 2.19e-05  e= [-9.32008129]  max|de|= -4.29e-09
    CPU time for FCI solver      0.07 sec, wall time      0.07 sec
CAS space CI energy = -9.32008128810946
macro iter 10 (14 JK  4 micro), CASSCF E = -75.5932582385427  dE = -0.040188276  S^2 = 0.0000000
               |grad[o]|=0.257  |grad[c]|= 0.03580623298396304  |ddm|=0.123
    CPU time for CASCI solver      0.08 sec, wall time      0.08 sec
    CPU time for macro iter 10      0.19 sec, wall time      0.19 sec
    |g|=0.00614
    CPU time for gen h_op      0.01 sec, wall time      0.01 sec
    imic 1(3)  |g[o]|=0.00126  |dxi|=0.00438  max(|x|)=0.00227  |dr|=0.00438  eig=-1.94e-05  seig=4.08e-06
    CPU time for aug_hess in 1 inner iters      0.01 sec, wall time      0.01 sec
    CPU time for orbital rotation      0.02 sec, wall time      0.02 sec
    CPU time for update CAS DM      0.01 sec, wall time      0.01 sec
micro 1  |u-1|=0.0062  |g[o]|=0.00614  |g[c]|=0.000421  |ddm|=0.00113
    CPU time for micro iter 1      0.00 sec, wall time      0.00 sec
    |g|=0.0013 (keyframe), |g-correction|=0.000224
    CPU time for gen h_op      0.01 sec, wall time      0.01 sec
    imic 2(4)  |g[o]|=0.000715  |dxi|=0.000926  max(|x|)=0.000302  |dr|=0.000926  eig=-7.57e-07  seig=3.97e-06
    imic 3(5)  |g[o]|=0.000332  |dxi|=0.000838  max(|x|)=0.000449  |dr|=0.00153  eig=-3.63e-07  seig=3.9e-06
    CPU time for aug_hess in 3 inner iters      0.01 sec, wall time      0.01 sec
    CPU time for orbital rotation      0.01 sec, wall time      0.01 sec
    CPU time for update CAS DM      0.01 sec, wall time      0.01 sec
micro 2  |u-1|=0.00712  |g[o]|=0.0013  |g[c]|=0.000222  |ddm|=0.00189
    CPU time for micro iter 2      0.00 sec, wall time      0.00 sec
    |g|=0.000318 (keyframe), |g-correction|=0.000152
    CPU time for gen h_op      0.01 sec, wall time      0.01 sec
    imic 4(6)  |g[o]|=0.000125  |dxi|=0.000396  max(|x|)=0.000181  |dr|=0.000396  eig=-6.35e-08  seig=3.88e-06
    imic 5(7)  |g[o]|=7.07e-05  |dxi|=0.000102  max(|x|)=6.79e-05  |dr|=0.000443  eig=-7.58e-09  seig=3.87e-06
    CPU time for aug_hess in 5 inner iters      0.01 sec, wall time      0.01 sec
    CPU time for orbital rotation      0.01 sec, wall time      0.01 sec
    CPU time for update CAS DM      0.01 sec, wall time      0.01 sec
micro 3  |u-1|=0.00738  |g[o]|=0.000318  |g[c]|=6.3e-05  |ddm|=0.00206
    CPU time for micro iter 3      0.00 sec, wall time      0.00 sec
    |g|=7.89e-05 (keyframe), |g-correction|=3.3e-05
    CPU time for gen h_op      0.01 sec, wall time      0.01 sec
    imic 6(8)  |g[o]|=5.82e-05  |dxi|=7.79e-05  max(|x|)=4.03e-05  |dr|=7.79e-05  eig=-3.43e-09  seig=3.6e-06
    imic 7(9)  |g[o]|=4.16e-05  |dxi|=6.38e-05  max(|x|)=2.41e-05  |dr|=0.000125  eig=-2.43e-09  seig=3.54e-06
    imic 8(10)  |g[o]|=2.98e-05  |dxi|=5.18e-05  max(|x|)=2.48e-05  |dr|=0.000159  eig=-1.14e-09  seig=3.5e-06
    imic 9(11)  |g[o]|=2.27e-05  |dxi|=3.46e-05  max(|x|)=1.67e-05  |dr|=0.000174  eig=-5.14e-10  seig=3.27e-06
    CPU time for orbital rotation      0.02 sec, wall time      0.02 sec
micro 4  |u-1|=0.00746  |g[o]|=7.89e-05
Active space overlap to initial guess, SVD = [0.99923328 0.99898111 0.99562933 0.98751229 0.96810407 0.89146682]
Active space overlap to last step, SVD = [0.99999924 0.99999919 0.99999866 0.99999837 0.99999557 0.99999512]
    CPU time for update eri      0.01 sec, wall time      0.01 sec
Start CASCI
    CPU time for integral transformation to CAS space      0.00 sec, wall time      0.00 sec
core energy = -66.2729668802569
    CPU time for effective h1e in CAS space      0.00 sec, wall time      0.00 sec
davidson 0 1  |r|= 2.12e-05  e= [-9.32031233]  max|de|= -9.32  lindep= 0.979
root 0 converged  |r|= 1.16e-05  e= -9.320312330303251  max|de|= -6.56e-10
converged 1 2  |r|= 1.16e-05  e= [-9.32031233]  max|de|= -6.56e-10
    CPU time for FCI solver      0.05 sec, wall time      0.05 sec
CAS space CI energy = -9.32031233030325
macro iter 11 (14 JK  4 micro), CASSCF E = -75.5932792105601  dE = -2.0972017e-05  S^2 = 0.0000000
               |grad[o]|=0.00614  |grad[c]|= 6.30406672371841e-05  |ddm|=0.00206
    CPU time for CASCI solver      0.06 sec, wall time      0.06 sec
    CPU time for macro iter 11      0.17 sec, wall time      0.17 sec
    |g|=2.48e-05
    CPU time for gen h_op      0.01 sec, wall time      0.01 sec
    CPU time for orbital rotation      0.01 sec, wall time      0.01 sec
    CPU time for update CAS DM      0.01 sec, wall time      0.01 sec
micro 1  |u-1|=    0  |g[o]|=2.48e-05  |g[c]|=1.16e-05  |ddm|=1.77e-05
    CPU time for micro iter 1      0.00 sec, wall time      0.00 sec
Active space overlap to initial guess, SVD = [0.99923328 0.99898111 0.99562933 0.98751229 0.96810407 0.89146682]
Active space overlap to last step, SVD = [1. 1. 1. 1. 1. 1.]
    CPU time for update eri      0.01 sec, wall time      0.01 sec
Start CASCI
    CPU time for integral transformation to CAS space      0.00 sec, wall time      0.00 sec
core energy = -66.2729668802569
    CPU time for effective h1e in CAS space      0.00 sec, wall time      0.00 sec
davidson 0 1  |r|= 2.09e-06  e= [-9.32031233]  max|de|= -9.32  lindep=    1
Linear dependency in trial subspace. |r| for each state [2.0902751390144265e-06]
    CPU time for FCI solver      0.05 sec, wall time      0.05 sec
CAS space CI energy = -9.32031233046531
macro iter 12 (1 JK  1 micro), CASSCF E = -75.5932792107222  dE = -1.6206059e-10  S^2 = 0.0000000
               |grad[o]|=2.48e-05  |grad[c]|= 1.1641182494970891e-05  |ddm|=1.77e-05
    CPU time for CASCI solver      0.06 sec, wall time      0.06 sec
    CPU time for macro iter 12      0.09 sec, wall time      0.09 sec
1-step CASSCF converged in 12 macro (87 JK 29 micro) steps
CASSCF canonicalization
where_natorb [0, 2, 3, 1, 4, 5]
Natural occ [1.88621369 1.88621133 1.64940826 0.35505034 0.1115591  0.11155728]
Natural orbital (expansion on meta-Lowdin AOs) in CAS space
               #1        #2        #3        #4        #5       
 0 C1 1s      -0.00000   0.00000  -0.00291   0.00136   0.00000
 0 C1 2s      -0.00000   0.00000  -0.51835   0.38153  -0.00000
 0 C1 3s      -0.00000   0.00000  -0.01007   0.00617   0.00000
 0 C1 2px     -0.47601   0.52190   0.00000  -0.00000  -0.52168
 0 C1 2py      0.52190   0.47601   0.00000  -0.00000  -0.47584
 0 C1 2pz      0.00000  -0.00000   0.48081  -0.59348   0.00000
 0 C1 3px      0.00595  -0.00653  -0.00000  -0.00000   0.00599
 0 C1 3py     -0.00653  -0.00595  -0.00000  -0.00000   0.00547
 0 C1 3pz     -0.00000   0.00000   0.00456   0.04348  -0.00000
 0 C1 3dxy    -0.00000   0.00000   0.00000   0.00001  -0.00000
 0 C1 3dyz     0.02287   0.02086   0.00000   0.00000   0.02486
 0 C1 3dz^2    0.00000   0.00000   0.00011  -0.01703  -0.00000
 0 C1 3dxz    -0.02086   0.02287   0.00000   0.00000   0.02725
0 C1 3dx2-y2   0.00000   0.00000   0.00000   0.00000  -0.00000
 1 C2 1s      -0.00000  -0.00000   0.00291   0.00136   0.00000
 1 C2 2s      -0.00000  -0.00000   0.51835   0.38153  -0.00000
 1 C2 3s      -0.00000  -0.00000   0.01007   0.00617   0.00000
 1 C2 2px     -0.47601   0.52190   0.00000   0.00000   0.52168
 1 C2 2py      0.52190   0.47601   0.00000   0.00000   0.47584
 1 C2 2pz     -0.00000  -0.00000   0.48081   0.59348  -0.00000
 1 C2 3px      0.00595  -0.00653  -0.00000   0.00000  -0.00599
 1 C2 3py     -0.00653  -0.00595  -0.00000   0.00000  -0.00547
 1 C2 3pz      0.00000   0.00000   0.00456  -0.04348   0.00000
 1 C2 3dxy     0.00000  -0.00000  -0.00000   0.00001  -0.00000
 1 C2 3dyz    -0.02287  -0.02086  -0.00000   0.00000   0.02486
 1 C2 3dz^2    0.00000   0.00000  -0.00011  -0.01703  -0.00000
 1 C2 3dxz     0.02086  -0.02287  -0.00000   0.00000   0.02725
1 C2 3dx2-y2  -0.00000  -0.00000  -0.00000   0.00000  -0.00000
               #6       
 0 C1 1s      -0.00000
 0 C1 2s       0.00000
 0 C1 3s      -0.00000
 0 C1 2px      0.47584
 0 C1 2py     -0.52168
 0 C1 2pz     -0.00000
 0 C1 3px     -0.00547
 0 C1 3py      0.00600
 0 C1 3pz      0.00000
 0 C1 3dxy    -0.00000
 0 C1 3dyz     0.02725
 0 C1 3dz^2    0.00000
 0 C1 3dxz    -0.02485
0 C1 3dx2-y2   0.00000
 1 C2 1s       0.00000
 1 C2 2s      -0.00000
 1 C2 3s       0.00000
 1 C2 2px     -0.47584
 1 C2 2py      0.52168
 1 C2 2pz     -0.00000
 1 C2 3px      0.00547
 1 C2 3py     -0.00600
 1 C2 3pz      0.00000
 1 C2 3dxy    -0.00000
 1 C2 3dyz     0.02725
 1 C2 3dz^2    0.00000
 1 C2 3dxz    -0.02485
1 C2 3dx2-y2   0.00000
<CAS-nat-orb|mo-hf>  4  4    0.99923328
<CAS-nat-orb|mo-hf>  5  7    0.68455667
<CAS-nat-orb|mo-hf>  5  8    0.68454924
<CAS-nat-orb|mo-hf>  6  5    0.70638625
<CAS-nat-orb|mo-hf>  6  6   -0.70638638
<CAS-nat-orb|mo-hf>  7  3   -0.43103750
<CAS-nat-orb|mo-hf>  7  5    0.63036210
<CAS-nat-orb|mo-hf>  7  6    0.63036237
<CAS-nat-orb|mo-hf>  8  7   -0.69827345
<CAS-nat-orb|mo-hf>  8  8    0.69827982
<CAS-nat-orb|mo-hf>  9  9    0.99562933
i = 1  <i|F|i> = -11.29252280
i = 2  <i|F|i> = -11.28993961
i = 3  <i|F|i> =  -1.02209658
i = 4  <i|F|i> =  -0.40535520
i = 5  <i|F|i> =  -0.40535474
i = 6  <i|F|i> =  -0.43283047
i = 7  <i|F|i> =  -0.11607314
i = 8  <i|F|i> =   0.24802726
i = 9  <i|F|i> =   0.24803184
i = 10  <i|F|i> =   0.40859524
i = 11  <i|F|i> =   0.59407520
i = 12  <i|F|i> =   0.64732009
i = 13  <i|F|i> =   0.64732016
i = 14  <i|F|i> =   0.71305152
i = 15  <i|F|i> =   0.71305556
i = 16  <i|F|i> =   0.72944638
i = 17  <i|F|i> =   0.94993057
i = 18  <i|F|i> =   1.23743906
i = 19  <i|F|i> =   1.23743910
i = 20  <i|F|i> =   1.27928357
i = 21  <i|F|i> =   1.39243843
i = 22  <i|F|i> =   1.39243870
i = 23  <i|F|i> =   1.64662159
i = 24  <i|F|i> =   1.64662159
i = 25  <i|F|i> =   2.06153322
i = 26  <i|F|i> =   2.12460931
i = 27  <i|F|i> =   2.12460934
i = 28  <i|F|i> =   2.45182020
    CPU time for 1-step CASSCF      1.93 sec, wall time      2.40 sec
CASSCF energy = -75.5932792107222
CASCI E = -75.5932792107222  E(CI) = -9.32031233046531  S^2 = 0.0000000
